CRITICAL - 2022-07-05 17:56:58 --> The framework needs the following extension(s) installed and loaded: intl, mbstring.
in SYSTEMPATH/CodeIgniter.php on line 231.
 1 SYSTEMPATH/CodeIgniter.php(231): CodeIgniter\Exceptions\FrameworkException::forMissingExtension()
 2 SYSTEMPATH/CodeIgniter.php(189): CodeIgniter\CodeIgniter->resolvePlatformExtensions()
 3 ROOTPATH/spark(71): CodeIgniter\CodeIgniter->initialize()
CRITICAL - 2022-07-05 17:56:58 --> Uncaught Error: Call to undefined function CodeIgniter\CLI\mb_strpos() in /opt/lampp/htdocs/gudang/system/CLI/CLI.php:776
Stack trace:
#0 /opt/lampp/htdocs/gudang/system/CLI/CLI.php(161): CodeIgniter\CLI\CLI::parseCommandLine()
#1 /opt/lampp/htdocs/gudang/system/CLI/CLI.php(1018): CodeIgniter\CLI\CLI::init()
#2 /opt/lampp/htdocs/gudang/system/Autoloader/Autoloader.php(284): include_once('/opt/lampp/htdo...')
#3 /opt/lampp/htdocs/gudang/system/Autoloader/Autoloader.php(261): CodeIgniter\Autoloader\Autoloader->includeFile()
#4 /opt/lampp/htdocs/gudang/system/Autoloader/Autoloader.php(239): CodeIgniter\Autoloader\Autoloader->loadInNamespace()
#5 [internal function]: CodeIgniter\Autoloader\Autoloader->loadClass()
#6 /opt/lampp/htdocs/gudang/app/Views/errors/cli/error_exception.php(6): spl_autoload_call()
#7 /opt/lampp/htdocs/gudang/app/Views/errors/cli/production.php(5): include('/opt/lampp/htdo...')
#8 /opt/lampp/htdocs/gudang/system/Debug/Exceptions.php(239): include('/opt/lampp/htdo...')
#9 /opt/lampp/htdocs/g
in SYSTEMPATH/CLI/CLI.php on line 776.
 1 [internal function]: CodeIgniter\Debug\Exceptions->shutdownHandler()
CRITICAL - 2022-07-05 06:05:48 --> syntax error, unexpected '}', expecting ';'
in APPPATH/Controllers/Home.php on line 10.
 1 SYSTEMPATH/Autoloader/Autoloader.php(261): CodeIgniter\Autoloader\Autoloader->includeFile()
 2 SYSTEMPATH/Autoloader/Autoloader.php(239): CodeIgniter\Autoloader\Autoloader->loadInNamespace()
 3 [internal function]: CodeIgniter\Autoloader\Autoloader->loadClass()
 4 [internal function]: spl_autoload_call()
 5 SYSTEMPATH/CodeIgniter.php(846): class_exists()
 6 SYSTEMPATH/CodeIgniter.php(453): CodeIgniter\CodeIgniter->startController()
 7 SYSTEMPATH/CodeIgniter.php(349): CodeIgniter\CodeIgniter->handleRequest()
 8 FCPATH/index.php(55): CodeIgniter\CodeIgniter->run()
 9 SYSTEMPATH/Commands/Server/rewrite.php(43): require_once('FCPATH/index.php')
CRITICAL - 2022-07-05 09:21:51 --> Call to undefined method CodeIgniter\View\View::extends()
in APPPATH/Views/welcome_message.php on line 1.
 1 SYSTEMPATH/View/View.php(213): include()
 2 SYSTEMPATH/View/View.php(216): CodeIgniter\View\View->CodeIgniter\View\{closure}()
 3 SYSTEMPATH/Common.php(1135): CodeIgniter\View\View->render()
 4 APPPATH/Controllers/Home.php(9): view()
 5 SYSTEMPATH/CodeIgniter.php(896): App\Controllers\Home->index()
 6 SYSTEMPATH/CodeIgniter.php(466): CodeIgniter\CodeIgniter->runController()
 7 SYSTEMPATH/CodeIgniter.php(349): CodeIgniter\CodeIgniter->handleRequest()
 8 FCPATH/index.php(55): CodeIgniter\CodeIgniter->run()
 9 SYSTEMPATH/Commands/Server/rewrite.php(43): require_once('FCPATH/index.php')
CRITICAL - 2022-07-05 09:28:16 --> Invalid file: layout/navbar.php
in SYSTEMPATH/Exceptions/FrameworkException.php on line 33.
 1 SYSTEMPATH/View/View.php(201): CodeIgniter\Exceptions\FrameworkException::forInvalidFile()
 2 SYSTEMPATH/View/View.php(429): CodeIgniter\View\View->render()
 3 APPPATH/Views/layout/page_layout.php(35): CodeIgniter\View\View->include()
 4 SYSTEMPATH/View/View.php(213): include('APPPATH/Views/layout/page_layout.php')
 5 SYSTEMPATH/View/View.php(216): CodeIgniter\View\View->CodeIgniter\View\{closure}()
 6 SYSTEMPATH/View/View.php(229): CodeIgniter\View\View->render()
 7 SYSTEMPATH/Common.php(1135): CodeIgniter\View\View->render()
 8 APPPATH/Controllers/Home.php(9): view()
 9 SYSTEMPATH/CodeIgniter.php(896): App\Controllers\Home->index()
10 SYSTEMPATH/CodeIgniter.php(466): CodeIgniter\CodeIgniter->runController()
11 SYSTEMPATH/CodeIgniter.php(349): CodeIgniter\CodeIgniter->handleRequest()
12 FCPATH/index.php(55): CodeIgniter\CodeIgniter->run()
13 SYSTEMPATH/Commands/Server/rewrite.php(43): require_once('FCPATH/index.php')
CRITICAL - 2022-07-05 09:44:49 --> Undefined property: CodeIgniter\View\View::$request
in APPPATH/Views/layout/page_layout.php on line 41.
 1 APPPATH/Views/layout/page_layout.php(41): CodeIgniter\Debug\Exceptions->errorHandler()
 2 SYSTEMPATH/View/View.php(213): include('APPPATH/Views/layout/page_layout.php')
 3 SYSTEMPATH/View/View.php(216): CodeIgniter\View\View->CodeIgniter\View\{closure}()
 4 SYSTEMPATH/View/View.php(229): CodeIgniter\View\View->render()
 5 SYSTEMPATH/Common.php(1135): CodeIgniter\View\View->render()
 6 APPPATH/Controllers/Home.php(9): view()
 7 SYSTEMPATH/CodeIgniter.php(896): App\Controllers\Home->index()
 8 SYSTEMPATH/CodeIgniter.php(466): CodeIgniter\CodeIgniter->runController()
 9 SYSTEMPATH/CodeIgniter.php(349): CodeIgniter\CodeIgniter->handleRequest()
10 FCPATH/index.php(55): CodeIgniter\CodeIgniter->run()
11 SYSTEMPATH/Commands/Server/rewrite.php(43): require_once('FCPATH/index.php')
CRITICAL - 2022-07-05 09:46:59 --> Undefined variable: uri
in APPPATH/Views/layout/page_layout.php on line 41.
 1 APPPATH/Views/layout/page_layout.php(41): CodeIgniter\Debug\Exceptions->errorHandler()
 2 SYSTEMPATH/View/View.php(213): include('APPPATH/Views/layout/page_layout.php')
 3 SYSTEMPATH/View/View.php(216): CodeIgniter\View\View->CodeIgniter\View\{closure}()
 4 SYSTEMPATH/View/View.php(229): CodeIgniter\View\View->render()
 5 SYSTEMPATH/Common.php(1135): CodeIgniter\View\View->render()
 6 APPPATH/Controllers/Home.php(9): view()
 7 SYSTEMPATH/CodeIgniter.php(896): App\Controllers\Home->index()
 8 SYSTEMPATH/CodeIgniter.php(466): CodeIgniter\CodeIgniter->runController()
 9 SYSTEMPATH/CodeIgniter.php(349): CodeIgniter\CodeIgniter->handleRequest()
10 FCPATH/index.php(55): CodeIgniter\CodeIgniter->run()
11 SYSTEMPATH/Commands/Server/rewrite.php(43): require_once('FCPATH/index.php')
CRITICAL - 2022-07-05 09:47:32 --> Undefined variable: uri
in APPPATH/Views/layout/page_layout.php on line 41.
 1 APPPATH/Views/layout/page_layout.php(41): CodeIgniter\Debug\Exceptions->errorHandler()
 2 SYSTEMPATH/View/View.php(213): include('APPPATH/Views/layout/page_layout.php')
 3 SYSTEMPATH/View/View.php(216): CodeIgniter\View\View->CodeIgniter\View\{closure}()
 4 SYSTEMPATH/View/View.php(229): CodeIgniter\View\View->render()
 5 SYSTEMPATH/Common.php(1135): CodeIgniter\View\View->render()
 6 APPPATH/Controllers/Home.php(9): view()
 7 SYSTEMPATH/CodeIgniter.php(896): App\Controllers\Home->index()
 8 SYSTEMPATH/CodeIgniter.php(466): CodeIgniter\CodeIgniter->runController()
 9 SYSTEMPATH/CodeIgniter.php(349): CodeIgniter\CodeIgniter->handleRequest()
10 FCPATH/index.php(55): CodeIgniter\CodeIgniter->run()
11 SYSTEMPATH/Commands/Server/rewrite.php(43): require_once('FCPATH/index.php')
CRITICAL - 2022-07-05 10:01:00 --> Array to string conversion
in APPPATH/Views/widget/content_header.php on line 1.
 1 APPPATH/Views/widget/content_header.php(1): CodeIgniter\Debug\Exceptions->errorHandler()
 2 SYSTEMPATH/View/View.php(213): include('APPPATH/Views/widget/content_header.php')
 3 SYSTEMPATH/View/View.php(216): CodeIgniter\View\View->CodeIgniter\View\{closure}()
 4 SYSTEMPATH/Common.php(1135): CodeIgniter\View\View->render()
 5 APPPATH/Libraries/Widget.php(9): view()
 6 SYSTEMPATH/View/Cell.php(111): App\Libraries\Widget->contentHeader()
 7 SYSTEMPATH/Common.php(1151): CodeIgniter\View\Cell->render()
 8 APPPATH/Views/layout/page_layout.php(41): view_cell()
 9 SYSTEMPATH/View/View.php(213): include('APPPATH/Views/layout/page_layout.php')
10 SYSTEMPATH/View/View.php(216): CodeIgniter\View\View->CodeIgniter\View\{closure}()
11 SYSTEMPATH/View/View.php(229): CodeIgniter\View\View->render()
12 SYSTEMPATH/Common.php(1135): CodeIgniter\View\View->render()
13 APPPATH/Controllers/Home.php(9): view()
14 SYSTEMPATH/CodeIgniter.php(896): App\Controllers\Home->index()
15 SYSTEMPATH/CodeIgniter.php(466): CodeIgniter\CodeIgniter->runController()
16 SYSTEMPATH/CodeIgniter.php(349): CodeIgniter\CodeIgniter->handleRequest()
17 FCPATH/index.php(55): CodeIgniter\CodeIgniter->run()
18 SYSTEMPATH/Commands/Server/rewrite.php(43): require_once('FCPATH/index.php')
CRITICAL - 2022-07-05 10:01:09 --> Array to string conversion
in APPPATH/Views/widget/content_header.php on line 1.
 1 APPPATH/Views/widget/content_header.php(1): CodeIgniter\Debug\Exceptions->errorHandler()
 2 SYSTEMPATH/View/View.php(213): include('APPPATH/Views/widget/content_header.php')
 3 SYSTEMPATH/View/View.php(216): CodeIgniter\View\View->CodeIgniter\View\{closure}()
 4 SYSTEMPATH/Common.php(1135): CodeIgniter\View\View->render()
 5 APPPATH/Libraries/Widget.php(9): view()
 6 SYSTEMPATH/View/Cell.php(111): App\Libraries\Widget->contentHeader()
 7 SYSTEMPATH/Common.php(1151): CodeIgniter\View\Cell->render()
 8 APPPATH/Views/layout/page_layout.php(41): view_cell()
 9 SYSTEMPATH/View/View.php(213): include('APPPATH/Views/layout/page_layout.php')
10 SYSTEMPATH/View/View.php(216): CodeIgniter\View\View->CodeIgniter\View\{closure}()
11 SYSTEMPATH/View/View.php(229): CodeIgniter\View\View->render()
12 SYSTEMPATH/Common.php(1135): CodeIgniter\View\View->render()
13 APPPATH/Controllers/Home.php(9): view()
14 SYSTEMPATH/CodeIgniter.php(896): App\Controllers\Home->index()
15 SYSTEMPATH/CodeIgniter.php(466): CodeIgniter\CodeIgniter->runController()
16 SYSTEMPATH/CodeIgniter.php(349): CodeIgniter\CodeIgniter->handleRequest()
17 FCPATH/index.php(55): CodeIgniter\CodeIgniter->run()
18 SYSTEMPATH/Commands/Server/rewrite.php(43): require_once('FCPATH/index.php')
CRITICAL - 2022-07-05 10:01:37 --> Undefined variable: data
in APPPATH/Views/widget/content_header.php on line 1.
 1 APPPATH/Views/widget/content_header.php(1): CodeIgniter\Debug\Exceptions->errorHandler()
 2 SYSTEMPATH/View/View.php(213): include('APPPATH/Views/widget/content_header.php')
 3 SYSTEMPATH/View/View.php(216): CodeIgniter\View\View->CodeIgniter\View\{closure}()
 4 SYSTEMPATH/Common.php(1135): CodeIgniter\View\View->render()
 5 APPPATH/Libraries/Widget.php(9): view()
 6 SYSTEMPATH/View/Cell.php(111): App\Libraries\Widget->contentHeader()
 7 SYSTEMPATH/Common.php(1151): CodeIgniter\View\Cell->render()
 8 APPPATH/Views/layout/page_layout.php(41): view_cell()
 9 SYSTEMPATH/View/View.php(213): include('APPPATH/Views/layout/page_layout.php')
10 SYSTEMPATH/View/View.php(216): CodeIgniter\View\View->CodeIgniter\View\{closure}()
11 SYSTEMPATH/View/View.php(229): CodeIgniter\View\View->render()
12 SYSTEMPATH/Common.php(1135): CodeIgniter\View\View->render()
13 APPPATH/Controllers/Home.php(9): view()
14 SYSTEMPATH/CodeIgniter.php(896): App\Controllers\Home->index()
15 SYSTEMPATH/CodeIgniter.php(466): CodeIgniter\CodeIgniter->runController()
16 SYSTEMPATH/CodeIgniter.php(349): CodeIgniter\CodeIgniter->handleRequest()
17 FCPATH/index.php(55): CodeIgniter\CodeIgniter->run()
18 SYSTEMPATH/Commands/Server/rewrite.php(43): require_once('FCPATH/index.php')
CRITICAL - 2022-07-05 10:02:33 --> Undefined variable: path
in APPPATH/Views/widget/content_header.php on line 1.
 1 APPPATH/Views/widget/content_header.php(1): CodeIgniter\Debug\Exceptions->errorHandler()
 2 SYSTEMPATH/View/View.php(213): include('APPPATH/Views/widget/content_header.php')
 3 SYSTEMPATH/View/View.php(216): CodeIgniter\View\View->CodeIgniter\View\{closure}()
 4 SYSTEMPATH/Common.php(1135): CodeIgniter\View\View->render()
 5 APPPATH/Libraries/Widget.php(9): view()
 6 SYSTEMPATH/View/Cell.php(111): App\Libraries\Widget->contentHeader()
 7 SYSTEMPATH/Common.php(1151): CodeIgniter\View\Cell->render()
 8 APPPATH/Views/layout/page_layout.php(41): view_cell()
 9 SYSTEMPATH/View/View.php(213): include('APPPATH/Views/layout/page_layout.php')
10 SYSTEMPATH/View/View.php(216): CodeIgniter\View\View->CodeIgniter\View\{closure}()
11 SYSTEMPATH/View/View.php(229): CodeIgniter\View\View->render()
12 SYSTEMPATH/Common.php(1135): CodeIgniter\View\View->render()
13 APPPATH/Controllers/Home.php(9): view()
14 SYSTEMPATH/CodeIgniter.php(896): App\Controllers\Home->index()
15 SYSTEMPATH/CodeIgniter.php(466): CodeIgniter\CodeIgniter->runController()
16 SYSTEMPATH/CodeIgniter.php(349): CodeIgniter\CodeIgniter->handleRequest()
17 FCPATH/index.php(55): CodeIgniter\CodeIgniter->run()
18 SYSTEMPATH/Commands/Server/rewrite.php(43): require_once('FCPATH/index.php')
CRITICAL - 2022-07-05 10:16:12 --> Undefined index: child
in APPPATH/Views/widget/content_sidebar.php on line 10.
 1 APPPATH/Views/widget/content_sidebar.php(10): CodeIgniter\Debug\Exceptions->errorHandler()
 2 SYSTEMPATH/View/View.php(213): include('APPPATH/Views/widget/content_sidebar.php')
 3 SYSTEMPATH/View/View.php(216): CodeIgniter\View\View->CodeIgniter\View\{closure}()
 4 SYSTEMPATH/Common.php(1135): CodeIgniter\View\View->render()
 5 APPPATH/Libraries/Widget.php(9): view()
 6 SYSTEMPATH/View/Cell.php(105): App\Libraries\Widget->contentSidebar()
 7 SYSTEMPATH/Common.php(1151): CodeIgniter\View\Cell->render()
 8 APPPATH/Views/layout/template/sidebar.php(39): view_cell()
 9 SYSTEMPATH/View/View.php(213): include('APPPATH/Views/layout/template/sidebar.php')
10 SYSTEMPATH/View/View.php(216): CodeIgniter\View\View->CodeIgniter\View\{closure}()
11 SYSTEMPATH/View/View.php(429): CodeIgniter\View\View->render()
12 APPPATH/Views/layout/page_layout.php(39): CodeIgniter\View\View->include()
13 SYSTEMPATH/View/View.php(213): include('APPPATH/Views/layout/page_layout.php')
14 SYSTEMPATH/View/View.php(216): CodeIgniter\View\View->CodeIgniter\View\{closure}()
15 SYSTEMPATH/View/View.php(229): CodeIgniter\View\View->render()
16 SYSTEMPATH/Common.php(1135): CodeIgniter\View\View->render()
17 APPPATH/Controllers/Home.php(9): view()
18 SYSTEMPATH/CodeIgniter.php(896): App\Controllers\Home->index()
19 SYSTEMPATH/CodeIgniter.php(466): CodeIgniter\CodeIgniter->runController()
20 SYSTEMPATH/CodeIgniter.php(349): CodeIgniter\CodeIgniter->handleRequest()
21 FCPATH/index.php(55): CodeIgniter\CodeIgniter->run()
22 SYSTEMPATH/Commands/Server/rewrite.php(43): require_once('FCPATH/index.php')
CRITICAL - 2022-07-05 10:17:48 --> Undefined variable: url
in APPPATH/Views/widget/content_sidebar.php on line 3.
 1 APPPATH/Views/widget/content_sidebar.php(3): CodeIgniter\Debug\Exceptions->errorHandler()
 2 SYSTEMPATH/View/View.php(213): include('APPPATH/Views/widget/content_sidebar.php')
 3 SYSTEMPATH/View/View.php(216): CodeIgniter\View\View->CodeIgniter\View\{closure}()
 4 SYSTEMPATH/Common.php(1135): CodeIgniter\View\View->render()
 5 APPPATH/Libraries/Widget.php(9): view()
 6 SYSTEMPATH/View/Cell.php(105): App\Libraries\Widget->contentSidebar()
 7 SYSTEMPATH/Common.php(1151): CodeIgniter\View\Cell->render()
 8 APPPATH/Views/layout/template/sidebar.php(39): view_cell()
 9 SYSTEMPATH/View/View.php(213): include('APPPATH/Views/layout/template/sidebar.php')
10 SYSTEMPATH/View/View.php(216): CodeIgniter\View\View->CodeIgniter\View\{closure}()
11 SYSTEMPATH/View/View.php(429): CodeIgniter\View\View->render()
12 APPPATH/Views/layout/page_layout.php(39): CodeIgniter\View\View->include()
13 SYSTEMPATH/View/View.php(213): include('APPPATH/Views/layout/page_layout.php')
14 SYSTEMPATH/View/View.php(216): CodeIgniter\View\View->CodeIgniter\View\{closure}()
15 SYSTEMPATH/View/View.php(229): CodeIgniter\View\View->render()
16 SYSTEMPATH/Common.php(1135): CodeIgniter\View\View->render()
17 APPPATH/Controllers/Home.php(9): view()
18 SYSTEMPATH/CodeIgniter.php(896): App\Controllers\Home->index()
19 SYSTEMPATH/CodeIgniter.php(466): CodeIgniter\CodeIgniter->runController()
20 SYSTEMPATH/CodeIgniter.php(349): CodeIgniter\CodeIgniter->handleRequest()
21 FCPATH/index.php(55): CodeIgniter\CodeIgniter->run()
22 SYSTEMPATH/Commands/Server/rewrite.php(43): require_once('FCPATH/index.php')
CRITICAL - 2022-07-05 10:32:27 --> Undefined variable: value
in APPPATH/Views/widget/content_header.php on line 14.
 1 APPPATH/Views/widget/content_header.php(14): CodeIgniter\Debug\Exceptions->errorHandler()
 2 SYSTEMPATH/View/View.php(213): include('APPPATH/Views/widget/content_header.php')
 3 SYSTEMPATH/View/View.php(216): CodeIgniter\View\View->CodeIgniter\View\{closure}()
 4 SYSTEMPATH/Common.php(1135): CodeIgniter\View\View->render()
 5 APPPATH/Libraries/Widget.php(14): view()
 6 SYSTEMPATH/View/Cell.php(111): App\Libraries\Widget->contentHeader()
 7 SYSTEMPATH/Common.php(1151): CodeIgniter\View\Cell->render()
 8 APPPATH/Views/kategori.php(4): view_cell()
 9 SYSTEMPATH/View/View.php(213): include('APPPATH/Views/kategori.php')
10 SYSTEMPATH/View/View.php(216): CodeIgniter\View\View->CodeIgniter\View\{closure}()
11 SYSTEMPATH/Common.php(1135): CodeIgniter\View\View->render()
12 APPPATH/Controllers/Kategori.php(9): view()
13 SYSTEMPATH/CodeIgniter.php(896): App\Controllers\Kategori->index()
14 SYSTEMPATH/CodeIgniter.php(466): CodeIgniter\CodeIgniter->runController()
15 SYSTEMPATH/CodeIgniter.php(349): CodeIgniter\CodeIgniter->handleRequest()
16 FCPATH/index.php(55): CodeIgniter\CodeIgniter->run()
17 SYSTEMPATH/Commands/Server/rewrite.php(43): require_once('FCPATH/index.php')
