ERROR - 2022-07-17 00:03:25 --> Table 'gudang.table_barang_masuk_detail' doesn't exist
CRITICAL - 2022-07-17 00:03:25 --> Table 'gudang.table_barang_masuk_detail' doesn't exist
in SYSTEMPATH/Database/MySQLi/Connection.php on line 292.
 1 SYSTEMPATH/Database/MySQLi/Connection.php(292): mysqli->query()
 2 SYSTEMPATH/Database/BaseConnection.php(695): CodeIgniter\Database\MySQLi\Connection->execute()
 3 SYSTEMPATH/Database/BaseConnection.php(609): CodeIgniter\Database\BaseConnection->simpleQuery()
 4 SYSTEMPATH/Database/BaseBuilder.php(1585): CodeIgniter\Database\BaseConnection->query()
 5 APPPATH/Models/ArusStokModel.php(43): CodeIgniter\Database\BaseBuilder->get()
 6 APPPATH/Controllers/Api/Stok.php(36): App\Models\ArusStokModel->getDetailStok()
 7 SYSTEMPATH/CodeIgniter.php(896): App\Controllers\Api\Stok->show()
 8 SYSTEMPATH/CodeIgniter.php(466): CodeIgniter\CodeIgniter->runController()
 9 SYSTEMPATH/CodeIgniter.php(349): CodeIgniter\CodeIgniter->handleRequest()
10 FCPATH/index.php(55): CodeIgniter\CodeIgniter->run()
11 SYSTEMPATH/Commands/Server/rewrite.php(43): require_once('FCPATH/index.php')
ERROR - 2022-07-17 00:04:01 --> Unknown column 'table_barang_masuk' in 'field list'
CRITICAL - 2022-07-17 00:04:01 --> Unknown column 'table_barang_masuk' in 'field list'
in SYSTEMPATH/Database/MySQLi/Connection.php on line 292.
 1 SYSTEMPATH/Database/MySQLi/Connection.php(292): mysqli->query()
 2 SYSTEMPATH/Database/BaseConnection.php(695): CodeIgniter\Database\MySQLi\Connection->execute()
 3 SYSTEMPATH/Database/BaseConnection.php(609): CodeIgniter\Database\BaseConnection->simpleQuery()
 4 SYSTEMPATH/Database/BaseBuilder.php(1585): CodeIgniter\Database\BaseConnection->query()
 5 APPPATH/Models/ArusStokModel.php(43): CodeIgniter\Database\BaseBuilder->get()
 6 APPPATH/Controllers/Api/Stok.php(36): App\Models\ArusStokModel->getDetailStok()
 7 SYSTEMPATH/CodeIgniter.php(896): App\Controllers\Api\Stok->show()
 8 SYSTEMPATH/CodeIgniter.php(466): CodeIgniter\CodeIgniter->runController()
 9 SYSTEMPATH/CodeIgniter.php(349): CodeIgniter\CodeIgniter->handleRequest()
10 FCPATH/index.php(55): CodeIgniter\CodeIgniter->run()
11 SYSTEMPATH/Commands/Server/rewrite.php(43): require_once('FCPATH/index.php')
ERROR - 2022-07-17 11:19:23 --> Table 'table_barang_keluar' already exists
ERROR - 2022-07-17 11:20:19 --> Can't create table `gudang`.`table_detail_barang_keluar` (errno: 150 "Foreign key constraint is incorrectly formed")
