ERROR - 2022-07-21 18:41:39 --> Table 'gudang.table_arus_stok' doesn't exist
CRITICAL - 2022-07-21 18:41:39 --> Table 'gudang.table_arus_stok' doesn't exist
in SYSTEMPATH/Database/MySQLi/Connection.php on line 292.
 1 SYSTEMPATH/Database/MySQLi/Connection.php(292): mysqli->query()
 2 SYSTEMPATH/Database/BaseConnection.php(695): CodeIgniter\Database\MySQLi\Connection->execute()
 3 SYSTEMPATH/Database/BaseConnection.php(609): CodeIgniter\Database\BaseConnection->simpleQuery()
 4 SYSTEMPATH/Database/BaseBuilder.php(1585): CodeIgniter\Database\BaseConnection->query()
 5 SYSTEMPATH/Model.php(771): CodeIgniter\Database\BaseBuilder->get()
 6 APPPATH/Models/ArusStokModel.php(76): CodeIgniter\Model->__call()
 7 APPPATH/Controllers/Api/Rfid.php(20): App\Models\ArusStokModel->rfidAll()
 8 SYSTEMPATH/CodeIgniter.php(896): App\Controllers\Api\Rfid->index()
 9 SYSTEMPATH/CodeIgniter.php(466): CodeIgniter\CodeIgniter->runController()
10 SYSTEMPATH/CodeIgniter.php(349): CodeIgniter\CodeIgniter->handleRequest()
11 FCPATH/index.php(55): CodeIgniter\CodeIgniter->run()
12 SYSTEMPATH/Commands/Server/rewrite.php(43): require_once('FCPATH/index.php')
ERROR - 2022-07-21 18:44:28 --> Table 'gudang.table_arus_stok' doesn't exist
CRITICAL - 2022-07-21 18:44:28 --> Table 'gudang.table_arus_stok' doesn't exist
in SYSTEMPATH/Database/MySQLi/Connection.php on line 292.
 1 SYSTEMPATH/Database/MySQLi/Connection.php(292): mysqli->query()
 2 SYSTEMPATH/Database/BaseConnection.php(695): CodeIgniter\Database\MySQLi\Connection->execute()
 3 SYSTEMPATH/Database/BaseConnection.php(609): CodeIgniter\Database\BaseConnection->simpleQuery()
 4 SYSTEMPATH/Database/BaseBuilder.php(1585): CodeIgniter\Database\BaseConnection->query()
 5 SYSTEMPATH/Model.php(771): CodeIgniter\Database\BaseBuilder->get()
 6 APPPATH/Models/ArusStokModel.php(76): CodeIgniter\Model->__call()
 7 APPPATH/Controllers/Api/Rfid.php(20): App\Models\ArusStokModel->rfidAll()
 8 SYSTEMPATH/CodeIgniter.php(896): App\Controllers\Api\Rfid->index()
 9 SYSTEMPATH/CodeIgniter.php(466): CodeIgniter\CodeIgniter->runController()
10 SYSTEMPATH/CodeIgniter.php(349): CodeIgniter\CodeIgniter->handleRequest()
11 FCPATH/index.php(55): CodeIgniter\CodeIgniter->run()
12 SYSTEMPATH/Commands/Server/rewrite.php(43): require_once('FCPATH/index.php')
CRITICAL - 2022-07-21 20:13:09 --> Class 'App\Controllers\Api\Pusher\Pusher' not found
in APPPATH/Controllers/Api/Rfid.php on line 22.
 1 SYSTEMPATH/CodeIgniter.php(896): App\Controllers\Api\Rfid->index()
 2 SYSTEMPATH/CodeIgniter.php(466): CodeIgniter\CodeIgniter->runController()
 3 SYSTEMPATH/CodeIgniter.php(349): CodeIgniter\CodeIgniter->handleRequest()
 4 FCPATH/index.php(55): CodeIgniter\CodeIgniter->run()
 5 SYSTEMPATH/Commands/Server/rewrite.php(43): require_once('FCPATH/index.php')
CRITICAL - 2022-07-21 20:16:02 --> Class 'App\Controllers\Api\Pusher' not found
in APPPATH/Controllers/Api/Rfid.php on line 22.
 1 SYSTEMPATH/CodeIgniter.php(896): App\Controllers\Api\Rfid->index()
 2 SYSTEMPATH/CodeIgniter.php(466): CodeIgniter\CodeIgniter->runController()
 3 SYSTEMPATH/CodeIgniter.php(349): CodeIgniter\CodeIgniter->handleRequest()
 4 FCPATH/index.php(55): CodeIgniter\CodeIgniter->run()
 5 SYSTEMPATH/Commands/Server/rewrite.php(43): require_once('FCPATH/index.php')
CRITICAL - 2022-07-21 20:16:11 --> Class 'App\Controllers\Api\Pusher\Pusher' not found
in APPPATH/Controllers/Api/Rfid.php on line 22.
 1 SYSTEMPATH/CodeIgniter.php(896): App\Controllers\Api\Rfid->index()
 2 SYSTEMPATH/CodeIgniter.php(466): CodeIgniter\CodeIgniter->runController()
 3 SYSTEMPATH/CodeIgniter.php(349): CodeIgniter\CodeIgniter->handleRequest()
 4 FCPATH/index.php(55): CodeIgniter\CodeIgniter->run()
 5 SYSTEMPATH/Commands/Server/rewrite.php(43): require_once('FCPATH/index.php')
CRITICAL - 2022-07-21 20:17:36 --> Call to undefined method CodeIgniter\Database\MySQLi\Builder::first()
in APPPATH/Models/ArusStokModel.php on line 24.
 1 APPPATH/Controllers/Api/BarangMasuk.php(38): App\Models\ArusStokModel->getBarangByCode()
 2 SYSTEMPATH/CodeIgniter.php(896): App\Controllers\Api\BarangMasuk->show()
 3 SYSTEMPATH/CodeIgniter.php(466): CodeIgniter\CodeIgniter->runController()
 4 SYSTEMPATH/CodeIgniter.php(349): CodeIgniter\CodeIgniter->handleRequest()
 5 FCPATH/index.php(55): CodeIgniter\CodeIgniter->run()
 6 SYSTEMPATH/Commands/Server/rewrite.php(43): require_once('FCPATH/index.php')
