CRITICAL - 2022-07-07 06:30:32 --> Invalid file: kategori.php
in SYSTEMPATH/Exceptions/FrameworkException.php on line 33.
 1 SYSTEMPATH/View/View.php(201): CodeIgniter\Exceptions\FrameworkException::forInvalidFile()
 2 SYSTEMPATH/Common.php(1135): CodeIgniter\View\View->render()
 3 APPPATH/Controllers/Kategori.php(9): view()
 4 SYSTEMPATH/CodeIgniter.php(896): App\Controllers\Kategori->index()
 5 SYSTEMPATH/CodeIgniter.php(466): CodeIgniter\CodeIgniter->runController()
 6 SYSTEMPATH/CodeIgniter.php(349): CodeIgniter\CodeIgniter->handleRequest()
 7 FCPATH/index.php(55): CodeIgniter\CodeIgniter->run()
 8 SYSTEMPATH/Commands/Server/rewrite.php(43): require_once('FCPATH/index.php')
CRITICAL - 2022-07-07 06:30:43 --> Invalid file: kategori.index
in SYSTEMPATH/Exceptions/FrameworkException.php on line 33.
 1 SYSTEMPATH/View/View.php(201): CodeIgniter\Exceptions\FrameworkException::forInvalidFile()
 2 SYSTEMPATH/Common.php(1135): CodeIgniter\View\View->render()
 3 APPPATH/Controllers/Kategori.php(9): view()
 4 SYSTEMPATH/CodeIgniter.php(896): App\Controllers\Kategori->index()
 5 SYSTEMPATH/CodeIgniter.php(466): CodeIgniter\CodeIgniter->runController()
 6 SYSTEMPATH/CodeIgniter.php(349): CodeIgniter\CodeIgniter->handleRequest()
 7 FCPATH/index.php(55): CodeIgniter\CodeIgniter->run()
 8 SYSTEMPATH/Commands/Server/rewrite.php(43): require_once('FCPATH/index.php')
CRITICAL - 2022-07-07 06:30:46 --> Invalid file: kategori/index.php
in SYSTEMPATH/Exceptions/FrameworkException.php on line 33.
 1 SYSTEMPATH/View/View.php(201): CodeIgniter\Exceptions\FrameworkException::forInvalidFile()
 2 SYSTEMPATH/Common.php(1135): CodeIgniter\View\View->render()
 3 APPPATH/Controllers/Kategori.php(9): view()
 4 SYSTEMPATH/CodeIgniter.php(896): App\Controllers\Kategori->index()
 5 SYSTEMPATH/CodeIgniter.php(466): CodeIgniter\CodeIgniter->runController()
 6 SYSTEMPATH/CodeIgniter.php(349): CodeIgniter\CodeIgniter->handleRequest()
 7 FCPATH/index.php(55): CodeIgniter\CodeIgniter->run()
 8 SYSTEMPATH/Commands/Server/rewrite.php(43): require_once('FCPATH/index.php')
CRITICAL - 2022-07-07 06:30:50 --> Invalid file: kategori/index.php
in SYSTEMPATH/Exceptions/FrameworkException.php on line 33.
 1 SYSTEMPATH/View/View.php(201): CodeIgniter\Exceptions\FrameworkException::forInvalidFile()
 2 SYSTEMPATH/Common.php(1135): CodeIgniter\View\View->render()
 3 APPPATH/Controllers/Kategori.php(9): view()
 4 SYSTEMPATH/CodeIgniter.php(896): App\Controllers\Kategori->index()
 5 SYSTEMPATH/CodeIgniter.php(466): CodeIgniter\CodeIgniter->runController()
 6 SYSTEMPATH/CodeIgniter.php(349): CodeIgniter\CodeIgniter->handleRequest()
 7 FCPATH/index.php(55): CodeIgniter\CodeIgniter->run()
 8 SYSTEMPATH/Commands/Server/rewrite.php(43): require_once('FCPATH/index.php')
CRITICAL - 2022-07-07 06:39:00 --> Invalid file: layout/dashboard.php
in SYSTEMPATH/Exceptions/FrameworkException.php on line 33.
 1 SYSTEMPATH/View/View.php(201): CodeIgniter\Exceptions\FrameworkException::forInvalidFile()
 2 SYSTEMPATH/Common.php(1135): CodeIgniter\View\View->render()
 3 APPPATH/Controllers/Dashboard.php(9): view()
 4 SYSTEMPATH/CodeIgniter.php(896): App\Controllers\Dashboard->index()
 5 SYSTEMPATH/CodeIgniter.php(466): CodeIgniter\CodeIgniter->runController()
 6 SYSTEMPATH/CodeIgniter.php(349): CodeIgniter\CodeIgniter->handleRequest()
 7 FCPATH/index.php(55): CodeIgniter\CodeIgniter->run()
 8 SYSTEMPATH/Commands/Server/rewrite.php(43): require_once('FCPATH/index.php')
CRITICAL - 2022-07-07 06:39:18 --> Invalid file: layout/dashboard/.php
in SYSTEMPATH/Exceptions/FrameworkException.php on line 33.
 1 SYSTEMPATH/View/View.php(201): CodeIgniter\Exceptions\FrameworkException::forInvalidFile()
 2 SYSTEMPATH/Common.php(1135): CodeIgniter\View\View->render()
 3 APPPATH/Controllers/Dashboard.php(9): view()
 4 SYSTEMPATH/CodeIgniter.php(896): App\Controllers\Dashboard->index()
 5 SYSTEMPATH/CodeIgniter.php(466): CodeIgniter\CodeIgniter->runController()
 6 SYSTEMPATH/CodeIgniter.php(349): CodeIgniter\CodeIgniter->handleRequest()
 7 FCPATH/index.php(55): CodeIgniter\CodeIgniter->run()
 8 SYSTEMPATH/Commands/Server/rewrite.php(43): require_once('FCPATH/index.php')
CRITICAL - 2022-07-07 06:41:24 --> Invalid file: layout/barang/index.php
in SYSTEMPATH/Exceptions/FrameworkException.php on line 33.
 1 SYSTEMPATH/View/View.php(201): CodeIgniter\Exceptions\FrameworkException::forInvalidFile()
 2 SYSTEMPATH/Common.php(1135): CodeIgniter\View\View->render()
 3 APPPATH/Controllers/Barang.php(11): view()
 4 SYSTEMPATH/CodeIgniter.php(896): App\Controllers\Barang->index()
 5 SYSTEMPATH/CodeIgniter.php(466): CodeIgniter\CodeIgniter->runController()
 6 SYSTEMPATH/CodeIgniter.php(349): CodeIgniter\CodeIgniter->handleRequest()
 7 FCPATH/index.php(55): CodeIgniter\CodeIgniter->run()
 8 SYSTEMPATH/Commands/Server/rewrite.php(43): require_once('FCPATH/index.php')
ERROR - 2022-07-07 07:01:51 --> Error connecting to the database: No such file or directory
ERROR - 2022-07-07 08:24:04 --> You have an error in your SQL syntax; check the manual that corresponds to your MariaDB server version for the right syntax to use near '(1) NOT NULL DEFAULT 0,
	`created_at` TIMESTAMP NOT NULL DEFAULT CURRENT_TIME...' at line 8
ERROR - 2022-07-07 08:25:12 --> Can't create table `gudang`.`table_barang` (errno: 150 "Foreign key constraint is incorrectly formed")
ERROR - 2022-07-07 08:26:05 --> Can't create table `gudang`.`table_barang` (errno: 150 "Foreign key constraint is incorrectly formed")
ERROR - 2022-07-07 08:28:58 --> Can't create table `gudang`.`table_barang` (errno: 150 "Foreign key constraint is incorrectly formed")
ERROR - 2022-07-07 08:30:58 --> Duplicate key name 'code'
ERROR - 2022-07-07 08:31:22 --> Can't create table `gudang`.`table_barang` (errno: 150 "Foreign key constraint is incorrectly formed")
ERROR - 2022-07-07 08:31:30 --> Can't create table `gudang`.`table_barang` (errno: 150 "Foreign key constraint is incorrectly formed")
ERROR - 2022-07-07 08:32:12 --> Can't create table `gudang`.`table_barang` (errno: 150 "Foreign key constraint is incorrectly formed")
ERROR - 2022-07-07 08:34:52 --> Can't create table `gudang`.`table_barang` (errno: 150 "Foreign key constraint is incorrectly formed")
ERROR - 2022-07-07 08:36:10 --> Can't create table `gudang`.`table_barang` (errno: 150 "Foreign key constraint is incorrectly formed")
ERROR - 2022-07-07 08:36:43 --> Can't create table `gudang`.`table_barang` (errno: 150 "Foreign key constraint is incorrectly formed")
ERROR - 2022-07-07 08:41:46 --> Can't create table `gudang`.`table_barang` (errno: 150 "Foreign key constraint is incorrectly formed")
ERROR - 2022-07-07 08:42:41 --> Can't create table `gudang`.`table_barang` (errno: 150 "Foreign key constraint is incorrectly formed")
CRITICAL - 2022-07-07 09:15:48 --> Class 'CodeIgniter\Model\KategoriModel' not found
in APPPATH/Controllers/Api/Kategori.php on line 12.
 1 SYSTEMPATH/CodeIgniter.php(858): App\Controllers\Api\Kategori->__construct()
 2 SYSTEMPATH/CodeIgniter.php(457): CodeIgniter\CodeIgniter->createController()
 3 SYSTEMPATH/CodeIgniter.php(349): CodeIgniter\CodeIgniter->handleRequest()
 4 FCPATH/index.php(55): CodeIgniter\CodeIgniter->run()
 5 SYSTEMPATH/Commands/Server/rewrite.php(43): require_once('FCPATH/index.php')
CRITICAL - 2022-07-07 09:16:35 --> Call to undefined method App\Controllers\Api\Kategori::respond()
in APPPATH/Controllers/Api/Kategori.php on line 21.
 1 SYSTEMPATH/CodeIgniter.php(896): App\Controllers\Api\Kategori->index()
 2 SYSTEMPATH/CodeIgniter.php(466): CodeIgniter\CodeIgniter->runController()
 3 SYSTEMPATH/CodeIgniter.php(349): CodeIgniter\CodeIgniter->handleRequest()
 4 FCPATH/index.php(55): CodeIgniter\CodeIgniter->run()
 5 SYSTEMPATH/Commands/Server/rewrite.php(43): require_once('FCPATH/index.php')
ERROR - 2022-07-07 09:18:16 --> Table 'gudang.kategori' doesn't exist
CRITICAL - 2022-07-07 09:18:16 --> Table 'gudang.kategori' doesn't exist
in SYSTEMPATH/Database/MySQLi/Connection.php on line 292.
 1 SYSTEMPATH/Database/MySQLi/Connection.php(292): mysqli->query()
 2 SYSTEMPATH/Database/BaseConnection.php(695): CodeIgniter\Database\MySQLi\Connection->execute()
 3 SYSTEMPATH/Database/BaseConnection.php(609): CodeIgniter\Database\BaseConnection->simpleQuery()
 4 SYSTEMPATH/Database/BaseBuilder.php(1585): CodeIgniter\Database\BaseConnection->query()
 5 SYSTEMPATH/Model.php(222): CodeIgniter\Database\BaseBuilder->get()
 6 SYSTEMPATH/BaseModel.php(584): CodeIgniter\Model->doFindAll()
 7 APPPATH/Controllers/Api/Kategori.php(22): CodeIgniter\BaseModel->findAll()
 8 SYSTEMPATH/CodeIgniter.php(896): App\Controllers\Api\Kategori->index()
 9 SYSTEMPATH/CodeIgniter.php(466): CodeIgniter\CodeIgniter->runController()
10 SYSTEMPATH/CodeIgniter.php(349): CodeIgniter\CodeIgniter->handleRequest()
11 FCPATH/index.php(55): CodeIgniter\CodeIgniter->run()
12 SYSTEMPATH/Commands/Server/rewrite.php(43): require_once('FCPATH/index.php')
CRITICAL - 2022-07-07 09:21:41 --> Call to a member function findAll() on null
in APPPATH/Controllers/Api/Kategori.php on line 21.
 1 SYSTEMPATH/CodeIgniter.php(896): App\Controllers\Api\Kategori->index()
 2 SYSTEMPATH/CodeIgniter.php(466): CodeIgniter\CodeIgniter->runController()
 3 SYSTEMPATH/CodeIgniter.php(349): CodeIgniter\CodeIgniter->handleRequest()
 4 FCPATH/index.php(55): CodeIgniter\CodeIgniter->run()
 5 SYSTEMPATH/Commands/Server/rewrite.php(43): require_once('FCPATH/index.php')
CRITICAL - 2022-07-07 09:22:00 --> Call to undefined function App\Controllers\Api\KategoriModel()
in APPPATH/Controllers/Api/Kategori.php on line 22.
 1 SYSTEMPATH/CodeIgniter.php(896): App\Controllers\Api\Kategori->index()
 2 SYSTEMPATH/CodeIgniter.php(466): CodeIgniter\CodeIgniter->runController()
 3 SYSTEMPATH/CodeIgniter.php(349): CodeIgniter\CodeIgniter->handleRequest()
 4 FCPATH/index.php(55): CodeIgniter\CodeIgniter->run()
 5 SYSTEMPATH/Commands/Server/rewrite.php(43): require_once('FCPATH/index.php')
CRITICAL - 2022-07-07 09:26:11 --> Call to undefined method App\Controllers\Api\Kategori::respond()
in APPPATH/Controllers/Api/Kategori.php on line 23.
 1 SYSTEMPATH/CodeIgniter.php(896): App\Controllers\Api\Kategori->index()
 2 SYSTEMPATH/CodeIgniter.php(466): CodeIgniter\CodeIgniter->runController()
 3 SYSTEMPATH/CodeIgniter.php(349): CodeIgniter\CodeIgniter->handleRequest()
 4 FCPATH/index.php(55): CodeIgniter\CodeIgniter->run()
 5 SYSTEMPATH/Commands/Server/rewrite.php(43): require_once('FCPATH/index.php')
CRITICAL - 2022-07-07 09:40:45 --> Call to undefined method App\Controllers\Api\Kategori::getResponse()
in APPPATH/Controllers/Api/Kategori.php on line 26.
 1 SYSTEMPATH/CodeIgniter.php(896): App\Controllers\Api\Kategori->index()
 2 SYSTEMPATH/CodeIgniter.php(466): CodeIgniter\CodeIgniter->runController()
 3 SYSTEMPATH/CodeIgniter.php(349): CodeIgniter\CodeIgniter->handleRequest()
 4 FCPATH/index.php(55): CodeIgniter\CodeIgniter->run()
 5 SYSTEMPATH/Commands/Server/rewrite.php(43): require_once('FCPATH/index.php')
CRITICAL - 2022-07-07 09:42:30 --> Class 'App\Controllers\Api\BaseRestController' not found
in APPPATH/Controllers/Api/Kategori.php on line 14.
 1 SYSTEMPATH/Autoloader/Autoloader.php(284): include_once()
 2 SYSTEMPATH/Autoloader/Autoloader.php(261): CodeIgniter\Autoloader\Autoloader->includeFile()
 3 SYSTEMPATH/Autoloader/Autoloader.php(239): CodeIgniter\Autoloader\Autoloader->loadInNamespace()
 4 [internal function]: CodeIgniter\Autoloader\Autoloader->loadClass()
 5 [internal function]: spl_autoload_call()
 6 SYSTEMPATH/CodeIgniter.php(846): class_exists()
 7 SYSTEMPATH/CodeIgniter.php(453): CodeIgniter\CodeIgniter->startController()
 8 SYSTEMPATH/CodeIgniter.php(349): CodeIgniter\CodeIgniter->handleRequest()
 9 FCPATH/index.php(55): CodeIgniter\CodeIgniter->run()
10 SYSTEMPATH/Commands/Server/rewrite.php(43): require_once('FCPATH/index.php')
CRITICAL - 2022-07-07 09:43:03 --> Call to undefined method App\Controllers\Api\Kategori::getResponse()
in APPPATH/Controllers/Api/Kategori.php on line 25.
 1 SYSTEMPATH/CodeIgniter.php(896): App\Controllers\Api\Kategori->index()
 2 SYSTEMPATH/CodeIgniter.php(466): CodeIgniter\CodeIgniter->runController()
 3 SYSTEMPATH/CodeIgniter.php(349): CodeIgniter\CodeIgniter->handleRequest()
 4 FCPATH/index.php(55): CodeIgniter\CodeIgniter->run()
 5 SYSTEMPATH/Commands/Server/rewrite.php(43): require_once('FCPATH/index.php')
CRITICAL - 2022-07-07 09:45:00 --> Call to undefined method App\Controllers\Api\Kategori::respond()
in APPPATH/Controllers/Api/Kategori.php on line 26.
 1 SYSTEMPATH/CodeIgniter.php(896): App\Controllers\Api\Kategori->index()
 2 SYSTEMPATH/CodeIgniter.php(466): CodeIgniter\CodeIgniter->runController()
 3 SYSTEMPATH/CodeIgniter.php(349): CodeIgniter\CodeIgniter->handleRequest()
 4 FCPATH/index.php(55): CodeIgniter\CodeIgniter->run()
 5 SYSTEMPATH/Commands/Server/rewrite.php(43): require_once('FCPATH/index.php')
CRITICAL - 2022-07-07 10:59:41 --> Undefined variable: value
in APPPATH/Views/widget/content_sidebar.php on line 14.
 1 APPPATH/Views/widget/content_sidebar.php(14): CodeIgniter\Debug\Exceptions->errorHandler()
 2 SYSTEMPATH/View/View.php(213): include('APPPATH/Views/widget/content_sidebar.php')
 3 SYSTEMPATH/View/View.php(216): CodeIgniter\View\View->CodeIgniter\View\{closure}()
 4 SYSTEMPATH/Common.php(1135): CodeIgniter\View\View->render()
 5 APPPATH/Libraries/Widget.php(9): view()
 6 SYSTEMPATH/View/Cell.php(105): App\Libraries\Widget->contentSidebar()
 7 SYSTEMPATH/Common.php(1151): CodeIgniter\View\Cell->render()
 8 APPPATH/Views/layout/template/sidebar.php(37): view_cell()
 9 SYSTEMPATH/View/View.php(213): include('APPPATH/Views/layout/template/sidebar.php')
10 SYSTEMPATH/View/View.php(216): CodeIgniter\View\View->CodeIgniter\View\{closure}()
11 SYSTEMPATH/View/View.php(429): CodeIgniter\View\View->render()
12 APPPATH/Views/layout/page_layout.php(43): CodeIgniter\View\View->include()
13 SYSTEMPATH/View/View.php(213): include('APPPATH/Views/layout/page_layout.php')
14 SYSTEMPATH/View/View.php(216): CodeIgniter\View\View->CodeIgniter\View\{closure}()
15 SYSTEMPATH/View/View.php(229): CodeIgniter\View\View->render()
16 SYSTEMPATH/Common.php(1135): CodeIgniter\View\View->render()
17 APPPATH/Controllers/Satuan.php(11): view()
18 SYSTEMPATH/CodeIgniter.php(896): App\Controllers\Satuan->index()
19 SYSTEMPATH/CodeIgniter.php(466): CodeIgniter\CodeIgniter->runController()
20 SYSTEMPATH/CodeIgniter.php(349): CodeIgniter\CodeIgniter->handleRequest()
21 FCPATH/index.php(55): CodeIgniter\CodeIgniter->run()
22 SYSTEMPATH/Commands/Server/rewrite.php(43): require_once('FCPATH/index.php')
CRITICAL - 2022-07-07 10:59:52 --> Undefined variable: value
in APPPATH/Views/widget/content_sidebar.php on line 14.
 1 APPPATH/Views/widget/content_sidebar.php(14): CodeIgniter\Debug\Exceptions->errorHandler()
 2 SYSTEMPATH/View/View.php(213): include('APPPATH/Views/widget/content_sidebar.php')
 3 SYSTEMPATH/View/View.php(216): CodeIgniter\View\View->CodeIgniter\View\{closure}()
 4 SYSTEMPATH/Common.php(1135): CodeIgniter\View\View->render()
 5 APPPATH/Libraries/Widget.php(9): view()
 6 SYSTEMPATH/View/Cell.php(105): App\Libraries\Widget->contentSidebar()
 7 SYSTEMPATH/Common.php(1151): CodeIgniter\View\Cell->render()
 8 APPPATH/Views/layout/template/sidebar.php(37): view_cell()
 9 SYSTEMPATH/View/View.php(213): include('APPPATH/Views/layout/template/sidebar.php')
10 SYSTEMPATH/View/View.php(216): CodeIgniter\View\View->CodeIgniter\View\{closure}()
11 SYSTEMPATH/View/View.php(429): CodeIgniter\View\View->render()
12 APPPATH/Views/layout/page_layout.php(43): CodeIgniter\View\View->include()
13 SYSTEMPATH/View/View.php(213): include('APPPATH/Views/layout/page_layout.php')
14 SYSTEMPATH/View/View.php(216): CodeIgniter\View\View->CodeIgniter\View\{closure}()
15 SYSTEMPATH/View/View.php(229): CodeIgniter\View\View->render()
16 SYSTEMPATH/Common.php(1135): CodeIgniter\View\View->render()
17 APPPATH/Controllers/Satuan.php(11): view()
18 SYSTEMPATH/CodeIgniter.php(896): App\Controllers\Satuan->index()
19 SYSTEMPATH/CodeIgniter.php(466): CodeIgniter\CodeIgniter->runController()
20 SYSTEMPATH/CodeIgniter.php(349): CodeIgniter\CodeIgniter->handleRequest()
21 FCPATH/index.php(55): CodeIgniter\CodeIgniter->run()
22 SYSTEMPATH/Commands/Server/rewrite.php(43): require_once('FCPATH/index.php')
CRITICAL - 2022-07-07 11:00:12 --> Use of undefined constant Z - assumed 'Z' (this will throw an Error in a future version of PHP)
in APPPATH/Views/widget/content_sidebar.php on line 14.
 1 APPPATH/Views/widget/content_sidebar.php(14): CodeIgniter\Debug\Exceptions->errorHandler()
 2 SYSTEMPATH/View/View.php(213): include('APPPATH/Views/widget/content_sidebar.php')
 3 SYSTEMPATH/View/View.php(216): CodeIgniter\View\View->CodeIgniter\View\{closure}()
 4 SYSTEMPATH/Common.php(1135): CodeIgniter\View\View->render()
 5 APPPATH/Libraries/Widget.php(9): view()
 6 SYSTEMPATH/View/Cell.php(105): App\Libraries\Widget->contentSidebar()
 7 SYSTEMPATH/Common.php(1151): CodeIgniter\View\Cell->render()
 8 APPPATH/Views/layout/template/sidebar.php(37): view_cell()
 9 SYSTEMPATH/View/View.php(213): include('APPPATH/Views/layout/template/sidebar.php')
10 SYSTEMPATH/View/View.php(216): CodeIgniter\View\View->CodeIgniter\View\{closure}()
11 SYSTEMPATH/View/View.php(429): CodeIgniter\View\View->render()
12 APPPATH/Views/layout/page_layout.php(43): CodeIgniter\View\View->include()
13 SYSTEMPATH/View/View.php(213): include('APPPATH/Views/layout/page_layout.php')
14 SYSTEMPATH/View/View.php(216): CodeIgniter\View\View->CodeIgniter\View\{closure}()
15 SYSTEMPATH/View/View.php(229): CodeIgniter\View\View->render()
16 SYSTEMPATH/Common.php(1135): CodeIgniter\View\View->render()
17 APPPATH/Controllers/Satuan.php(11): view()
18 SYSTEMPATH/CodeIgniter.php(896): App\Controllers\Satuan->index()
19 SYSTEMPATH/CodeIgniter.php(466): CodeIgniter\CodeIgniter->runController()
20 SYSTEMPATH/CodeIgniter.php(349): CodeIgniter\CodeIgniter->handleRequest()
21 FCPATH/index.php(55): CodeIgniter\CodeIgniter->run()
22 SYSTEMPATH/Commands/Server/rewrite.php(43): require_once('FCPATH/index.php')
CRITICAL - 2022-07-07 11:01:22 --> Use of undefined constant Z - assumed 'Z' (this will throw an Error in a future version of PHP)
in APPPATH/Views/widget/content_sidebar.php on line 14.
 1 APPPATH/Views/widget/content_sidebar.php(14): CodeIgniter\Debug\Exceptions->errorHandler()
 2 SYSTEMPATH/View/View.php(213): include('APPPATH/Views/widget/content_sidebar.php')
 3 SYSTEMPATH/View/View.php(216): CodeIgniter\View\View->CodeIgniter\View\{closure}()
 4 SYSTEMPATH/Common.php(1135): CodeIgniter\View\View->render()
 5 APPPATH/Libraries/Widget.php(9): view()
 6 SYSTEMPATH/View/Cell.php(105): App\Libraries\Widget->contentSidebar()
 7 SYSTEMPATH/Common.php(1151): CodeIgniter\View\Cell->render()
 8 APPPATH/Views/layout/template/sidebar.php(37): view_cell()
 9 SYSTEMPATH/View/View.php(213): include('APPPATH/Views/layout/template/sidebar.php')
10 SYSTEMPATH/View/View.php(216): CodeIgniter\View\View->CodeIgniter\View\{closure}()
11 SYSTEMPATH/View/View.php(429): CodeIgniter\View\View->render()
12 APPPATH/Views/layout/page_layout.php(43): CodeIgniter\View\View->include()
13 SYSTEMPATH/View/View.php(213): include('APPPATH/Views/layout/page_layout.php')
14 SYSTEMPATH/View/View.php(216): CodeIgniter\View\View->CodeIgniter\View\{closure}()
15 SYSTEMPATH/View/View.php(229): CodeIgniter\View\View->render()
16 SYSTEMPATH/Common.php(1135): CodeIgniter\View\View->render()
17 APPPATH/Controllers/Satuan.php(11): view()
18 SYSTEMPATH/CodeIgniter.php(896): App\Controllers\Satuan->index()
19 SYSTEMPATH/CodeIgniter.php(466): CodeIgniter\CodeIgniter->runController()
20 SYSTEMPATH/CodeIgniter.php(349): CodeIgniter\CodeIgniter->handleRequest()
21 FCPATH/index.php(55): CodeIgniter\CodeIgniter->run()
22 SYSTEMPATH/Commands/Server/rewrite.php(43): require_once('FCPATH/index.php')
CRITICAL - 2022-07-07 11:02:03 --> Use of undefined constant Z - assumed 'Z' (this will throw an Error in a future version of PHP)
in APPPATH/Views/widget/content_sidebar.php on line 13.
 1 APPPATH/Views/widget/content_sidebar.php(13): CodeIgniter\Debug\Exceptions->errorHandler()
 2 SYSTEMPATH/View/View.php(213): include('APPPATH/Views/widget/content_sidebar.php')
 3 SYSTEMPATH/View/View.php(216): CodeIgniter\View\View->CodeIgniter\View\{closure}()
 4 SYSTEMPATH/Common.php(1135): CodeIgniter\View\View->render()
 5 APPPATH/Libraries/Widget.php(9): view()
 6 SYSTEMPATH/View/Cell.php(105): App\Libraries\Widget->contentSidebar()
 7 SYSTEMPATH/Common.php(1151): CodeIgniter\View\Cell->render()
 8 APPPATH/Views/layout/template/sidebar.php(37): view_cell()
 9 SYSTEMPATH/View/View.php(213): include('APPPATH/Views/layout/template/sidebar.php')
10 SYSTEMPATH/View/View.php(216): CodeIgniter\View\View->CodeIgniter\View\{closure}()
11 SYSTEMPATH/View/View.php(429): CodeIgniter\View\View->render()
12 APPPATH/Views/layout/page_layout.php(43): CodeIgniter\View\View->include()
13 SYSTEMPATH/View/View.php(213): include('APPPATH/Views/layout/page_layout.php')
14 SYSTEMPATH/View/View.php(216): CodeIgniter\View\View->CodeIgniter\View\{closure}()
15 SYSTEMPATH/View/View.php(229): CodeIgniter\View\View->render()
16 SYSTEMPATH/Common.php(1135): CodeIgniter\View\View->render()
17 APPPATH/Controllers/Dashboard.php(9): view()
18 SYSTEMPATH/CodeIgniter.php(896): App\Controllers\Dashboard->index()
19 SYSTEMPATH/CodeIgniter.php(466): CodeIgniter\CodeIgniter->runController()
20 SYSTEMPATH/CodeIgniter.php(349): CodeIgniter\CodeIgniter->handleRequest()
21 FCPATH/index.php(55): CodeIgniter\CodeIgniter->run()
22 SYSTEMPATH/Commands/Server/rewrite.php(43): require_once('FCPATH/index.php')
CRITICAL - 2022-07-07 11:02:27 --> Use of undefined constant Z - assumed 'Z' (this will throw an Error in a future version of PHP)
in APPPATH/Views/widget/content_sidebar.php on line 13.
 1 APPPATH/Views/widget/content_sidebar.php(13): CodeIgniter\Debug\Exceptions->errorHandler()
 2 SYSTEMPATH/View/View.php(213): include('APPPATH/Views/widget/content_sidebar.php')
 3 SYSTEMPATH/View/View.php(216): CodeIgniter\View\View->CodeIgniter\View\{closure}()
 4 SYSTEMPATH/Common.php(1135): CodeIgniter\View\View->render()
 5 APPPATH/Libraries/Widget.php(9): view()
 6 SYSTEMPATH/View/Cell.php(105): App\Libraries\Widget->contentSidebar()
 7 SYSTEMPATH/Common.php(1151): CodeIgniter\View\Cell->render()
 8 APPPATH/Views/layout/template/sidebar.php(37): view_cell()
 9 SYSTEMPATH/View/View.php(213): include('APPPATH/Views/layout/template/sidebar.php')
10 SYSTEMPATH/View/View.php(216): CodeIgniter\View\View->CodeIgniter\View\{closure}()
11 SYSTEMPATH/View/View.php(429): CodeIgniter\View\View->render()
12 APPPATH/Views/layout/page_layout.php(43): CodeIgniter\View\View->include()
13 SYSTEMPATH/View/View.php(213): include('APPPATH/Views/layout/page_layout.php')
14 SYSTEMPATH/View/View.php(216): CodeIgniter\View\View->CodeIgniter\View\{closure}()
15 SYSTEMPATH/View/View.php(229): CodeIgniter\View\View->render()
16 SYSTEMPATH/Common.php(1135): CodeIgniter\View\View->render()
17 APPPATH/Controllers/Dashboard.php(9): view()
18 SYSTEMPATH/CodeIgniter.php(896): App\Controllers\Dashboard->index()
19 SYSTEMPATH/CodeIgniter.php(466): CodeIgniter\CodeIgniter->runController()
20 SYSTEMPATH/CodeIgniter.php(349): CodeIgniter\CodeIgniter->handleRequest()
21 FCPATH/index.php(55): CodeIgniter\CodeIgniter->run()
22 SYSTEMPATH/Commands/Server/rewrite.php(43): require_once('FCPATH/index.php')
CRITICAL - 2022-07-07 11:03:29 --> Use of undefined constant Z - assumed 'Z' (this will throw an Error in a future version of PHP)
in APPPATH/Views/widget/content_sidebar.php on line 8.
 1 APPPATH/Views/widget/content_sidebar.php(8): CodeIgniter\Debug\Exceptions->errorHandler()
 2 SYSTEMPATH/View/View.php(213): include('APPPATH/Views/widget/content_sidebar.php')
 3 SYSTEMPATH/View/View.php(216): CodeIgniter\View\View->CodeIgniter\View\{closure}()
 4 SYSTEMPATH/Common.php(1135): CodeIgniter\View\View->render()
 5 APPPATH/Libraries/Widget.php(9): view()
 6 SYSTEMPATH/View/Cell.php(105): App\Libraries\Widget->contentSidebar()
 7 SYSTEMPATH/Common.php(1151): CodeIgniter\View\Cell->render()
 8 APPPATH/Views/layout/template/sidebar.php(37): view_cell()
 9 SYSTEMPATH/View/View.php(213): include('APPPATH/Views/layout/template/sidebar.php')
10 SYSTEMPATH/View/View.php(216): CodeIgniter\View\View->CodeIgniter\View\{closure}()
11 SYSTEMPATH/View/View.php(429): CodeIgniter\View\View->render()
12 APPPATH/Views/layout/page_layout.php(43): CodeIgniter\View\View->include()
13 SYSTEMPATH/View/View.php(213): include('APPPATH/Views/layout/page_layout.php')
14 SYSTEMPATH/View/View.php(216): CodeIgniter\View\View->CodeIgniter\View\{closure}()
15 SYSTEMPATH/View/View.php(229): CodeIgniter\View\View->render()
16 SYSTEMPATH/Common.php(1135): CodeIgniter\View\View->render()
17 APPPATH/Controllers/Dashboard.php(9): view()
18 SYSTEMPATH/CodeIgniter.php(896): App\Controllers\Dashboard->index()
19 SYSTEMPATH/CodeIgniter.php(466): CodeIgniter\CodeIgniter->runController()
20 SYSTEMPATH/CodeIgniter.php(349): CodeIgniter\CodeIgniter->handleRequest()
21 FCPATH/index.php(55): CodeIgniter\CodeIgniter->run()
22 SYSTEMPATH/Commands/Server/rewrite.php(43): require_once('FCPATH/index.php')
ERROR - 2022-07-07 11:19:13 --> Unknown table 'table.barang'
CRITICAL - 2022-07-07 11:19:13 --> Unknown table 'table.barang'
in SYSTEMPATH/Database/MySQLi/Connection.php on line 292.
 1 SYSTEMPATH/Database/MySQLi/Connection.php(292): mysqli->query()
 2 SYSTEMPATH/Database/BaseConnection.php(695): CodeIgniter\Database\MySQLi\Connection->execute()
 3 SYSTEMPATH/Database/BaseConnection.php(609): CodeIgniter\Database\BaseConnection->simpleQuery()
 4 SYSTEMPATH/Database/BaseBuilder.php(1585): CodeIgniter\Database\BaseConnection->query()
 5 APPPATH/Controllers/Api/Barang.php(22): CodeIgniter\Database\BaseBuilder->get()
 6 SYSTEMPATH/CodeIgniter.php(896): App\Controllers\Api\Barang->index()
 7 SYSTEMPATH/CodeIgniter.php(466): CodeIgniter\CodeIgniter->runController()
 8 SYSTEMPATH/CodeIgniter.php(349): CodeIgniter\CodeIgniter->handleRequest()
 9 FCPATH/index.php(55): CodeIgniter\CodeIgniter->run()
10 SYSTEMPATH/Commands/Server/rewrite.php(43): require_once('FCPATH/index.php')
ERROR - 2022-07-07 11:19:36 --> Unknown column 'table.kategori.name' in 'field list'
CRITICAL - 2022-07-07 11:19:36 --> Unknown column 'table.kategori.name' in 'field list'
in SYSTEMPATH/Database/MySQLi/Connection.php on line 292.
 1 SYSTEMPATH/Database/MySQLi/Connection.php(292): mysqli->query()
 2 SYSTEMPATH/Database/BaseConnection.php(695): CodeIgniter\Database\MySQLi\Connection->execute()
 3 SYSTEMPATH/Database/BaseConnection.php(609): CodeIgniter\Database\BaseConnection->simpleQuery()
 4 SYSTEMPATH/Database/BaseBuilder.php(1585): CodeIgniter\Database\BaseConnection->query()
 5 APPPATH/Controllers/Api/Barang.php(22): CodeIgniter\Database\BaseBuilder->get()
 6 SYSTEMPATH/CodeIgniter.php(896): App\Controllers\Api\Barang->index()
 7 SYSTEMPATH/CodeIgniter.php(466): CodeIgniter\CodeIgniter->runController()
 8 SYSTEMPATH/CodeIgniter.php(349): CodeIgniter\CodeIgniter->handleRequest()
 9 FCPATH/index.php(55): CodeIgniter\CodeIgniter->run()
10 SYSTEMPATH/Commands/Server/rewrite.php(43): require_once('FCPATH/index.php')
