CRITICAL - 2022-07-14 10:03:36 --> Class 'App\Controllers\ResourceController' not found
in APPPATH/Controllers/Api/BarangMasuk.php on line 8.
 1 SYSTEMPATH/Autoloader/Autoloader.php(284): include_once()
 2 SYSTEMPATH/Autoloader/Autoloader.php(261): CodeIgniter\Autoloader\Autoloader->includeFile()
 3 SYSTEMPATH/Autoloader/Autoloader.php(239): CodeIgniter\Autoloader\Autoloader->loadInNamespace()
 4 [internal function]: CodeIgniter\Autoloader\Autoloader->loadClass()
 5 [internal function]: spl_autoload_call()
 6 SYSTEMPATH/CodeIgniter.php(846): class_exists()
 7 SYSTEMPATH/CodeIgniter.php(453): CodeIgniter\CodeIgniter->startController()
 8 SYSTEMPATH/CodeIgniter.php(349): CodeIgniter\CodeIgniter->handleRequest()
 9 FCPATH/index.php(55): CodeIgniter\CodeIgniter->run()
10 SYSTEMPATH/Commands/Server/rewrite.php(43): require_once('FCPATH/index.php')
CRITICAL - 2022-07-14 10:05:27 --> Class 'App\Controllers\ResourceController' not found
in APPPATH/Controllers/Api/BarangMasuk.php on line 8.
 1 SYSTEMPATH/Autoloader/Autoloader.php(284): include_once()
 2 SYSTEMPATH/Autoloader/Autoloader.php(261): CodeIgniter\Autoloader\Autoloader->includeFile()
 3 SYSTEMPATH/Autoloader/Autoloader.php(239): CodeIgniter\Autoloader\Autoloader->loadInNamespace()
 4 [internal function]: CodeIgniter\Autoloader\Autoloader->loadClass()
 5 [internal function]: spl_autoload_call()
 6 SYSTEMPATH/CodeIgniter.php(846): class_exists()
 7 SYSTEMPATH/CodeIgniter.php(453): CodeIgniter\CodeIgniter->startController()
 8 SYSTEMPATH/CodeIgniter.php(349): CodeIgniter\CodeIgniter->handleRequest()
 9 FCPATH/index.php(55): CodeIgniter\CodeIgniter->run()
10 SYSTEMPATH/Commands/Server/rewrite.php(43): require_once('FCPATH/index.php')
CRITICAL - 2022-07-14 10:06:33 --> Class 'App\Controllers\ResourceController' not found
in APPPATH/Controllers/Api/BarangMasuk.php on line 8.
 1 SYSTEMPATH/Autoloader/Autoloader.php(284): include_once()
 2 SYSTEMPATH/Autoloader/Autoloader.php(261): CodeIgniter\Autoloader\Autoloader->includeFile()
 3 SYSTEMPATH/Autoloader/Autoloader.php(239): CodeIgniter\Autoloader\Autoloader->loadInNamespace()
 4 [internal function]: CodeIgniter\Autoloader\Autoloader->loadClass()
 5 [internal function]: spl_autoload_call()
 6 SYSTEMPATH/CodeIgniter.php(846): class_exists()
 7 SYSTEMPATH/CodeIgniter.php(453): CodeIgniter\CodeIgniter->startController()
 8 SYSTEMPATH/CodeIgniter.php(349): CodeIgniter\CodeIgniter->handleRequest()
 9 FCPATH/index.php(55): CodeIgniter\CodeIgniter->run()
10 SYSTEMPATH/Commands/Server/rewrite.php(43): require_once('FCPATH/index.php')
CRITICAL - 2022-07-14 10:07:45 --> Class 'App\Controllers\ResourceController' not found
in APPPATH/Controllers/Api/BarangMasuk.php on line 8.
 1 SYSTEMPATH/Autoloader/Autoloader.php(284): include_once()
 2 SYSTEMPATH/Autoloader/Autoloader.php(261): CodeIgniter\Autoloader\Autoloader->includeFile()
 3 SYSTEMPATH/Autoloader/Autoloader.php(239): CodeIgniter\Autoloader\Autoloader->loadInNamespace()
 4 [internal function]: CodeIgniter\Autoloader\Autoloader->loadClass()
 5 [internal function]: spl_autoload_call()
 6 SYSTEMPATH/CodeIgniter.php(846): class_exists()
 7 SYSTEMPATH/CodeIgniter.php(453): CodeIgniter\CodeIgniter->startController()
 8 SYSTEMPATH/CodeIgniter.php(349): CodeIgniter\CodeIgniter->handleRequest()
 9 FCPATH/index.php(55): CodeIgniter\CodeIgniter->run()
10 SYSTEMPATH/Commands/Server/rewrite.php(43): require_once('FCPATH/index.php')
CRITICAL - 2022-07-14 10:08:48 --> Class 'App\Controllers\ResourceController' not found
in APPPATH/Controllers/Api/BarangMasuk.php on line 8.
 1 SYSTEMPATH/Autoloader/Autoloader.php(284): include_once()
 2 SYSTEMPATH/Autoloader/Autoloader.php(261): CodeIgniter\Autoloader\Autoloader->includeFile()
 3 SYSTEMPATH/Autoloader/Autoloader.php(239): CodeIgniter\Autoloader\Autoloader->loadInNamespace()
 4 [internal function]: CodeIgniter\Autoloader\Autoloader->loadClass()
 5 APPPATH/Controllers/Api/BarangMasukDetail.php(59): spl_autoload_call()
 6 SYSTEMPATH/CodeIgniter.php(896): App\Controllers\Api\BarangMasukDetail->create()
 7 SYSTEMPATH/CodeIgniter.php(466): CodeIgniter\CodeIgniter->runController()
 8 SYSTEMPATH/CodeIgniter.php(349): CodeIgniter\CodeIgniter->handleRequest()
 9 FCPATH/index.php(55): CodeIgniter\CodeIgniter->run()
10 SYSTEMPATH/Commands/Server/rewrite.php(43): require_once('FCPATH/index.php')
CRITICAL - 2022-07-14 10:10:14 --> Call to undefined method App\Controllers\Api\BarangMasuk::where()
in APPPATH/Controllers/Api/BarangMasukDetail.php on line 54.
 1 SYSTEMPATH/CodeIgniter.php(896): App\Controllers\Api\BarangMasukDetail->create()
 2 SYSTEMPATH/CodeIgniter.php(466): CodeIgniter\CodeIgniter->runController()
 3 SYSTEMPATH/CodeIgniter.php(349): CodeIgniter\CodeIgniter->handleRequest()
 4 FCPATH/index.php(55): CodeIgniter\CodeIgniter->run()
 5 SYSTEMPATH/Commands/Server/rewrite.php(43): require_once('FCPATH/index.php')
CRITICAL - 2022-07-14 10:10:29 --> Undefined variable: id
in APPPATH/Controllers/Api/BarangMasukDetail.php on line 54.
 1 APPPATH/Controllers/Api/BarangMasukDetail.php(54): CodeIgniter\Debug\Exceptions->errorHandler()
 2 SYSTEMPATH/CodeIgniter.php(896): App\Controllers\Api\BarangMasukDetail->create()
 3 SYSTEMPATH/CodeIgniter.php(466): CodeIgniter\CodeIgniter->runController()
 4 SYSTEMPATH/CodeIgniter.php(349): CodeIgniter\CodeIgniter->handleRequest()
 5 FCPATH/index.php(55): CodeIgniter\CodeIgniter->run()
 6 SYSTEMPATH/Commands/Server/rewrite.php(43): require_once('FCPATH/index.php')
ERROR - 2022-07-14 10:11:03 --> Unknown column 'id' in 'where clause'
CRITICAL - 2022-07-14 10:11:03 --> Unknown column 'id' in 'where clause'
in SYSTEMPATH/Database/MySQLi/Connection.php on line 292.
 1 SYSTEMPATH/Database/MySQLi/Connection.php(292): mysqli->query()
 2 SYSTEMPATH/Database/BaseConnection.php(695): CodeIgniter\Database\MySQLi\Connection->execute()
 3 SYSTEMPATH/Database/BaseConnection.php(609): CodeIgniter\Database\BaseConnection->simpleQuery()
 4 SYSTEMPATH/Database/BaseBuilder.php(1585): CodeIgniter\Database\BaseConnection->query()
 5 SYSTEMPATH/Model.php(249): CodeIgniter\Database\BaseBuilder->get()
 6 SYSTEMPATH/BaseModel.php(622): CodeIgniter\Model->doFirst()
 7 APPPATH/Controllers/Api/BarangMasukDetail.php(55): CodeIgniter\BaseModel->first()
 8 SYSTEMPATH/CodeIgniter.php(896): App\Controllers\Api\BarangMasukDetail->create()
 9 SYSTEMPATH/CodeIgniter.php(466): CodeIgniter\CodeIgniter->runController()
10 SYSTEMPATH/CodeIgniter.php(349): CodeIgniter\CodeIgniter->handleRequest()
11 FCPATH/index.php(55): CodeIgniter\CodeIgniter->run()
12 SYSTEMPATH/Commands/Server/rewrite.php(43): require_once('FCPATH/index.php')
ERROR - 2022-07-14 10:11:13 --> Table 'gudang.table_barang_masuk_detail' doesn't exist
CRITICAL - 2022-07-14 10:11:13 --> Table 'gudang.table_barang_masuk_detail' doesn't exist
in SYSTEMPATH/Database/MySQLi/Connection.php on line 292.
 1 SYSTEMPATH/Database/MySQLi/Connection.php(292): mysqli->query()
 2 SYSTEMPATH/Database/BaseConnection.php(695): CodeIgniter\Database\MySQLi\Connection->execute()
 3 SYSTEMPATH/Database/BaseConnection.php(609): CodeIgniter\Database\BaseConnection->simpleQuery()
 4 SYSTEMPATH/Database/BaseBuilder.php(1904): CodeIgniter\Database\BaseConnection->query()
 5 SYSTEMPATH/Model.php(278): CodeIgniter\Database\BaseBuilder->insert()
 6 SYSTEMPATH/BaseModel.php(738): CodeIgniter\Model->doInsert()
 7 SYSTEMPATH/Model.php(666): CodeIgniter\BaseModel->insert()
 8 APPPATH/Controllers/Api/BarangMasukDetail.php(59): CodeIgniter\Model->insert()
 9 SYSTEMPATH/CodeIgniter.php(896): App\Controllers\Api\BarangMasukDetail->create()
10 SYSTEMPATH/CodeIgniter.php(466): CodeIgniter\CodeIgniter->runController()
11 SYSTEMPATH/CodeIgniter.php(349): CodeIgniter\CodeIgniter->handleRequest()
12 FCPATH/index.php(55): CodeIgniter\CodeIgniter->run()
13 SYSTEMPATH/Commands/Server/rewrite.php(43): require_once('FCPATH/index.php')
ERROR - 2022-07-14 10:13:10 --> Table 'table_detail_barang_masuk' already exists
CRITICAL - 2022-07-14 10:19:36 --> Undefined variable: cek_faktur
in APPPATH/Controllers/Api/BarangMasukDetail.php on line 17.
 1 APPPATH/Controllers/Api/BarangMasukDetail.php(17): CodeIgniter\Debug\Exceptions->errorHandler()
 2 APPPATH/Controllers/Api/BarangMasukDetail.php(41): App\Controllers\Api\BarangMasukDetail->cek_faktur()
 3 SYSTEMPATH/CodeIgniter.php(896): App\Controllers\Api\BarangMasukDetail->show()
 4 SYSTEMPATH/CodeIgniter.php(466): CodeIgniter\CodeIgniter->runController()
 5 SYSTEMPATH/CodeIgniter.php(349): CodeIgniter\CodeIgniter->handleRequest()
 6 FCPATH/index.php(55): CodeIgniter\CodeIgniter->run()
 7 SYSTEMPATH/Commands/Server/rewrite.php(43): require_once('FCPATH/index.php')
CRITICAL - 2022-07-14 10:21:30 --> Undefined index: faktur
in APPPATH/Controllers/Api/BarangMasukDetail.php on line 68.
 1 APPPATH/Controllers/Api/BarangMasukDetail.php(68): CodeIgniter\Debug\Exceptions->errorHandler()
 2 SYSTEMPATH/CodeIgniter.php(896): App\Controllers\Api\BarangMasukDetail->create()
 3 SYSTEMPATH/CodeIgniter.php(466): CodeIgniter\CodeIgniter->runController()
 4 SYSTEMPATH/CodeIgniter.php(349): CodeIgniter\CodeIgniter->handleRequest()
 5 FCPATH/index.php(55): CodeIgniter\CodeIgniter->run()
 6 SYSTEMPATH/Commands/Server/rewrite.php(43): require_once('FCPATH/index.php')
