ERROR - 2022-08-09 20:47:18 --> Column 'created_at' in where clause is ambiguous
CRITICAL - 2022-08-09 20:47:18 --> Column 'created_at' in where clause is ambiguous
in SYSTEMPATH/Database/MySQLi/Connection.php on line 292.
 1 SYSTEMPATH/Database/MySQLi/Connection.php(292): mysqli->query()
 2 SYSTEMPATH/Database/BaseConnection.php(695): CodeIgniter\Database\MySQLi\Connection->execute()
 3 SYSTEMPATH/Database/BaseConnection.php(609): CodeIgniter\Database\BaseConnection->simpleQuery()
 4 SYSTEMPATH/Database/BaseBuilder.php(1585): CodeIgniter\Database\BaseConnection->query()
 5 SYSTEMPATH/Model.php(771): CodeIgniter\Database\BaseBuilder->get()
 6 APPPATH/Models/ArusStokModel.php(38): CodeIgniter\Model->__call()
 7 APPPATH/Controllers/Api/Rfid.php(21): App\Models\ArusStokModel->rfidAll()
 8 SYSTEMPATH/CodeIgniter.php(896): App\Controllers\Api\Rfid->index()
 9 SYSTEMPATH/CodeIgniter.php(466): CodeIgniter\CodeIgniter->runController()
10 SYSTEMPATH/CodeIgniter.php(349): CodeIgniter\CodeIgniter->handleRequest()
11 FCPATH/index.php(55): CodeIgniter\CodeIgniter->run()
12 SYSTEMPATH/Commands/Server/rewrite.php(43): require_once('FCPATH/index.php')
ERROR - 2022-08-09 20:49:47 --> Unknown column 'cosde' in 'where clause'
CRITICAL - 2022-08-09 20:49:47 --> Unknown column 'cosde' in 'where clause'
in SYSTEMPATH/Database/MySQLi/Connection.php on line 292.
 1 SYSTEMPATH/Database/MySQLi/Connection.php(292): mysqli->query()
 2 SYSTEMPATH/Database/BaseConnection.php(695): CodeIgniter\Database\MySQLi\Connection->execute()
 3 SYSTEMPATH/Database/BaseConnection.php(609): CodeIgniter\Database\BaseConnection->simpleQuery()
 4 SYSTEMPATH/Database/BaseBuilder.php(1585): CodeIgniter\Database\BaseConnection->query()
 5 SYSTEMPATH/Model.php(771): CodeIgniter\Database\BaseBuilder->get()
 6 APPPATH/Models/ArusStokModel.php(38): CodeIgniter\Model->__call()
 7 APPPATH/Controllers/Api/Rfid.php(21): App\Models\ArusStokModel->rfidAll()
 8 SYSTEMPATH/CodeIgniter.php(896): App\Controllers\Api\Rfid->index()
 9 SYSTEMPATH/CodeIgniter.php(466): CodeIgniter\CodeIgniter->runController()
10 SYSTEMPATH/CodeIgniter.php(349): CodeIgniter\CodeIgniter->handleRequest()
11 FCPATH/index.php(55): CodeIgniter\CodeIgniter->run()
12 SYSTEMPATH/Commands/Server/rewrite.php(43): require_once('FCPATH/index.php')
ERROR - 2022-08-09 20:51:55 --> Unknown column 'updated_at' in 'field list'
CRITICAL - 2022-08-09 20:51:55 --> Unknown column 'updated_at' in 'field list'
in SYSTEMPATH/Database/MySQLi/Connection.php on line 292.
 1 SYSTEMPATH/Database/MySQLi/Connection.php(292): mysqli->query()
 2 SYSTEMPATH/Database/BaseConnection.php(695): CodeIgniter\Database\MySQLi\Connection->execute()
 3 SYSTEMPATH/Database/BaseConnection.php(609): CodeIgniter\Database\BaseConnection->simpleQuery()
 4 SYSTEMPATH/Database/BaseBuilder.php(1904): CodeIgniter\Database\BaseConnection->query()
 5 SYSTEMPATH/Model.php(278): CodeIgniter\Database\BaseBuilder->insert()
 6 SYSTEMPATH/BaseModel.php(738): CodeIgniter\Model->doInsert()
 7 SYSTEMPATH/Model.php(666): CodeIgniter\BaseModel->insert()
 8 APPPATH/Controllers/Api/Rfid.php(64): CodeIgniter\Model->insert()
 9 SYSTEMPATH/CodeIgniter.php(896): App\Controllers\Api\Rfid->create()
10 SYSTEMPATH/CodeIgniter.php(466): CodeIgniter\CodeIgniter->runController()
11 SYSTEMPATH/CodeIgniter.php(349): CodeIgniter\CodeIgniter->handleRequest()
12 FCPATH/index.php(55): CodeIgniter\CodeIgniter->run()
13 SYSTEMPATH/Commands/Server/rewrite.php(43): require_once('FCPATH/index.php')
ERROR - 2022-08-09 20:52:41 --> Unknown column 'updated_at' in 'field list'
CRITICAL - 2022-08-09 20:52:41 --> Unknown column 'updated_at' in 'field list'
in SYSTEMPATH/Database/MySQLi/Connection.php on line 292.
 1 SYSTEMPATH/Database/MySQLi/Connection.php(292): mysqli->query()
 2 SYSTEMPATH/Database/BaseConnection.php(695): CodeIgniter\Database\MySQLi\Connection->execute()
 3 SYSTEMPATH/Database/BaseConnection.php(609): CodeIgniter\Database\BaseConnection->simpleQuery()
 4 SYSTEMPATH/Database/BaseBuilder.php(1904): CodeIgniter\Database\BaseConnection->query()
 5 SYSTEMPATH/Model.php(278): CodeIgniter\Database\BaseBuilder->insert()
 6 SYSTEMPATH/BaseModel.php(738): CodeIgniter\Model->doInsert()
 7 SYSTEMPATH/Model.php(666): CodeIgniter\BaseModel->insert()
 8 APPPATH/Controllers/Api/Rfid.php(64): CodeIgniter\Model->insert()
 9 SYSTEMPATH/CodeIgniter.php(896): App\Controllers\Api\Rfid->create()
10 SYSTEMPATH/CodeIgniter.php(466): CodeIgniter\CodeIgniter->runController()
11 SYSTEMPATH/CodeIgniter.php(349): CodeIgniter\CodeIgniter->handleRequest()
12 FCPATH/index.php(55): CodeIgniter\CodeIgniter->run()
13 SYSTEMPATH/Commands/Server/rewrite.php(43): require_once('FCPATH/index.php')
ERROR - 2022-08-09 20:58:31 --> Unknown column 'table_barang_rfid.created_ats' in 'where clause'
CRITICAL - 2022-08-09 20:58:31 --> Unknown column 'table_barang_rfid.created_ats' in 'where clause'
in SYSTEMPATH/Database/MySQLi/Connection.php on line 292.
 1 SYSTEMPATH/Database/MySQLi/Connection.php(292): mysqli->query()
 2 SYSTEMPATH/Database/BaseConnection.php(695): CodeIgniter\Database\MySQLi\Connection->execute()
 3 SYSTEMPATH/Database/BaseConnection.php(609): CodeIgniter\Database\BaseConnection->simpleQuery()
 4 SYSTEMPATH/Database/BaseBuilder.php(1585): CodeIgniter\Database\BaseConnection->query()
 5 SYSTEMPATH/Model.php(771): CodeIgniter\Database\BaseBuilder->get()
 6 APPPATH/Models/ArusStokModel.php(39): CodeIgniter\Model->__call()
 7 APPPATH/Controllers/Api/Rfid.php(21): App\Models\ArusStokModel->rfidAll()
 8 SYSTEMPATH/CodeIgniter.php(896): App\Controllers\Api\Rfid->index()
 9 SYSTEMPATH/CodeIgniter.php(466): CodeIgniter\CodeIgniter->runController()
10 SYSTEMPATH/CodeIgniter.php(349): CodeIgniter\CodeIgniter->handleRequest()
11 FCPATH/index.php(55): CodeIgniter\CodeIgniter->run()
12 SYSTEMPATH/Commands/Server/rewrite.php(43): require_once('FCPATH/index.php')
ERROR - 2022-08-09 21:00:55 --> Unknown column 'table_barang.id' in 'field list'
CRITICAL - 2022-08-09 21:00:55 --> Unknown column 'table_barang.id' in 'field list'
in SYSTEMPATH/Database/MySQLi/Connection.php on line 292.
 1 SYSTEMPATH/Database/MySQLi/Connection.php(292): mysqli->query()
 2 SYSTEMPATH/Database/BaseConnection.php(695): CodeIgniter\Database\MySQLi\Connection->execute()
 3 SYSTEMPATH/Database/BaseConnection.php(609): CodeIgniter\Database\BaseConnection->simpleQuery()
 4 SYSTEMPATH/Database/BaseBuilder.php(1585): CodeIgniter\Database\BaseConnection->query()
 5 SYSTEMPATH/Model.php(771): CodeIgniter\Database\BaseBuilder->get()
 6 APPPATH/Models/ArusStokModel.php(39): CodeIgniter\Model->__call()
 7 APPPATH/Controllers/Api/Rfid.php(21): App\Models\ArusStokModel->rfidAll()
 8 SYSTEMPATH/CodeIgniter.php(896): App\Controllers\Api\Rfid->index()
 9 SYSTEMPATH/CodeIgniter.php(466): CodeIgniter\CodeIgniter->runController()
10 SYSTEMPATH/CodeIgniter.php(349): CodeIgniter\CodeIgniter->handleRequest()
11 FCPATH/index.php(55): CodeIgniter\CodeIgniter->run()
12 SYSTEMPATH/Commands/Server/rewrite.php(43): require_once('FCPATH/index.php')
ERROR - 2022-08-09 21:04:47 --> Unknown column 'scode' in 'where clause'
CRITICAL - 2022-08-09 21:04:47 --> Unknown column 'scode' in 'where clause'
in SYSTEMPATH/Database/MySQLi/Connection.php on line 292.
 1 SYSTEMPATH/Database/MySQLi/Connection.php(292): mysqli->query()
 2 SYSTEMPATH/Database/BaseConnection.php(695): CodeIgniter\Database\MySQLi\Connection->execute()
 3 SYSTEMPATH/Database/BaseConnection.php(609): CodeIgniter\Database\BaseConnection->simpleQuery()
 4 SYSTEMPATH/Database/BaseBuilder.php(1585): CodeIgniter\Database\BaseConnection->query()
 5 SYSTEMPATH/Model.php(771): CodeIgniter\Database\BaseBuilder->get()
 6 APPPATH/Models/ArusStokModel.php(39): CodeIgniter\Model->__call()
 7 APPPATH/Controllers/Api/Rfid.php(21): App\Models\ArusStokModel->rfidAll()
 8 SYSTEMPATH/CodeIgniter.php(896): App\Controllers\Api\Rfid->index()
 9 SYSTEMPATH/CodeIgniter.php(466): CodeIgniter\CodeIgniter->runController()
10 SYSTEMPATH/CodeIgniter.php(349): CodeIgniter\CodeIgniter->handleRequest()
11 FCPATH/index.php(55): CodeIgniter\CodeIgniter->run()
12 SYSTEMPATH/Commands/Server/rewrite.php(43): require_once('FCPATH/index.php')
ERROR - 2022-08-09 21:05:10 --> Column 'created_at' in where clause is ambiguous
CRITICAL - 2022-08-09 21:05:10 --> Column 'created_at' in where clause is ambiguous
in SYSTEMPATH/Database/MySQLi/Connection.php on line 292.
 1 SYSTEMPATH/Database/MySQLi/Connection.php(292): mysqli->query()
 2 SYSTEMPATH/Database/BaseConnection.php(695): CodeIgniter\Database\MySQLi\Connection->execute()
 3 SYSTEMPATH/Database/BaseConnection.php(609): CodeIgniter\Database\BaseConnection->simpleQuery()
 4 SYSTEMPATH/Database/BaseBuilder.php(1585): CodeIgniter\Database\BaseConnection->query()
 5 SYSTEMPATH/Model.php(771): CodeIgniter\Database\BaseBuilder->get()
 6 APPPATH/Models/ArusStokModel.php(38): CodeIgniter\Model->__call()
 7 APPPATH/Controllers/Api/Rfid.php(21): App\Models\ArusStokModel->rfidAll()
 8 SYSTEMPATH/CodeIgniter.php(896): App\Controllers\Api\Rfid->index()
 9 SYSTEMPATH/CodeIgniter.php(466): CodeIgniter\CodeIgniter->runController()
10 SYSTEMPATH/CodeIgniter.php(349): CodeIgniter\CodeIgniter->handleRequest()
11 FCPATH/index.php(55): CodeIgniter\CodeIgniter->run()
12 SYSTEMPATH/Commands/Server/rewrite.php(43): require_once('FCPATH/index.php')
ERROR - 2022-08-09 21:05:37 --> Unknown column 'tablse_barang_rfid.created_at' in 'where clause'
CRITICAL - 2022-08-09 21:05:37 --> Unknown column 'tablse_barang_rfid.created_at' in 'where clause'
in SYSTEMPATH/Database/MySQLi/Connection.php on line 292.
 1 SYSTEMPATH/Database/MySQLi/Connection.php(292): mysqli->query()
 2 SYSTEMPATH/Database/BaseConnection.php(695): CodeIgniter\Database\MySQLi\Connection->execute()
 3 SYSTEMPATH/Database/BaseConnection.php(609): CodeIgniter\Database\BaseConnection->simpleQuery()
 4 SYSTEMPATH/Database/BaseBuilder.php(1585): CodeIgniter\Database\BaseConnection->query()
 5 SYSTEMPATH/Model.php(771): CodeIgniter\Database\BaseBuilder->get()
 6 APPPATH/Models/ArusStokModel.php(38): CodeIgniter\Model->__call()
 7 APPPATH/Controllers/Api/Rfid.php(21): App\Models\ArusStokModel->rfidAll()
 8 SYSTEMPATH/CodeIgniter.php(896): App\Controllers\Api\Rfid->index()
 9 SYSTEMPATH/CodeIgniter.php(466): CodeIgniter\CodeIgniter->runController()
10 SYSTEMPATH/CodeIgniter.php(349): CodeIgniter\CodeIgniter->handleRequest()
11 FCPATH/index.php(55): CodeIgniter\CodeIgniter->run()
12 SYSTEMPATH/Commands/Server/rewrite.php(43): require_once('FCPATH/index.php')
ERROR - 2022-08-09 21:08:47 --> You have an error in your SQL syntax; check the manual that corresponds to your MariaDB server version for the right syntax to use near '%Y-%m-%d, table_barang_rfid.created_at) = '2022-07-26'
ORDER BY `table_barang...' at line 4
CRITICAL - 2022-08-09 21:08:47 --> You have an error in your SQL syntax; check the manual that corresponds to your MariaDB server version for the right syntax to use near '%Y-%m-%d, table_barang_rfid.created_at) = '2022-07-26'
ORDER BY `table_barang...' at line 4
in SYSTEMPATH/Database/MySQLi/Connection.php on line 292.
 1 SYSTEMPATH/Database/MySQLi/Connection.php(292): mysqli->query()
 2 SYSTEMPATH/Database/BaseConnection.php(695): CodeIgniter\Database\MySQLi\Connection->execute()
 3 SYSTEMPATH/Database/BaseConnection.php(609): CodeIgniter\Database\BaseConnection->simpleQuery()
 4 SYSTEMPATH/Database/BaseBuilder.php(1585): CodeIgniter\Database\BaseConnection->query()
 5 SYSTEMPATH/Model.php(771): CodeIgniter\Database\BaseBuilder->get()
 6 APPPATH/Models/ArusStokModel.php(38): CodeIgniter\Model->__call()
 7 APPPATH/Controllers/Api/Rfid.php(21): App\Models\ArusStokModel->rfidAll()
 8 SYSTEMPATH/CodeIgniter.php(896): App\Controllers\Api\Rfid->index()
 9 SYSTEMPATH/CodeIgniter.php(466): CodeIgniter\CodeIgniter->runController()
10 SYSTEMPATH/CodeIgniter.php(349): CodeIgniter\CodeIgniter->handleRequest()
11 FCPATH/index.php(55): CodeIgniter\CodeIgniter->run()
12 SYSTEMPATH/Commands/Server/rewrite.php(43): require_once('FCPATH/index.php')
