CRITICAL - 2022-07-29 19:32:21 --> Class 'App\Controllers\Api\ArusStokModel' not found
in APPPATH/Controllers/Api/BarangMasukDetail.php on line 133.
 1 SYSTEMPATH/CodeIgniter.php(896): App\Controllers\Api\BarangMasukDetail->delete()
 2 SYSTEMPATH/CodeIgniter.php(466): CodeIgniter\CodeIgniter->runController()
 3 SYSTEMPATH/CodeIgniter.php(349): CodeIgniter\CodeIgniter->handleRequest()
 4 FCPATH/index.php(55): CodeIgniter\CodeIgniter->run()
 5 SYSTEMPATH/Commands/Server/rewrite.php(43): require_once('FCPATH/index.php')
ERROR - 2022-07-29 23:10:34 --> Unknown column 'detail_barang_masuk' in 'IN/ALL/ANY subquery'
CRITICAL - 2022-07-29 23:10:34 --> Unknown column 'detail_barang_masuk' in 'IN/ALL/ANY subquery'
in SYSTEMPATH/Database/MySQLi/Connection.php on line 292.
 1 SYSTEMPATH/Database/MySQLi/Connection.php(292): mysqli->query()
 2 SYSTEMPATH/Database/BaseConnection.php(695): CodeIgniter\Database\MySQLi\Connection->execute()
 3 SYSTEMPATH/Database/BaseConnection.php(609): CodeIgniter\Database\BaseConnection->simpleQuery()
 4 SYSTEMPATH/Database/BaseBuilder.php(2046): CodeIgniter\Database\BaseConnection->query()
 5 APPPATH/Models/ArusStokModel.php(97): CodeIgniter\Database\BaseBuilder->update()
 6 APPPATH/Controllers/Api/BarangMasuk.php(179): App\Models\ArusStokModel->deleteInbound()
 7 SYSTEMPATH/CodeIgniter.php(896): App\Controllers\Api\BarangMasuk->delete()
 8 SYSTEMPATH/CodeIgniter.php(466): CodeIgniter\CodeIgniter->runController()
 9 SYSTEMPATH/CodeIgniter.php(349): CodeIgniter\CodeIgniter->handleRequest()
10 FCPATH/index.php(55): CodeIgniter\CodeIgniter->run()
11 SYSTEMPATH/Commands/Server/rewrite.php(43): require_once('FCPATH/index.php')
ERROR - 2022-07-29 23:10:55 --> Unknown column 'detail_barang_masuk' in 'IN/ALL/ANY subquery'
CRITICAL - 2022-07-29 23:10:55 --> Unknown column 'detail_barang_masuk' in 'IN/ALL/ANY subquery'
in SYSTEMPATH/Database/MySQLi/Connection.php on line 292.
 1 SYSTEMPATH/Database/MySQLi/Connection.php(292): mysqli->query()
 2 SYSTEMPATH/Database/BaseConnection.php(695): CodeIgniter\Database\MySQLi\Connection->execute()
 3 SYSTEMPATH/Database/BaseConnection.php(609): CodeIgniter\Database\BaseConnection->simpleQuery()
 4 SYSTEMPATH/Database/BaseBuilder.php(2046): CodeIgniter\Database\BaseConnection->query()
 5 APPPATH/Models/ArusStokModel.php(97): CodeIgniter\Database\BaseBuilder->update()
 6 APPPATH/Controllers/Api/BarangMasuk.php(179): App\Models\ArusStokModel->deleteInbound()
 7 SYSTEMPATH/CodeIgniter.php(896): App\Controllers\Api\BarangMasuk->delete()
 8 SYSTEMPATH/CodeIgniter.php(466): CodeIgniter\CodeIgniter->runController()
 9 SYSTEMPATH/CodeIgniter.php(349): CodeIgniter\CodeIgniter->handleRequest()
10 FCPATH/index.php(55): CodeIgniter\CodeIgniter->run()
11 SYSTEMPATH/Commands/Server/rewrite.php(43): require_once('FCPATH/index.php')
CRITICAL - 2022-07-29 23:43:41 --> Call to undefined method App\Models\ArusStokModel::deleteOutbound
in SYSTEMPATH/Model.php on line 773.
 1 APPPATH/Controllers/Api/BarangKeluar.php(156): CodeIgniter\Model->__call()
 2 SYSTEMPATH/CodeIgniter.php(896): App\Controllers\Api\BarangKeluar->delete()
 3 SYSTEMPATH/CodeIgniter.php(466): CodeIgniter\CodeIgniter->runController()
 4 SYSTEMPATH/CodeIgniter.php(349): CodeIgniter\CodeIgniter->handleRequest()
 5 FCPATH/index.php(55): CodeIgniter\CodeIgniter->run()
 6 SYSTEMPATH/Commands/Server/rewrite.php(43): require_once('FCPATH/index.php')
CRITICAL - 2022-07-29 23:43:41 --> Call to undefined method App\Models\ArusStokModel::deleteOutbound
in SYSTEMPATH/Model.php on line 773.
 1 APPPATH/Controllers/Api/BarangKeluar.php(156): CodeIgniter\Model->__call()
 2 SYSTEMPATH/CodeIgniter.php(896): App\Controllers\Api\BarangKeluar->delete()
 3 SYSTEMPATH/CodeIgniter.php(466): CodeIgniter\CodeIgniter->runController()
 4 SYSTEMPATH/CodeIgniter.php(349): CodeIgniter\CodeIgniter->handleRequest()
 5 FCPATH/index.php(55): CodeIgniter\CodeIgniter->run()
 6 SYSTEMPATH/Commands/Server/rewrite.php(43): require_once('FCPATH/index.php')
CRITICAL - 2022-07-29 23:49:21 --> Call to a member function commit() on bool
in SYSTEMPATH/Database/MySQLi/Connection.php on line 583.
 1 SYSTEMPATH/Database/BaseConnection.php(819): CodeIgniter\Database\MySQLi\Connection->_transCommit()
 2 SYSTEMPATH/Database/BaseConnection.php(764): CodeIgniter\Database\BaseConnection->transCommit()
 3 APPPATH/Controllers/Api/BarangKeluar.php(157): CodeIgniter\Database\BaseConnection->transComplete()
 4 SYSTEMPATH/CodeIgniter.php(896): App\Controllers\Api\BarangKeluar->delete()
 5 SYSTEMPATH/CodeIgniter.php(466): CodeIgniter\CodeIgniter->runController()
 6 SYSTEMPATH/CodeIgniter.php(349): CodeIgniter\CodeIgniter->handleRequest()
 7 FCPATH/index.php(55): CodeIgniter\CodeIgniter->run()
 8 SYSTEMPATH/Commands/Server/rewrite.php(43): require_once('FCPATH/index.php')
CRITICAL - 2022-07-29 23:49:26 --> Call to a member function commit() on bool
in SYSTEMPATH/Database/MySQLi/Connection.php on line 583.
 1 SYSTEMPATH/Database/BaseConnection.php(819): CodeIgniter\Database\MySQLi\Connection->_transCommit()
 2 SYSTEMPATH/Database/BaseConnection.php(764): CodeIgniter\Database\BaseConnection->transCommit()
 3 APPPATH/Controllers/Api/BarangKeluar.php(157): CodeIgniter\Database\BaseConnection->transComplete()
 4 SYSTEMPATH/CodeIgniter.php(896): App\Controllers\Api\BarangKeluar->delete()
 5 SYSTEMPATH/CodeIgniter.php(466): CodeIgniter\CodeIgniter->runController()
 6 SYSTEMPATH/CodeIgniter.php(349): CodeIgniter\CodeIgniter->handleRequest()
 7 FCPATH/index.php(55): CodeIgniter\CodeIgniter->run()
 8 SYSTEMPATH/Commands/Server/rewrite.php(43): require_once('FCPATH/index.php')
