CRITICAL - 2022-07-28 22:09:44 --> Argument 1 passed to App\Models\ArusStokModel::App\Models\{closure}() must be an instance of App\Models\BaseBuilder, instance of CodeIgniter\Database\MySQLi\Builder given, called in /opt/lampp/htdocs/gudang/system/Database/BaseBuilder.php on line 2904
in APPPATH/Models/ArusStokModel.php on line 87.
 1 SYSTEMPATH/Database/BaseBuilder.php(2904): App\Models\ArusStokModel::App\Models\{closure}()
 2 SYSTEMPATH/Database/BaseBuilder.php(926): CodeIgniter\Database\BaseBuilder->buildSubquery()
 3 SYSTEMPATH/Database/BaseBuilder.php(789): CodeIgniter\Database\BaseBuilder->_whereIn()
 4 SYSTEMPATH/Model.php(771): CodeIgniter\Database\BaseBuilder->whereIn()
 5 APPPATH/Models/ArusStokModel.php(88): CodeIgniter\Model->__call()
 6 APPPATH/Controllers/Api/BarangMasuk.php(179): App\Models\ArusStokModel->deleteFakturInboundRfidStok()
 7 SYSTEMPATH/CodeIgniter.php(896): App\Controllers\Api\BarangMasuk->delete()
 8 SYSTEMPATH/CodeIgniter.php(466): CodeIgniter\CodeIgniter->runController()
 9 SYSTEMPATH/CodeIgniter.php(349): CodeIgniter\CodeIgniter->handleRequest()
10 FCPATH/index.php(55): CodeIgniter\CodeIgniter->run()
11 SYSTEMPATH/Commands/Server/rewrite.php(43): require_once('FCPATH/index.php')
CRITICAL - 2022-07-28 22:13:41 --> Argument 1 passed to App\Models\ArusStokModel::App\Models\{closure}() must be an instance of App\Models\BaseBuilder, instance of CodeIgniter\Database\MySQLi\Builder given, called in /opt/lampp/htdocs/gudang/system/Database/BaseBuilder.php on line 2904
in APPPATH/Models/ArusStokModel.php on line 89.
 1 SYSTEMPATH/Database/BaseBuilder.php(2904): App\Models\ArusStokModel::App\Models\{closure}()
 2 SYSTEMPATH/Database/BaseBuilder.php(926): CodeIgniter\Database\BaseBuilder->buildSubquery()
 3 SYSTEMPATH/Database/BaseBuilder.php(789): CodeIgniter\Database\BaseBuilder->_whereIn()
 4 APPPATH/Models/ArusStokModel.php(90): CodeIgniter\Database\BaseBuilder->whereIn()
 5 APPPATH/Controllers/Api/BarangMasuk.php(179): App\Models\ArusStokModel->deleteFakturInboundRfidStok()
 6 SYSTEMPATH/CodeIgniter.php(896): App\Controllers\Api\BarangMasuk->delete()
 7 SYSTEMPATH/CodeIgniter.php(466): CodeIgniter\CodeIgniter->runController()
 8 SYSTEMPATH/CodeIgniter.php(349): CodeIgniter\CodeIgniter->handleRequest()
 9 FCPATH/index.php(55): CodeIgniter\CodeIgniter->run()
10 SYSTEMPATH/Commands/Server/rewrite.php(43): require_once('FCPATH/index.php')
CRITICAL - 2022-07-28 22:14:28 --> Argument 1 passed to App\Models\ArusStokModel::App\Models\{closure}() must be an instance of App\Models\BaseBuilder, instance of CodeIgniter\Database\MySQLi\Builder given, called in /opt/lampp/htdocs/gudang/system/Database/BaseBuilder.php on line 2904
in APPPATH/Models/ArusStokModel.php on line 89.
 1 SYSTEMPATH/Database/BaseBuilder.php(2904): App\Models\ArusStokModel::App\Models\{closure}()
 2 SYSTEMPATH/Database/BaseBuilder.php(926): CodeIgniter\Database\BaseBuilder->buildSubquery()
 3 SYSTEMPATH/Database/BaseBuilder.php(789): CodeIgniter\Database\BaseBuilder->_whereIn()
 4 APPPATH/Models/ArusStokModel.php(90): CodeIgniter\Database\BaseBuilder->whereIn()
 5 APPPATH/Controllers/Api/BarangMasuk.php(179): App\Models\ArusStokModel->deleteFakturInboundRfidStok()
 6 SYSTEMPATH/CodeIgniter.php(896): App\Controllers\Api\BarangMasuk->delete()
 7 SYSTEMPATH/CodeIgniter.php(466): CodeIgniter\CodeIgniter->runController()
 8 SYSTEMPATH/CodeIgniter.php(349): CodeIgniter\CodeIgniter->handleRequest()
 9 FCPATH/index.php(55): CodeIgniter\CodeIgniter->run()
10 SYSTEMPATH/Commands/Server/rewrite.php(43): require_once('FCPATH/index.php')
CRITICAL - 2022-07-28 22:14:42 --> Argument 1 passed to App\Models\ArusStokModel::App\Models\{closure}() must be an instance of App\Models\BaseBuilder, instance of CodeIgniter\Database\MySQLi\Builder given, called in /opt/lampp/htdocs/gudang/system/Database/BaseBuilder.php on line 2904
in APPPATH/Models/ArusStokModel.php on line 89.
 1 SYSTEMPATH/Database/BaseBuilder.php(2904): App\Models\ArusStokModel::App\Models\{closure}()
 2 SYSTEMPATH/Database/BaseBuilder.php(926): CodeIgniter\Database\BaseBuilder->buildSubquery()
 3 SYSTEMPATH/Database/BaseBuilder.php(789): CodeIgniter\Database\BaseBuilder->_whereIn()
 4 APPPATH/Models/ArusStokModel.php(90): CodeIgniter\Database\BaseBuilder->whereIn()
 5 APPPATH/Controllers/Api/BarangMasuk.php(179): App\Models\ArusStokModel->deleteFakturInboundRfidStok()
 6 SYSTEMPATH/CodeIgniter.php(896): App\Controllers\Api\BarangMasuk->delete()
 7 SYSTEMPATH/CodeIgniter.php(466): CodeIgniter\CodeIgniter->runController()
 8 SYSTEMPATH/CodeIgniter.php(349): CodeIgniter\CodeIgniter->handleRequest()
 9 FCPATH/index.php(55): CodeIgniter\CodeIgniter->run()
10 SYSTEMPATH/Commands/Server/rewrite.php(43): require_once('FCPATH/index.php')
CRITICAL - 2022-07-28 22:15:26 --> Argument 1 passed to App\Models\ArusStokModel::App\Models\{closure}() must be an instance of App\Models\BaseBuilder, instance of CodeIgniter\Database\MySQLi\Builder given, called in /opt/lampp/htdocs/gudang/system/Database/BaseBuilder.php on line 2904
in APPPATH/Models/ArusStokModel.php on line 87.
 1 SYSTEMPATH/Database/BaseBuilder.php(2904): App\Models\ArusStokModel::App\Models\{closure}()
 2 SYSTEMPATH/Database/BaseBuilder.php(926): CodeIgniter\Database\BaseBuilder->buildSubquery()
 3 SYSTEMPATH/Database/BaseBuilder.php(789): CodeIgniter\Database\BaseBuilder->_whereIn()
 4 SYSTEMPATH/Model.php(771): CodeIgniter\Database\BaseBuilder->whereIn()
 5 APPPATH/Models/ArusStokModel.php(88): CodeIgniter\Model->__call()
 6 APPPATH/Controllers/Api/BarangMasuk.php(179): App\Models\ArusStokModel->deleteFakturInboundRfidStok()
 7 SYSTEMPATH/CodeIgniter.php(896): App\Controllers\Api\BarangMasuk->delete()
 8 SYSTEMPATH/CodeIgniter.php(466): CodeIgniter\CodeIgniter->runController()
 9 SYSTEMPATH/CodeIgniter.php(349): CodeIgniter\CodeIgniter->handleRequest()
10 FCPATH/index.php(55): CodeIgniter\CodeIgniter->run()
11 SYSTEMPATH/Commands/Server/rewrite.php(43): require_once('FCPATH/index.php')
CRITICAL - 2022-07-28 22:17:49 --> Argument 1 passed to App\Models\ArusStokModel::App\Models\{closure}() must be an instance of App\Models\BaseBuilder, instance of CodeIgniter\Database\MySQLi\Builder given, called in /opt/lampp/htdocs/gudang/system/Database/BaseBuilder.php on line 2904
in APPPATH/Models/ArusStokModel.php on line 87.
 1 SYSTEMPATH/Database/BaseBuilder.php(2904): App\Models\ArusStokModel::App\Models\{closure}()
 2 SYSTEMPATH/Database/BaseBuilder.php(926): CodeIgniter\Database\BaseBuilder->buildSubquery()
 3 SYSTEMPATH/Database/BaseBuilder.php(789): CodeIgniter\Database\BaseBuilder->_whereIn()
 4 SYSTEMPATH/Model.php(771): CodeIgniter\Database\BaseBuilder->whereIn()
 5 APPPATH/Models/ArusStokModel.php(87): CodeIgniter\Model->__call()
 6 APPPATH/Controllers/Api/BarangMasuk.php(179): App\Models\ArusStokModel->deleteFakturInboundRfidStok()
 7 SYSTEMPATH/CodeIgniter.php(896): App\Controllers\Api\BarangMasuk->delete()
 8 SYSTEMPATH/CodeIgniter.php(466): CodeIgniter\CodeIgniter->runController()
 9 SYSTEMPATH/CodeIgniter.php(349): CodeIgniter\CodeIgniter->handleRequest()
10 FCPATH/index.php(55): CodeIgniter\CodeIgniter->run()
11 SYSTEMPATH/Commands/Server/rewrite.php(43): require_once('FCPATH/index.php')
CRITICAL - 2022-07-28 22:19:50 --> Argument 1 passed to App\Models\ArusStokModel::App\Models\{closure}() must be an instance of App\Models\BaseBuilder, instance of CodeIgniter\Database\MySQLi\Builder given, called in /opt/lampp/htdocs/gudang/system/Database/BaseBuilder.php on line 2904
in APPPATH/Models/ArusStokModel.php on line 90.
 1 SYSTEMPATH/Database/BaseBuilder.php(2904): App\Models\ArusStokModel::App\Models\{closure}()
 2 SYSTEMPATH/Database/BaseBuilder.php(926): CodeIgniter\Database\BaseBuilder->buildSubquery()
 3 SYSTEMPATH/Database/BaseBuilder.php(789): CodeIgniter\Database\BaseBuilder->_whereIn()
 4 APPPATH/Models/ArusStokModel.php(90): CodeIgniter\Database\BaseBuilder->whereIn()
 5 APPPATH/Controllers/Api/BarangMasuk.php(179): App\Models\ArusStokModel->deleteFakturInboundRfidStok()
 6 SYSTEMPATH/CodeIgniter.php(896): App\Controllers\Api\BarangMasuk->delete()
 7 SYSTEMPATH/CodeIgniter.php(466): CodeIgniter\CodeIgniter->runController()
 8 SYSTEMPATH/CodeIgniter.php(349): CodeIgniter\CodeIgniter->handleRequest()
 9 FCPATH/index.php(55): CodeIgniter\CodeIgniter->run()
10 SYSTEMPATH/Commands/Server/rewrite.php(43): require_once('FCPATH/index.php')
CRITICAL - 2022-07-28 22:20:23 --> Argument 1 passed to App\Models\ArusStokModel::App\Models\{closure}() must be an instance of App\Models\BaseBuilder, instance of CodeIgniter\Database\MySQLi\Builder given, called in /opt/lampp/htdocs/gudang/system/Database/BaseBuilder.php on line 2904
in APPPATH/Models/ArusStokModel.php on line 91.
 1 SYSTEMPATH/Database/BaseBuilder.php(2904): App\Models\ArusStokModel::App\Models\{closure}()
 2 SYSTEMPATH/Database/BaseBuilder.php(926): CodeIgniter\Database\BaseBuilder->buildSubquery()
 3 SYSTEMPATH/Database/BaseBuilder.php(789): CodeIgniter\Database\BaseBuilder->_whereIn()
 4 APPPATH/Models/ArusStokModel.php(91): CodeIgniter\Database\BaseBuilder->whereIn()
 5 APPPATH/Controllers/Api/BarangMasuk.php(179): App\Models\ArusStokModel->deleteFakturInboundRfidStok()
 6 SYSTEMPATH/CodeIgniter.php(896): App\Controllers\Api\BarangMasuk->delete()
 7 SYSTEMPATH/CodeIgniter.php(466): CodeIgniter\CodeIgniter->runController()
 8 SYSTEMPATH/CodeIgniter.php(349): CodeIgniter\CodeIgniter->handleRequest()
 9 FCPATH/index.php(55): CodeIgniter\CodeIgniter->run()
10 SYSTEMPATH/Commands/Server/rewrite.php(43): require_once('FCPATH/index.php')
CRITICAL - 2022-07-28 22:25:19 --> Call to undefined method CodeIgniter\Database\MySQLi\Connection::select()
in APPPATH/Models/ArusStokModel.php on line 90.
 1 APPPATH/Controllers/Api/BarangMasuk.php(179): App\Models\ArusStokModel->deleteFakturInboundRfidStok()
 2 SYSTEMPATH/CodeIgniter.php(896): App\Controllers\Api\BarangMasuk->delete()
 3 SYSTEMPATH/CodeIgniter.php(466): CodeIgniter\CodeIgniter->runController()
 4 SYSTEMPATH/CodeIgniter.php(349): CodeIgniter\CodeIgniter->handleRequest()
 5 FCPATH/index.php(55): CodeIgniter\CodeIgniter->run()
 6 SYSTEMPATH/Commands/Server/rewrite.php(43): require_once('FCPATH/index.php')
ERROR - 2022-07-28 22:25:51 --> Unknown column 'barang_masuk' in 'where clause'
CRITICAL - 2022-07-28 22:25:51 --> Unknown column 'barang_masuk' in 'where clause'
in SYSTEMPATH/Database/MySQLi/Connection.php on line 292.
 1 SYSTEMPATH/Database/MySQLi/Connection.php(292): mysqli->query()
 2 SYSTEMPATH/Database/BaseConnection.php(695): CodeIgniter\Database\MySQLi\Connection->execute()
 3 SYSTEMPATH/Database/BaseConnection.php(609): CodeIgniter\Database\BaseConnection->simpleQuery()
 4 SYSTEMPATH/Database/BaseBuilder.php(2046): CodeIgniter\Database\BaseConnection->query()
 5 APPPATH/Models/ArusStokModel.php(93): CodeIgniter\Database\BaseBuilder->update()
 6 APPPATH/Controllers/Api/BarangMasuk.php(179): App\Models\ArusStokModel->deleteFakturInboundRfidStok()
 7 SYSTEMPATH/CodeIgniter.php(896): App\Controllers\Api\BarangMasuk->delete()
 8 SYSTEMPATH/CodeIgniter.php(466): CodeIgniter\CodeIgniter->runController()
 9 SYSTEMPATH/CodeIgniter.php(349): CodeIgniter\CodeIgniter->handleRequest()
10 FCPATH/index.php(55): CodeIgniter\CodeIgniter->run()
11 SYSTEMPATH/Commands/Server/rewrite.php(43): require_once('FCPATH/index.php')
ERROR - 2022-07-28 22:29:06 --> Unknown column 'faktur' in 'where clause'
CRITICAL - 2022-07-28 22:29:06 --> Unknown column 'faktur' in 'where clause'
in SYSTEMPATH/Database/MySQLi/Connection.php on line 292.
 1 SYSTEMPATH/Database/MySQLi/Connection.php(292): mysqli->query()
 2 SYSTEMPATH/Database/BaseConnection.php(695): CodeIgniter\Database\MySQLi\Connection->execute()
 3 SYSTEMPATH/Database/BaseConnection.php(609): CodeIgniter\Database\BaseConnection->simpleQuery()
 4 SYSTEMPATH/Database/BaseBuilder.php(2358): CodeIgniter\Database\BaseConnection->query()
 5 APPPATH/Models/ArusStokModel.php(95): CodeIgniter\Database\BaseBuilder->delete()
 6 APPPATH/Controllers/Api/BarangMasuk.php(179): App\Models\ArusStokModel->deleteFakturInboundRfidStok()
 7 SYSTEMPATH/CodeIgniter.php(896): App\Controllers\Api\BarangMasuk->delete()
 8 SYSTEMPATH/CodeIgniter.php(466): CodeIgniter\CodeIgniter->runController()
 9 SYSTEMPATH/CodeIgniter.php(349): CodeIgniter\CodeIgniter->handleRequest()
10 FCPATH/index.php(55): CodeIgniter\CodeIgniter->run()
11 SYSTEMPATH/Commands/Server/rewrite.php(43): require_once('FCPATH/index.php')
