CRITICAL - 2022-07-15 08:27:40 --> Call to undefined method App\Models\TempBarangMasukDetailModel::getResult
in SYSTEMPATH/Model.php on line 773.
 1 APPPATH/Controllers/Api/BarangMasuk.php(55): CodeIgniter\Model->__call()
 2 SYSTEMPATH/CodeIgniter.php(896): App\Controllers\Api\BarangMasuk->create()
 3 SYSTEMPATH/CodeIgniter.php(466): CodeIgniter\CodeIgniter->runController()
 4 SYSTEMPATH/CodeIgniter.php(349): CodeIgniter\CodeIgniter->handleRequest()
 5 FCPATH/index.php(55): CodeIgniter\CodeIgniter->run()
 6 SYSTEMPATH/Commands/Server/rewrite.php(43): require_once('FCPATH/index.php')
ERROR - 2022-07-15 08:30:12 --> You have an error in your SQL syntax; check the manual that corresponds to your MariaDB server version for the right syntax to use near ':0:
AND 1 = :1:' at line 3
CRITICAL - 2022-07-15 08:30:12 --> You have an error in your SQL syntax; check the manual that corresponds to your MariaDB server version for the right syntax to use near ':0:
AND 1 = :1:' at line 3
in SYSTEMPATH/Database/MySQLi/Connection.php on line 292.
 1 SYSTEMPATH/Database/MySQLi/Connection.php(292): mysqli->query()
 2 SYSTEMPATH/Database/BaseConnection.php(695): CodeIgniter\Database\MySQLi\Connection->execute()
 3 SYSTEMPATH/Database/BaseConnection.php(609): CodeIgniter\Database\BaseConnection->simpleQuery()
 4 SYSTEMPATH/Database/BaseBuilder.php(1718): CodeIgniter\Database\BaseConnection->query()
 5 SYSTEMPATH/Model.php(771): CodeIgniter\Database\BaseBuilder->getWhere()
 6 APPPATH/Controllers/Api/BarangMasuk.php(55): CodeIgniter\Model->__call()
 7 SYSTEMPATH/CodeIgniter.php(896): App\Controllers\Api\BarangMasuk->create()
 8 SYSTEMPATH/CodeIgniter.php(466): CodeIgniter\CodeIgniter->runController()
 9 SYSTEMPATH/CodeIgniter.php(349): CodeIgniter\CodeIgniter->handleRequest()
10 FCPATH/index.php(55): CodeIgniter\CodeIgniter->run()
11 SYSTEMPATH/Commands/Server/rewrite.php(43): require_once('FCPATH/index.php')
ERROR - 2022-07-15 08:30:26 --> You have an error in your SQL syntax; check the manual that corresponds to your MariaDB server version for the right syntax to use near ':0:
AND 1 = :1:' at line 3
CRITICAL - 2022-07-15 08:30:26 --> You have an error in your SQL syntax; check the manual that corresponds to your MariaDB server version for the right syntax to use near ':0:
AND 1 = :1:' at line 3
in SYSTEMPATH/Database/MySQLi/Connection.php on line 292.
 1 SYSTEMPATH/Database/MySQLi/Connection.php(292): mysqli->query()
 2 SYSTEMPATH/Database/BaseConnection.php(695): CodeIgniter\Database\MySQLi\Connection->execute()
 3 SYSTEMPATH/Database/BaseConnection.php(609): CodeIgniter\Database\BaseConnection->simpleQuery()
 4 SYSTEMPATH/Database/BaseBuilder.php(1718): CodeIgniter\Database\BaseConnection->query()
 5 SYSTEMPATH/Model.php(771): CodeIgniter\Database\BaseBuilder->getWhere()
 6 APPPATH/Controllers/Api/BarangMasuk.php(55): CodeIgniter\Model->__call()
 7 SYSTEMPATH/CodeIgniter.php(896): App\Controllers\Api\BarangMasuk->create()
 8 SYSTEMPATH/CodeIgniter.php(466): CodeIgniter\CodeIgniter->runController()
 9 SYSTEMPATH/CodeIgniter.php(349): CodeIgniter\CodeIgniter->handleRequest()
10 FCPATH/index.php(55): CodeIgniter\CodeIgniter->run()
11 SYSTEMPATH/Commands/Server/rewrite.php(43): require_once('FCPATH/index.php')
ERROR - 2022-07-15 08:30:52 --> You have an error in your SQL syntax; check the manual that corresponds to your MariaDB server version for the right syntax to use near ':0:
AND 1 = :1:' at line 3
CRITICAL - 2022-07-15 08:30:52 --> You have an error in your SQL syntax; check the manual that corresponds to your MariaDB server version for the right syntax to use near ':0:
AND 1 = :1:' at line 3
in SYSTEMPATH/Database/MySQLi/Connection.php on line 292.
 1 SYSTEMPATH/Database/MySQLi/Connection.php(292): mysqli->query()
 2 SYSTEMPATH/Database/BaseConnection.php(695): CodeIgniter\Database\MySQLi\Connection->execute()
 3 SYSTEMPATH/Database/BaseConnection.php(609): CodeIgniter\Database\BaseConnection->simpleQuery()
 4 SYSTEMPATH/Database/BaseBuilder.php(1718): CodeIgniter\Database\BaseConnection->query()
 5 SYSTEMPATH/Model.php(771): CodeIgniter\Database\BaseBuilder->getWhere()
 6 APPPATH/Controllers/Api/BarangMasuk.php(55): CodeIgniter\Model->__call()
 7 SYSTEMPATH/CodeIgniter.php(896): App\Controllers\Api\BarangMasuk->create()
 8 SYSTEMPATH/CodeIgniter.php(466): CodeIgniter\CodeIgniter->runController()
 9 SYSTEMPATH/CodeIgniter.php(349): CodeIgniter\CodeIgniter->handleRequest()
10 FCPATH/index.php(55): CodeIgniter\CodeIgniter->run()
11 SYSTEMPATH/Commands/Server/rewrite.php(43): require_once('FCPATH/index.php')
CRITICAL - 2022-07-15 08:34:33 --> Call to undefined method App\Models\TempBarangMasukDetailModel::getResultArray
in SYSTEMPATH/Model.php on line 773.
 1 APPPATH/Controllers/Api/BarangMasuk.php(55): CodeIgniter\Model->__call()
 2 SYSTEMPATH/CodeIgniter.php(896): App\Controllers\Api\BarangMasuk->create()
 3 SYSTEMPATH/CodeIgniter.php(466): CodeIgniter\CodeIgniter->runController()
 4 SYSTEMPATH/CodeIgniter.php(349): CodeIgniter\CodeIgniter->handleRequest()
 5 FCPATH/index.php(55): CodeIgniter\CodeIgniter->run()
 6 SYSTEMPATH/Commands/Server/rewrite.php(43): require_once('FCPATH/index.php')
ERROR - 2022-07-15 09:21:36 --> Table 'gudang.table_barang_masuk_detail' doesn't exist
CRITICAL - 2022-07-15 09:21:36 --> Table 'gudang.table_barang_masuk_detail' doesn't exist
in SYSTEMPATH/Database/MySQLi/Connection.php on line 292.
 1 SYSTEMPATH/Database/MySQLi/Connection.php(292): mysqli->query()
 2 SYSTEMPATH/Database/BaseConnection.php(695): CodeIgniter\Database\MySQLi\Connection->execute()
 3 SYSTEMPATH/Database/BaseConnection.php(609): CodeIgniter\Database\BaseConnection->simpleQuery()
 4 SYSTEMPATH/Database/BaseBuilder.php(1585): CodeIgniter\Database\BaseConnection->query()
 5 APPPATH/Models/TempBarangMasukDetailModel.php(34): CodeIgniter\Database\BaseBuilder->get()
 6 APPPATH/Controllers/Api/BarangMasuk.php(55): App\Models\TempBarangMasukDetailModel->getTempBarangLastIdInStok()
 7 SYSTEMPATH/CodeIgniter.php(896): App\Controllers\Api\BarangMasuk->create()
 8 SYSTEMPATH/CodeIgniter.php(466): CodeIgniter\CodeIgniter->runController()
 9 SYSTEMPATH/CodeIgniter.php(349): CodeIgniter\CodeIgniter->handleRequest()
10 FCPATH/index.php(55): CodeIgniter\CodeIgniter->run()
11 SYSTEMPATH/Commands/Server/rewrite.php(43): require_once('FCPATH/index.php')
ERROR - 2022-07-15 09:22:13 --> Column 'barang_masuk' in where clause is ambiguous
CRITICAL - 2022-07-15 09:22:13 --> Column 'barang_masuk' in where clause is ambiguous
in SYSTEMPATH/Database/MySQLi/Connection.php on line 292.
 1 SYSTEMPATH/Database/MySQLi/Connection.php(292): mysqli->query()
 2 SYSTEMPATH/Database/BaseConnection.php(695): CodeIgniter\Database\MySQLi\Connection->execute()
 3 SYSTEMPATH/Database/BaseConnection.php(609): CodeIgniter\Database\BaseConnection->simpleQuery()
 4 SYSTEMPATH/Database/BaseBuilder.php(1585): CodeIgniter\Database\BaseConnection->query()
 5 APPPATH/Models/TempBarangMasukDetailModel.php(34): CodeIgniter\Database\BaseBuilder->get()
 6 APPPATH/Controllers/Api/BarangMasuk.php(55): App\Models\TempBarangMasukDetailModel->getTempBarangLastIdInStok()
 7 SYSTEMPATH/CodeIgniter.php(896): App\Controllers\Api\BarangMasuk->create()
 8 SYSTEMPATH/CodeIgniter.php(466): CodeIgniter\CodeIgniter->runController()
 9 SYSTEMPATH/CodeIgniter.php(349): CodeIgniter\CodeIgniter->handleRequest()
10 FCPATH/index.php(55): CodeIgniter\CodeIgniter->run()
11 SYSTEMPATH/Commands/Server/rewrite.php(43): require_once('FCPATH/index.php')
ERROR - 2022-07-15 09:24:08 --> Unknown column 'barsang' in 'group statement'
CRITICAL - 2022-07-15 09:24:08 --> Unknown column 'barsang' in 'group statement'
in SYSTEMPATH/Database/MySQLi/Connection.php on line 292.
 1 SYSTEMPATH/Database/MySQLi/Connection.php(292): mysqli->query()
 2 SYSTEMPATH/Database/BaseConnection.php(695): CodeIgniter\Database\MySQLi\Connection->execute()
 3 SYSTEMPATH/Database/BaseConnection.php(609): CodeIgniter\Database\BaseConnection->simpleQuery()
 4 SYSTEMPATH/Database/BaseBuilder.php(1585): CodeIgniter\Database\BaseConnection->query()
 5 APPPATH/Models/TempBarangMasukDetailModel.php(34): CodeIgniter\Database\BaseBuilder->get()
 6 APPPATH/Controllers/Api/BarangMasuk.php(55): App\Models\TempBarangMasukDetailModel->getTempBarangLastIdInStok()
 7 SYSTEMPATH/CodeIgniter.php(896): App\Controllers\Api\BarangMasuk->create()
 8 SYSTEMPATH/CodeIgniter.php(466): CodeIgniter\CodeIgniter->runController()
 9 SYSTEMPATH/CodeIgniter.php(349): CodeIgniter\CodeIgniter->handleRequest()
10 FCPATH/index.php(55): CodeIgniter\CodeIgniter->run()
11 SYSTEMPATH/Commands/Server/rewrite.php(43): require_once('FCPATH/index.php')
CRITICAL - 2022-07-15 09:30:20 --> Call to undefined method App\Models\BarangMasukModel::getTempBarangLastIdInStok
in SYSTEMPATH/Model.php on line 773.
 1 APPPATH/Controllers/Api/BarangMasuk.php(54): CodeIgniter\Model->__call()
 2 SYSTEMPATH/CodeIgniter.php(896): App\Controllers\Api\BarangMasuk->create()
 3 SYSTEMPATH/CodeIgniter.php(466): CodeIgniter\CodeIgniter->runController()
 4 SYSTEMPATH/CodeIgniter.php(349): CodeIgniter\CodeIgniter->handleRequest()
 5 FCPATH/index.php(55): CodeIgniter\CodeIgniter->run()
 6 SYSTEMPATH/Commands/Server/rewrite.php(43): require_once('FCPATH/index.php')
CRITICAL - 2022-07-15 09:31:06 --> Call to undefined method App\Models\BarangMasukDetailModel::getTempBarangLastIdInStok
in SYSTEMPATH/Model.php on line 773.
 1 APPPATH/Controllers/Api/BarangMasuk.php(55): CodeIgniter\Model->__call()
 2 SYSTEMPATH/CodeIgniter.php(896): App\Controllers\Api\BarangMasuk->create()
 3 SYSTEMPATH/CodeIgniter.php(466): CodeIgniter\CodeIgniter->runController()
 4 SYSTEMPATH/CodeIgniter.php(349): CodeIgniter\CodeIgniter->handleRequest()
 5 FCPATH/index.php(55): CodeIgniter\CodeIgniter->run()
 6 SYSTEMPATH/Commands/Server/rewrite.php(43): require_once('FCPATH/index.php')
CRITICAL - 2022-07-15 09:31:48 --> Call to undefined method App\Models\BarangMasukDetailModel::getTempBarangLastIdInStok
in SYSTEMPATH/Model.php on line 773.
 1 APPPATH/Controllers/Api/BarangMasuk.php(55): CodeIgniter\Model->__call()
 2 SYSTEMPATH/CodeIgniter.php(896): App\Controllers\Api\BarangMasuk->create()
 3 SYSTEMPATH/CodeIgniter.php(466): CodeIgniter\CodeIgniter->runController()
 4 SYSTEMPATH/CodeIgniter.php(349): CodeIgniter\CodeIgniter->handleRequest()
 5 FCPATH/index.php(55): CodeIgniter\CodeIgniter->run()
 6 SYSTEMPATH/Commands/Server/rewrite.php(43): require_once('FCPATH/index.php')
CRITICAL - 2022-07-15 09:31:53 --> Call to undefined method App\Models\BarangMasukDetailModel::getTempBarangLastIdInStok
in SYSTEMPATH/Model.php on line 773.
 1 APPPATH/Controllers/Api/BarangMasuk.php(55): CodeIgniter\Model->__call()
 2 SYSTEMPATH/CodeIgniter.php(896): App\Controllers\Api\BarangMasuk->create()
 3 SYSTEMPATH/CodeIgniter.php(466): CodeIgniter\CodeIgniter->runController()
 4 SYSTEMPATH/CodeIgniter.php(349): CodeIgniter\CodeIgniter->handleRequest()
 5 FCPATH/index.php(55): CodeIgniter\CodeIgniter->run()
 6 SYSTEMPATH/Commands/Server/rewrite.php(43): require_once('FCPATH/index.php')
CRITICAL - 2022-07-15 09:32:54 --> Call to a member function select() on string
in APPPATH/Models/BarangMasukDetailModel.php on line 22.
 1 APPPATH/Controllers/Api/BarangMasuk.php(55): App\Models\BarangMasukDetailModel->getBarangLastIdInStok()
 2 SYSTEMPATH/CodeIgniter.php(896): App\Controllers\Api\BarangMasuk->create()
 3 SYSTEMPATH/CodeIgniter.php(466): CodeIgniter\CodeIgniter->runController()
 4 SYSTEMPATH/CodeIgniter.php(349): CodeIgniter\CodeIgniter->handleRequest()
 5 FCPATH/index.php(55): CodeIgniter\CodeIgniter->run()
 6 SYSTEMPATH/Commands/Server/rewrite.php(43): require_once('FCPATH/index.php')
ERROR - 2022-07-15 09:33:06 --> Not unique table/alias: 'table_detail_barang_masuk'
CRITICAL - 2022-07-15 09:33:06 --> Not unique table/alias: 'table_detail_barang_masuk'
in SYSTEMPATH/Database/MySQLi/Connection.php on line 292.
 1 SYSTEMPATH/Database/MySQLi/Connection.php(292): mysqli->query()
 2 SYSTEMPATH/Database/BaseConnection.php(695): CodeIgniter\Database\MySQLi\Connection->execute()
 3 SYSTEMPATH/Database/BaseConnection.php(609): CodeIgniter\Database\BaseConnection->simpleQuery()
 4 SYSTEMPATH/Database/BaseBuilder.php(1585): CodeIgniter\Database\BaseConnection->query()
 5 APPPATH/Models/BarangMasukDetailModel.php(26): CodeIgniter\Database\BaseBuilder->get()
 6 APPPATH/Controllers/Api/BarangMasuk.php(55): App\Models\BarangMasukDetailModel->getBarangLastIdInStok()
 7 SYSTEMPATH/CodeIgniter.php(896): App\Controllers\Api\BarangMasuk->create()
 8 SYSTEMPATH/CodeIgniter.php(466): CodeIgniter\CodeIgniter->runController()
 9 SYSTEMPATH/CodeIgniter.php(349): CodeIgniter\CodeIgniter->handleRequest()
10 FCPATH/index.php(55): CodeIgniter\CodeIgniter->run()
11 SYSTEMPATH/Commands/Server/rewrite.php(43): require_once('FCPATH/index.php')
CRITICAL - 2022-07-15 09:39:55 --> Undefined property: App\Controllers\Api\BarangMasuk::$db
in APPPATH/Controllers/Api/BarangMasuk.php on line 61.
 1 APPPATH/Controllers/Api/BarangMasuk.php(61): CodeIgniter\Debug\Exceptions->errorHandler()
 2 SYSTEMPATH/CodeIgniter.php(896): App\Controllers\Api\BarangMasuk->create()
 3 SYSTEMPATH/CodeIgniter.php(466): CodeIgniter\CodeIgniter->runController()
 4 SYSTEMPATH/CodeIgniter.php(349): CodeIgniter\CodeIgniter->handleRequest()
 5 FCPATH/index.php(55): CodeIgniter\CodeIgniter->run()
 6 SYSTEMPATH/Commands/Server/rewrite.php(43): require_once('FCPATH/index.php')
CRITICAL - 2022-07-15 09:44:38 --> Undefined property: App\Controllers\Api\BarangMasuk::$db
in APPPATH/Controllers/Api/BarangMasuk.php on line 67.
 1 APPPATH/Controllers/Api/BarangMasuk.php(67): CodeIgniter\Debug\Exceptions->errorHandler()
 2 SYSTEMPATH/CodeIgniter.php(896): App\Controllers\Api\BarangMasuk->create()
 3 SYSTEMPATH/CodeIgniter.php(466): CodeIgniter\CodeIgniter->runController()
 4 SYSTEMPATH/CodeIgniter.php(349): CodeIgniter\CodeIgniter->handleRequest()
 5 FCPATH/index.php(55): CodeIgniter\CodeIgniter->run()
 6 SYSTEMPATH/Commands/Server/rewrite.php(43): require_once('FCPATH/index.php')
ERROR - 2022-07-15 09:48:42 --> Duplicate entry 'f01' for key 'PRIMARY'
CRITICAL - 2022-07-15 09:48:42 --> Duplicate entry 'f01' for key 'PRIMARY'
in SYSTEMPATH/Database/MySQLi/Connection.php on line 292.
 1 SYSTEMPATH/Database/MySQLi/Connection.php(292): mysqli->query()
 2 SYSTEMPATH/Database/BaseConnection.php(695): CodeIgniter\Database\MySQLi\Connection->execute()
 3 SYSTEMPATH/Database/BaseConnection.php(609): CodeIgniter\Database\BaseConnection->simpleQuery()
 4 SYSTEMPATH/Database/BaseBuilder.php(1904): CodeIgniter\Database\BaseConnection->query()
 5 SYSTEMPATH/Model.php(278): CodeIgniter\Database\BaseBuilder->insert()
 6 SYSTEMPATH/BaseModel.php(738): CodeIgniter\Model->doInsert()
 7 SYSTEMPATH/Model.php(666): CodeIgniter\BaseModel->insert()
 8 APPPATH/Controllers/Api/BarangMasuk.php(69): CodeIgniter\Model->insert()
 9 SYSTEMPATH/CodeIgniter.php(896): App\Controllers\Api\BarangMasuk->create()
10 SYSTEMPATH/CodeIgniter.php(466): CodeIgniter\CodeIgniter->runController()
11 SYSTEMPATH/CodeIgniter.php(349): CodeIgniter\CodeIgniter->handleRequest()
12 FCPATH/index.php(55): CodeIgniter\CodeIgniter->run()
13 SYSTEMPATH/Commands/Server/rewrite.php(43): require_once('FCPATH/index.php')
CRITICAL - 2022-07-15 09:49:13 --> Undefined property: App\Controllers\Api\BarangMasuk::$db
in APPPATH/Controllers/Api/BarangMasuk.php on line 78.
 1 APPPATH/Controllers/Api/BarangMasuk.php(78): CodeIgniter\Debug\Exceptions->errorHandler()
 2 SYSTEMPATH/CodeIgniter.php(896): App\Controllers\Api\BarangMasuk->create()
 3 SYSTEMPATH/CodeIgniter.php(466): CodeIgniter\CodeIgniter->runController()
 4 SYSTEMPATH/CodeIgniter.php(349): CodeIgniter\CodeIgniter->handleRequest()
 5 FCPATH/index.php(55): CodeIgniter\CodeIgniter->run()
 6 SYSTEMPATH/Commands/Server/rewrite.php(43): require_once('FCPATH/index.php')
CRITICAL - 2022-07-15 09:59:16 --> Cannot use object of type stdClass as array
in APPPATH/Controllers/Api/BarangMasuk.php on line 69.
 1 SYSTEMPATH/CodeIgniter.php(896): App\Controllers\Api\BarangMasuk->create()
 2 SYSTEMPATH/CodeIgniter.php(466): CodeIgniter\CodeIgniter->runController()
 3 SYSTEMPATH/CodeIgniter.php(349): CodeIgniter\CodeIgniter->handleRequest()
 4 FCPATH/index.php(55): CodeIgniter\CodeIgniter->run()
 5 SYSTEMPATH/Commands/Server/rewrite.php(43): require_once('FCPATH/index.php')
CRITICAL - 2022-07-15 09:59:30 --> Undefined index: masuk
in APPPATH/Controllers/Api/BarangMasuk.php on line 72.
 1 APPPATH/Controllers/Api/BarangMasuk.php(72): CodeIgniter\Debug\Exceptions->errorHandler()
 2 SYSTEMPATH/CodeIgniter.php(896): App\Controllers\Api\BarangMasuk->create()
 3 SYSTEMPATH/CodeIgniter.php(466): CodeIgniter\CodeIgniter->runController()
 4 SYSTEMPATH/CodeIgniter.php(349): CodeIgniter\CodeIgniter->handleRequest()
 5 FCPATH/index.php(55): CodeIgniter\CodeIgniter->run()
 6 SYSTEMPATH/Commands/Server/rewrite.php(43): require_once('FCPATH/index.php')
CRITICAL - 2022-07-15 09:59:51 --> There is no data to insert.
in SYSTEMPATH/BaseModel.php on line 718.
 1 SYSTEMPATH/BaseModel.php(718): CodeIgniter\Database\Exceptions\DataException::forEmptyDataset()
 2 SYSTEMPATH/Model.php(666): CodeIgniter\BaseModel->insert()
 3 APPPATH/Controllers/Api/BarangMasuk.php(84): CodeIgniter\Model->insert()
 4 SYSTEMPATH/CodeIgniter.php(896): App\Controllers\Api\BarangMasuk->create()
 5 SYSTEMPATH/CodeIgniter.php(466): CodeIgniter\CodeIgniter->runController()
 6 SYSTEMPATH/CodeIgniter.php(349): CodeIgniter\CodeIgniter->handleRequest()
 7 FCPATH/index.php(55): CodeIgniter\CodeIgniter->run()
 8 SYSTEMPATH/Commands/Server/rewrite.php(43): require_once('FCPATH/index.php')
CRITICAL - 2022-07-15 10:01:18 --> syntax error, unexpected '(int)' (int) (T_INT_CAST)
in APPPATH/Controllers/Api/BarangMasuk.php on line 72.
 1 SYSTEMPATH/Autoloader/Autoloader.php(261): CodeIgniter\Autoloader\Autoloader->includeFile()
 2 SYSTEMPATH/Autoloader/Autoloader.php(239): CodeIgniter\Autoloader\Autoloader->loadInNamespace()
 3 [internal function]: CodeIgniter\Autoloader\Autoloader->loadClass()
 4 [internal function]: spl_autoload_call()
 5 SYSTEMPATH/CodeIgniter.php(846): class_exists()
 6 SYSTEMPATH/CodeIgniter.php(453): CodeIgniter\CodeIgniter->startController()
 7 SYSTEMPATH/CodeIgniter.php(349): CodeIgniter\CodeIgniter->handleRequest()
 8 FCPATH/index.php(55): CodeIgniter\CodeIgniter->run()
 9 SYSTEMPATH/Commands/Server/rewrite.php(43): require_once('FCPATH/index.php')
CRITICAL - 2022-07-15 10:06:54 --> There is no data to insert.
in SYSTEMPATH/BaseModel.php on line 718.
 1 SYSTEMPATH/BaseModel.php(718): CodeIgniter\Database\Exceptions\DataException::forEmptyDataset()
 2 SYSTEMPATH/Model.php(666): CodeIgniter\BaseModel->insert()
 3 APPPATH/Controllers/Api/BarangMasuk.php(86): CodeIgniter\Model->insert()
 4 SYSTEMPATH/CodeIgniter.php(896): App\Controllers\Api\BarangMasuk->create()
 5 SYSTEMPATH/CodeIgniter.php(466): CodeIgniter\CodeIgniter->runController()
 6 SYSTEMPATH/CodeIgniter.php(349): CodeIgniter\CodeIgniter->handleRequest()
 7 FCPATH/index.php(55): CodeIgniter\CodeIgniter->run()
 8 SYSTEMPATH/Commands/Server/rewrite.php(43): require_once('FCPATH/index.php')
CRITICAL - 2022-07-15 10:07:55 --> There is no data to insert.
in SYSTEMPATH/BaseModel.php on line 718.
 1 SYSTEMPATH/BaseModel.php(718): CodeIgniter\Database\Exceptions\DataException::forEmptyDataset()
 2 SYSTEMPATH/Model.php(666): CodeIgniter\BaseModel->insert()
 3 APPPATH/Controllers/Api/BarangMasuk.php(86): CodeIgniter\Model->insert()
 4 SYSTEMPATH/CodeIgniter.php(896): App\Controllers\Api\BarangMasuk->create()
 5 SYSTEMPATH/CodeIgniter.php(466): CodeIgniter\CodeIgniter->runController()
 6 SYSTEMPATH/CodeIgniter.php(349): CodeIgniter\CodeIgniter->handleRequest()
 7 FCPATH/index.php(55): CodeIgniter\CodeIgniter->run()
 8 SYSTEMPATH/Commands/Server/rewrite.php(43): require_once('FCPATH/index.php')
ERROR - 2022-07-15 10:13:55 --> Duplicate entry 'f02' for key 'PRIMARY'
CRITICAL - 2022-07-15 10:13:55 --> Duplicate entry 'f02' for key 'PRIMARY'
in SYSTEMPATH/Database/MySQLi/Connection.php on line 292.
 1 SYSTEMPATH/Database/MySQLi/Connection.php(292): mysqli->query()
 2 SYSTEMPATH/Database/BaseConnection.php(695): CodeIgniter\Database\MySQLi\Connection->execute()
 3 SYSTEMPATH/Database/BaseConnection.php(609): CodeIgniter\Database\BaseConnection->simpleQuery()
 4 SYSTEMPATH/Database/BaseBuilder.php(1904): CodeIgniter\Database\BaseConnection->query()
 5 SYSTEMPATH/Model.php(278): CodeIgniter\Database\BaseBuilder->insert()
 6 SYSTEMPATH/BaseModel.php(738): CodeIgniter\Model->doInsert()
 7 SYSTEMPATH/Model.php(666): CodeIgniter\BaseModel->insert()
 8 APPPATH/Controllers/Api/BarangMasuk.php(84): CodeIgniter\Model->insert()
 9 SYSTEMPATH/CodeIgniter.php(896): App\Controllers\Api\BarangMasuk->create()
10 SYSTEMPATH/CodeIgniter.php(466): CodeIgniter\CodeIgniter->runController()
11 SYSTEMPATH/CodeIgniter.php(349): CodeIgniter\CodeIgniter->handleRequest()
12 FCPATH/index.php(55): CodeIgniter\CodeIgniter->run()
13 SYSTEMPATH/Commands/Server/rewrite.php(43): require_once('FCPATH/index.php')
ERROR - 2022-07-15 10:33:04 --> Table 'arus_stok' already exists
CRITICAL - 2022-07-15 10:57:01 --> Class 'App\Models\DetailBarangMasukDetailModel' not found
in APPPATH/Controllers/Api/BarangMasuk.php on line 57.
 1 SYSTEMPATH/CodeIgniter.php(896): App\Controllers\Api\BarangMasuk->create()
 2 SYSTEMPATH/CodeIgniter.php(466): CodeIgniter\CodeIgniter->runController()
 3 SYSTEMPATH/CodeIgniter.php(349): CodeIgniter\CodeIgniter->handleRequest()
 4 FCPATH/index.php(55): CodeIgniter\CodeIgniter->run()
 5 SYSTEMPATH/Commands/Server/rewrite.php(43): require_once('FCPATH/index.php')
CRITICAL - 2022-07-15 10:57:15 --> array_column() expects parameter 1 to be array, object given
in APPPATH/Controllers/Api/BarangMasuk.php on line 68.
 1 [internal function]: CodeIgniter\Debug\Exceptions->errorHandler()
 2 APPPATH/Controllers/Api/BarangMasuk.php(68): array_column()
 3 SYSTEMPATH/CodeIgniter.php(896): App\Controllers\Api\BarangMasuk->create()
 4 SYSTEMPATH/CodeIgniter.php(466): CodeIgniter\CodeIgniter->runController()
 5 SYSTEMPATH/CodeIgniter.php(349): CodeIgniter\CodeIgniter->handleRequest()
 6 FCPATH/index.php(55): CodeIgniter\CodeIgniter->run()
 7 SYSTEMPATH/Commands/Server/rewrite.php(43): require_once('FCPATH/index.php')
CRITICAL - 2022-07-15 10:57:28 --> Call to undefined method App\Models\TempBarangMasukDetailModel::getResultArray
in SYSTEMPATH/Model.php on line 773.
 1 APPPATH/Controllers/Api/BarangMasuk.php(59): CodeIgniter\Model->__call()
 2 SYSTEMPATH/CodeIgniter.php(896): App\Controllers\Api\BarangMasuk->create()
 3 SYSTEMPATH/CodeIgniter.php(466): CodeIgniter\CodeIgniter->runController()
 4 SYSTEMPATH/CodeIgniter.php(349): CodeIgniter\CodeIgniter->handleRequest()
 5 FCPATH/index.php(55): CodeIgniter\CodeIgniter->run()
 6 SYSTEMPATH/Commands/Server/rewrite.php(43): require_once('FCPATH/index.php')
ERROR - 2022-07-15 10:57:41 --> Duplicate entry 'f01' for key 'PRIMARY'
CRITICAL - 2022-07-15 10:57:41 --> Duplicate entry 'f01' for key 'PRIMARY'
in SYSTEMPATH/Database/MySQLi/Connection.php on line 292.
 1 SYSTEMPATH/Database/MySQLi/Connection.php(292): mysqli->query()
 2 SYSTEMPATH/Database/BaseConnection.php(695): CodeIgniter\Database\MySQLi\Connection->execute()
 3 SYSTEMPATH/Database/BaseConnection.php(609): CodeIgniter\Database\BaseConnection->simpleQuery()
 4 SYSTEMPATH/Database/BaseBuilder.php(1904): CodeIgniter\Database\BaseConnection->query()
 5 SYSTEMPATH/Model.php(278): CodeIgniter\Database\BaseBuilder->insert()
 6 SYSTEMPATH/BaseModel.php(738): CodeIgniter\Model->doInsert()
 7 SYSTEMPATH/Model.php(666): CodeIgniter\BaseModel->insert()
 8 APPPATH/Controllers/Api/BarangMasuk.php(73): CodeIgniter\Model->insert()
 9 SYSTEMPATH/CodeIgniter.php(896): App\Controllers\Api\BarangMasuk->create()
10 SYSTEMPATH/CodeIgniter.php(466): CodeIgniter\CodeIgniter->runController()
11 SYSTEMPATH/CodeIgniter.php(349): CodeIgniter\CodeIgniter->handleRequest()
12 FCPATH/index.php(55): CodeIgniter\CodeIgniter->run()
13 SYSTEMPATH/Commands/Server/rewrite.php(43): require_once('FCPATH/index.php')
CRITICAL - 2022-07-15 10:58:39 --> Call to undefined method App\Models\BarangMasukModel::getBarangLastIdInStok
in SYSTEMPATH/Model.php on line 773.
 1 APPPATH/Controllers/Api/BarangMasuk.php(92): CodeIgniter\Model->__call()
 2 APPPATH/Controllers/Api/BarangMasuk.php(77): App\Controllers\Api\BarangMasuk->getTambahStok()
 3 SYSTEMPATH/CodeIgniter.php(896): App\Controllers\Api\BarangMasuk->create()
 4 SYSTEMPATH/CodeIgniter.php(466): CodeIgniter\CodeIgniter->runController()
 5 SYSTEMPATH/CodeIgniter.php(349): CodeIgniter\CodeIgniter->handleRequest()
 6 FCPATH/index.php(55): CodeIgniter\CodeIgniter->run()
 7 SYSTEMPATH/Commands/Server/rewrite.php(43): require_once('FCPATH/index.php')
CRITICAL - 2022-07-15 10:59:25 --> Allowed fields must be specified for model: App\Models\ArusStokModel
in SYSTEMPATH/BaseModel.php on line 1138.
 1 SYSTEMPATH/BaseModel.php(1138): CodeIgniter\Database\Exceptions\DataException::forInvalidAllowedFields()
 2 SYSTEMPATH/BaseModel.php(799): CodeIgniter\BaseModel->doProtectFields()
 3 APPPATH/Controllers/Api/BarangMasuk.php(78): CodeIgniter\BaseModel->insertBatch()
 4 SYSTEMPATH/CodeIgniter.php(896): App\Controllers\Api\BarangMasuk->create()
 5 SYSTEMPATH/CodeIgniter.php(466): CodeIgniter\CodeIgniter->runController()
 6 SYSTEMPATH/CodeIgniter.php(349): CodeIgniter\CodeIgniter->handleRequest()
 7 FCPATH/index.php(55): CodeIgniter\CodeIgniter->run()
 8 SYSTEMPATH/Commands/Server/rewrite.php(43): require_once('FCPATH/index.php')
CRITICAL - 2022-07-15 10:59:30 --> Allowed fields must be specified for model: App\Models\ArusStokModel
in SYSTEMPATH/BaseModel.php on line 1138.
 1 SYSTEMPATH/BaseModel.php(1138): CodeIgniter\Database\Exceptions\DataException::forInvalidAllowedFields()
 2 SYSTEMPATH/BaseModel.php(799): CodeIgniter\BaseModel->doProtectFields()
 3 APPPATH/Controllers/Api/BarangMasuk.php(78): CodeIgniter\BaseModel->insertBatch()
 4 SYSTEMPATH/CodeIgniter.php(896): App\Controllers\Api\BarangMasuk->create()
 5 SYSTEMPATH/CodeIgniter.php(466): CodeIgniter\CodeIgniter->runController()
 6 SYSTEMPATH/CodeIgniter.php(349): CodeIgniter\CodeIgniter->handleRequest()
 7 FCPATH/index.php(55): CodeIgniter\CodeIgniter->run()
 8 SYSTEMPATH/Commands/Server/rewrite.php(43): require_once('FCPATH/index.php')
ERROR - 2022-07-15 11:00:26 --> Cannot add or update a child row: a foreign key constraint fails (`gudang`.`table_detail_barang_masuk`, CONSTRAINT `table_detail_barang_masuk_barang_masuk_foreign` FOREIGN KEY (`barang_masuk`) REFERENCES `table_barang_masuk` (`faktur`))
CRITICAL - 2022-07-15 11:00:26 --> Cannot add or update a child row: a foreign key constraint fails (`gudang`.`table_detail_barang_masuk`, CONSTRAINT `table_detail_barang_masuk_barang_masuk_foreign` FOREIGN KEY (`barang_masuk`) REFERENCES `table_barang_masuk` (`faktur`))
in SYSTEMPATH/Database/MySQLi/Connection.php on line 292.
 1 SYSTEMPATH/Database/MySQLi/Connection.php(292): mysqli->query()
 2 SYSTEMPATH/Database/BaseConnection.php(695): CodeIgniter\Database\MySQLi\Connection->execute()
 3 SYSTEMPATH/Database/BaseConnection.php(609): CodeIgniter\Database\BaseConnection->simpleQuery()
 4 SYSTEMPATH/Database/BaseBuilder.php(1778): CodeIgniter\Database\BaseConnection->query()
 5 SYSTEMPATH/Model.php(311): CodeIgniter\Database\BaseBuilder->insertBatch()
 6 SYSTEMPATH/BaseModel.php(814): CodeIgniter\Model->doInsertBatch()
 7 APPPATH/Controllers/Api/BarangMasuk.php(78): CodeIgniter\BaseModel->insertBatch()
 8 SYSTEMPATH/CodeIgniter.php(896): App\Controllers\Api\BarangMasuk->create()
 9 SYSTEMPATH/CodeIgniter.php(466): CodeIgniter\CodeIgniter->runController()
10 SYSTEMPATH/CodeIgniter.php(349): CodeIgniter\CodeIgniter->handleRequest()
11 FCPATH/index.php(55): CodeIgniter\CodeIgniter->run()
12 SYSTEMPATH/Commands/Server/rewrite.php(43): require_once('FCPATH/index.php')
ERROR - 2022-07-15 11:00:31 --> Cannot add or update a child row: a foreign key constraint fails (`gudang`.`table_detail_barang_masuk`, CONSTRAINT `table_detail_barang_masuk_barang_masuk_foreign` FOREIGN KEY (`barang_masuk`) REFERENCES `table_barang_masuk` (`faktur`))
CRITICAL - 2022-07-15 11:00:31 --> Cannot add or update a child row: a foreign key constraint fails (`gudang`.`table_detail_barang_masuk`, CONSTRAINT `table_detail_barang_masuk_barang_masuk_foreign` FOREIGN KEY (`barang_masuk`) REFERENCES `table_barang_masuk` (`faktur`))
in SYSTEMPATH/Database/MySQLi/Connection.php on line 292.
 1 SYSTEMPATH/Database/MySQLi/Connection.php(292): mysqli->query()
 2 SYSTEMPATH/Database/BaseConnection.php(695): CodeIgniter\Database\MySQLi\Connection->execute()
 3 SYSTEMPATH/Database/BaseConnection.php(609): CodeIgniter\Database\BaseConnection->simpleQuery()
 4 SYSTEMPATH/Database/BaseBuilder.php(1778): CodeIgniter\Database\BaseConnection->query()
 5 SYSTEMPATH/Model.php(311): CodeIgniter\Database\BaseBuilder->insertBatch()
 6 SYSTEMPATH/BaseModel.php(814): CodeIgniter\Model->doInsertBatch()
 7 APPPATH/Controllers/Api/BarangMasuk.php(78): CodeIgniter\BaseModel->insertBatch()
 8 SYSTEMPATH/CodeIgniter.php(896): App\Controllers\Api\BarangMasuk->create()
 9 SYSTEMPATH/CodeIgniter.php(466): CodeIgniter\CodeIgniter->runController()
10 SYSTEMPATH/CodeIgniter.php(349): CodeIgniter\CodeIgniter->handleRequest()
11 FCPATH/index.php(55): CodeIgniter\CodeIgniter->run()
12 SYSTEMPATH/Commands/Server/rewrite.php(43): require_once('FCPATH/index.php')
ERROR - 2022-07-15 11:03:26 --> Duplicate entry 'f01' for key 'PRIMARY'
CRITICAL - 2022-07-15 11:03:26 --> Duplicate entry 'f01' for key 'PRIMARY'
in SYSTEMPATH/Database/MySQLi/Connection.php on line 292.
 1 SYSTEMPATH/Database/MySQLi/Connection.php(292): mysqli->query()
 2 SYSTEMPATH/Database/BaseConnection.php(695): CodeIgniter\Database\MySQLi\Connection->execute()
 3 SYSTEMPATH/Database/BaseConnection.php(609): CodeIgniter\Database\BaseConnection->simpleQuery()
 4 SYSTEMPATH/Database/BaseBuilder.php(1904): CodeIgniter\Database\BaseConnection->query()
 5 SYSTEMPATH/Model.php(278): CodeIgniter\Database\BaseBuilder->insert()
 6 SYSTEMPATH/BaseModel.php(738): CodeIgniter\Model->doInsert()
 7 SYSTEMPATH/Model.php(666): CodeIgniter\BaseModel->insert()
 8 APPPATH/Controllers/Api/BarangMasuk.php(71): CodeIgniter\Model->insert()
 9 SYSTEMPATH/CodeIgniter.php(896): App\Controllers\Api\BarangMasuk->create()
10 SYSTEMPATH/CodeIgniter.php(466): CodeIgniter\CodeIgniter->runController()
11 SYSTEMPATH/CodeIgniter.php(349): CodeIgniter\CodeIgniter->handleRequest()
12 FCPATH/index.php(55): CodeIgniter\CodeIgniter->run()
13 SYSTEMPATH/Commands/Server/rewrite.php(43): require_once('FCPATH/index.php')
ERROR - 2022-07-15 11:04:15 --> Duplicate entry 'f01' for key 'PRIMARY'
CRITICAL - 2022-07-15 11:04:15 --> Duplicate entry 'f01' for key 'PRIMARY'
in SYSTEMPATH/Database/MySQLi/Connection.php on line 292.
 1 SYSTEMPATH/Database/MySQLi/Connection.php(292): mysqli->query()
 2 SYSTEMPATH/Database/BaseConnection.php(695): CodeIgniter\Database\MySQLi\Connection->execute()
 3 SYSTEMPATH/Database/BaseConnection.php(609): CodeIgniter\Database\BaseConnection->simpleQuery()
 4 SYSTEMPATH/Database/BaseBuilder.php(1904): CodeIgniter\Database\BaseConnection->query()
 5 SYSTEMPATH/Model.php(278): CodeIgniter\Database\BaseBuilder->insert()
 6 SYSTEMPATH/BaseModel.php(738): CodeIgniter\Model->doInsert()
 7 SYSTEMPATH/Model.php(666): CodeIgniter\BaseModel->insert()
 8 APPPATH/Controllers/Api/BarangMasuk.php(74): CodeIgniter\Model->insert()
 9 SYSTEMPATH/CodeIgniter.php(896): App\Controllers\Api\BarangMasuk->create()
10 SYSTEMPATH/CodeIgniter.php(466): CodeIgniter\CodeIgniter->runController()
11 SYSTEMPATH/CodeIgniter.php(349): CodeIgniter\CodeIgniter->handleRequest()
12 FCPATH/index.php(55): CodeIgniter\CodeIgniter->run()
13 SYSTEMPATH/Commands/Server/rewrite.php(43): require_once('FCPATH/index.php')
ERROR - 2022-07-15 11:04:42 --> Duplicate entry 'f01' for key 'PRIMARY'
CRITICAL - 2022-07-15 11:04:42 --> Duplicate entry 'f01' for key 'PRIMARY'
in SYSTEMPATH/Database/MySQLi/Connection.php on line 292.
 1 SYSTEMPATH/Database/MySQLi/Connection.php(292): mysqli->query()
 2 SYSTEMPATH/Database/BaseConnection.php(695): CodeIgniter\Database\MySQLi\Connection->execute()
 3 SYSTEMPATH/Database/BaseConnection.php(609): CodeIgniter\Database\BaseConnection->simpleQuery()
 4 SYSTEMPATH/Database/BaseBuilder.php(1904): CodeIgniter\Database\BaseConnection->query()
 5 SYSTEMPATH/Model.php(278): CodeIgniter\Database\BaseBuilder->insert()
 6 SYSTEMPATH/BaseModel.php(738): CodeIgniter\Model->doInsert()
 7 SYSTEMPATH/Model.php(666): CodeIgniter\BaseModel->insert()
 8 APPPATH/Controllers/Api/BarangMasuk.php(74): CodeIgniter\Model->insert()
 9 SYSTEMPATH/CodeIgniter.php(896): App\Controllers\Api\BarangMasuk->create()
10 SYSTEMPATH/CodeIgniter.php(466): CodeIgniter\CodeIgniter->runController()
11 SYSTEMPATH/CodeIgniter.php(349): CodeIgniter\CodeIgniter->handleRequest()
12 FCPATH/index.php(55): CodeIgniter\CodeIgniter->run()
13 SYSTEMPATH/Commands/Server/rewrite.php(43): require_once('FCPATH/index.php')
ERROR - 2022-07-15 11:04:58 --> Duplicate entry 'f01' for key 'PRIMARY'
CRITICAL - 2022-07-15 11:04:58 --> Duplicate entry 'f01' for key 'PRIMARY'
in SYSTEMPATH/Database/MySQLi/Connection.php on line 292.
 1 SYSTEMPATH/Database/MySQLi/Connection.php(292): mysqli->query()
 2 SYSTEMPATH/Database/BaseConnection.php(695): CodeIgniter\Database\MySQLi\Connection->execute()
 3 SYSTEMPATH/Database/BaseConnection.php(609): CodeIgniter\Database\BaseConnection->simpleQuery()
 4 SYSTEMPATH/Database/BaseBuilder.php(1904): CodeIgniter\Database\BaseConnection->query()
 5 SYSTEMPATH/Model.php(278): CodeIgniter\Database\BaseBuilder->insert()
 6 SYSTEMPATH/BaseModel.php(738): CodeIgniter\Model->doInsert()
 7 SYSTEMPATH/Model.php(666): CodeIgniter\BaseModel->insert()
 8 APPPATH/Controllers/Api/BarangMasuk.php(71): CodeIgniter\Model->insert()
 9 SYSTEMPATH/CodeIgniter.php(896): App\Controllers\Api\BarangMasuk->create()
10 SYSTEMPATH/CodeIgniter.php(466): CodeIgniter\CodeIgniter->runController()
11 SYSTEMPATH/CodeIgniter.php(349): CodeIgniter\CodeIgniter->handleRequest()
12 FCPATH/index.php(55): CodeIgniter\CodeIgniter->run()
13 SYSTEMPATH/Commands/Server/rewrite.php(43): require_once('FCPATH/index.php')
ERROR - 2022-07-15 11:05:17 --> Duplicate entry 'f01' for key 'PRIMARY'
CRITICAL - 2022-07-15 11:05:17 --> Duplicate entry 'f01' for key 'PRIMARY'
in SYSTEMPATH/Database/MySQLi/Connection.php on line 292.
 1 SYSTEMPATH/Database/MySQLi/Connection.php(292): mysqli->query()
 2 SYSTEMPATH/Database/BaseConnection.php(695): CodeIgniter\Database\MySQLi\Connection->execute()
 3 SYSTEMPATH/Database/BaseConnection.php(609): CodeIgniter\Database\BaseConnection->simpleQuery()
 4 SYSTEMPATH/Database/BaseBuilder.php(1904): CodeIgniter\Database\BaseConnection->query()
 5 SYSTEMPATH/Model.php(278): CodeIgniter\Database\BaseBuilder->insert()
 6 SYSTEMPATH/BaseModel.php(738): CodeIgniter\Model->doInsert()
 7 SYSTEMPATH/Model.php(666): CodeIgniter\BaseModel->insert()
 8 APPPATH/Controllers/Api/BarangMasuk.php(74): CodeIgniter\Model->insert()
 9 SYSTEMPATH/CodeIgniter.php(896): App\Controllers\Api\BarangMasuk->create()
10 SYSTEMPATH/CodeIgniter.php(466): CodeIgniter\CodeIgniter->runController()
11 SYSTEMPATH/CodeIgniter.php(349): CodeIgniter\CodeIgniter->handleRequest()
12 FCPATH/index.php(55): CodeIgniter\CodeIgniter->run()
13 SYSTEMPATH/Commands/Server/rewrite.php(43): require_once('FCPATH/index.php')
ERROR - 2022-07-15 11:06:22 --> Duplicate entry 'f01' for key 'PRIMARY'
CRITICAL - 2022-07-15 11:06:22 --> Duplicate entry 'f01' for key 'PRIMARY'
in SYSTEMPATH/Database/MySQLi/Connection.php on line 292.
 1 SYSTEMPATH/Database/MySQLi/Connection.php(292): mysqli->query()
 2 SYSTEMPATH/Database/BaseConnection.php(695): CodeIgniter\Database\MySQLi\Connection->execute()
 3 SYSTEMPATH/Database/BaseConnection.php(609): CodeIgniter\Database\BaseConnection->simpleQuery()
 4 SYSTEMPATH/Database/BaseBuilder.php(1904): CodeIgniter\Database\BaseConnection->query()
 5 SYSTEMPATH/Model.php(278): CodeIgniter\Database\BaseBuilder->insert()
 6 SYSTEMPATH/BaseModel.php(738): CodeIgniter\Model->doInsert()
 7 SYSTEMPATH/Model.php(666): CodeIgniter\BaseModel->insert()
 8 APPPATH/Controllers/Api/BarangMasuk.php(71): CodeIgniter\Model->insert()
 9 SYSTEMPATH/CodeIgniter.php(896): App\Controllers\Api\BarangMasuk->create()
10 SYSTEMPATH/CodeIgniter.php(466): CodeIgniter\CodeIgniter->runController()
11 SYSTEMPATH/CodeIgniter.php(349): CodeIgniter\CodeIgniter->handleRequest()
12 FCPATH/index.php(55): CodeIgniter\CodeIgniter->run()
13 SYSTEMPATH/Commands/Server/rewrite.php(43): require_once('FCPATH/index.php')
ERROR - 2022-07-15 11:07:18 --> Cannot add or update a child row: a foreign key constraint fails (`gudang`.`table_detail_barang_masuk`, CONSTRAINT `table_detail_barang_masuk_barang_masuk_foreign` FOREIGN KEY (`barang_masuk`) REFERENCES `table_barang_masuk` (`faktur`))
CRITICAL - 2022-07-15 11:07:18 --> Cannot add or update a child row: a foreign key constraint fails (`gudang`.`table_detail_barang_masuk`, CONSTRAINT `table_detail_barang_masuk_barang_masuk_foreign` FOREIGN KEY (`barang_masuk`) REFERENCES `table_barang_masuk` (`faktur`))
in SYSTEMPATH/Database/MySQLi/Connection.php on line 292.
 1 SYSTEMPATH/Database/MySQLi/Connection.php(292): mysqli->query()
 2 SYSTEMPATH/Database/BaseConnection.php(695): CodeIgniter\Database\MySQLi\Connection->execute()
 3 SYSTEMPATH/Database/BaseConnection.php(609): CodeIgniter\Database\BaseConnection->simpleQuery()
 4 SYSTEMPATH/Database/BaseBuilder.php(1778): CodeIgniter\Database\BaseConnection->query()
 5 SYSTEMPATH/Model.php(311): CodeIgniter\Database\BaseBuilder->insertBatch()
 6 SYSTEMPATH/BaseModel.php(814): CodeIgniter\Model->doInsertBatch()
 7 APPPATH/Controllers/Api/BarangMasuk.php(75): CodeIgniter\BaseModel->insertBatch()
 8 SYSTEMPATH/CodeIgniter.php(896): App\Controllers\Api\BarangMasuk->create()
 9 SYSTEMPATH/CodeIgniter.php(466): CodeIgniter\CodeIgniter->runController()
10 SYSTEMPATH/CodeIgniter.php(349): CodeIgniter\CodeIgniter->handleRequest()
11 FCPATH/index.php(55): CodeIgniter\CodeIgniter->run()
12 SYSTEMPATH/Commands/Server/rewrite.php(43): require_once('FCPATH/index.php')
ERROR - 2022-07-15 11:08:41 --> Unknown column 'barang_barcode' in 'field list'
CRITICAL - 2022-07-15 11:08:41 --> Unknown column 'barang_barcode' in 'field list'
in SYSTEMPATH/Database/MySQLi/Connection.php on line 292.
 1 SYSTEMPATH/Database/MySQLi/Connection.php(292): mysqli->query()
 2 SYSTEMPATH/Database/BaseConnection.php(695): CodeIgniter\Database\MySQLi\Connection->execute()
 3 SYSTEMPATH/Database/BaseConnection.php(609): CodeIgniter\Database\BaseConnection->simpleQuery()
 4 SYSTEMPATH/Database/BaseBuilder.php(1778): CodeIgniter\Database\BaseConnection->query()
 5 SYSTEMPATH/Model.php(311): CodeIgniter\Database\BaseBuilder->insertBatch()
 6 SYSTEMPATH/BaseModel.php(814): CodeIgniter\Model->doInsertBatch()
 7 APPPATH/Controllers/Api/BarangMasuk.php(75): CodeIgniter\BaseModel->insertBatch()
 8 SYSTEMPATH/CodeIgniter.php(896): App\Controllers\Api\BarangMasuk->create()
 9 SYSTEMPATH/CodeIgniter.php(466): CodeIgniter\CodeIgniter->runController()
10 SYSTEMPATH/CodeIgniter.php(349): CodeIgniter\CodeIgniter->handleRequest()
11 FCPATH/index.php(55): CodeIgniter\CodeIgniter->run()
12 SYSTEMPATH/Commands/Server/rewrite.php(43): require_once('FCPATH/index.php')
ERROR - 2022-07-15 11:09:19 --> Cannot add or update a child row: a foreign key constraint fails (`gudang`.`table_detail_barang_masuk`, CONSTRAINT `table_detail_barang_masuk_barang_masuk_foreign` FOREIGN KEY (`barang_masuk`) REFERENCES `table_barang_masuk` (`faktur`))
CRITICAL - 2022-07-15 11:09:19 --> Cannot add or update a child row: a foreign key constraint fails (`gudang`.`table_detail_barang_masuk`, CONSTRAINT `table_detail_barang_masuk_barang_masuk_foreign` FOREIGN KEY (`barang_masuk`) REFERENCES `table_barang_masuk` (`faktur`))
in SYSTEMPATH/Database/MySQLi/Connection.php on line 292.
 1 SYSTEMPATH/Database/MySQLi/Connection.php(292): mysqli->query()
 2 SYSTEMPATH/Database/BaseConnection.php(695): CodeIgniter\Database\MySQLi\Connection->execute()
 3 SYSTEMPATH/Database/BaseConnection.php(609): CodeIgniter\Database\BaseConnection->simpleQuery()
 4 SYSTEMPATH/Database/BaseBuilder.php(1778): CodeIgniter\Database\BaseConnection->query()
 5 SYSTEMPATH/Model.php(311): CodeIgniter\Database\BaseBuilder->insertBatch()
 6 SYSTEMPATH/BaseModel.php(814): CodeIgniter\Model->doInsertBatch()
 7 APPPATH/Controllers/Api/BarangMasuk.php(75): CodeIgniter\BaseModel->insertBatch()
 8 SYSTEMPATH/CodeIgniter.php(896): App\Controllers\Api\BarangMasuk->create()
 9 SYSTEMPATH/CodeIgniter.php(466): CodeIgniter\CodeIgniter->runController()
10 SYSTEMPATH/CodeIgniter.php(349): CodeIgniter\CodeIgniter->handleRequest()
11 FCPATH/index.php(55): CodeIgniter\CodeIgniter->run()
12 SYSTEMPATH/Commands/Server/rewrite.php(43): require_once('FCPATH/index.php')
ERROR - 2022-07-15 11:09:58 --> Cannot add or update a child row: a foreign key constraint fails (`gudang`.`table_detail_barang_masuk`, CONSTRAINT `table_detail_barang_masuk_barang_masuk_foreign` FOREIGN KEY (`barang_masuk`) REFERENCES `table_barang_masuk` (`faktur`))
CRITICAL - 2022-07-15 11:09:58 --> Cannot add or update a child row: a foreign key constraint fails (`gudang`.`table_detail_barang_masuk`, CONSTRAINT `table_detail_barang_masuk_barang_masuk_foreign` FOREIGN KEY (`barang_masuk`) REFERENCES `table_barang_masuk` (`faktur`))
in SYSTEMPATH/Database/MySQLi/Connection.php on line 292.
 1 SYSTEMPATH/Database/MySQLi/Connection.php(292): mysqli->query()
 2 SYSTEMPATH/Database/BaseConnection.php(695): CodeIgniter\Database\MySQLi\Connection->execute()
 3 SYSTEMPATH/Database/BaseConnection.php(609): CodeIgniter\Database\BaseConnection->simpleQuery()
 4 SYSTEMPATH/Database/BaseBuilder.php(1778): CodeIgniter\Database\BaseConnection->query()
 5 SYSTEMPATH/Model.php(311): CodeIgniter\Database\BaseBuilder->insertBatch()
 6 SYSTEMPATH/BaseModel.php(814): CodeIgniter\Model->doInsertBatch()
 7 APPPATH/Controllers/Api/BarangMasuk.php(75): CodeIgniter\BaseModel->insertBatch()
 8 SYSTEMPATH/CodeIgniter.php(896): App\Controllers\Api\BarangMasuk->create()
 9 SYSTEMPATH/CodeIgniter.php(466): CodeIgniter\CodeIgniter->runController()
10 SYSTEMPATH/CodeIgniter.php(349): CodeIgniter\CodeIgniter->handleRequest()
11 FCPATH/index.php(55): CodeIgniter\CodeIgniter->run()
12 SYSTEMPATH/Commands/Server/rewrite.php(43): require_once('FCPATH/index.php')
ERROR - 2022-07-15 11:13:19 --> Cannot add or update a child row: a foreign key constraint fails (`gudang`.`table_detail_barang_masuk`, CONSTRAINT `table_detail_barang_masuk_barang_masuk_foreign` FOREIGN KEY (`barang_masuk`) REFERENCES `table_barang_masuk` (`faktur`))
CRITICAL - 2022-07-15 11:13:19 --> Cannot add or update a child row: a foreign key constraint fails (`gudang`.`table_detail_barang_masuk`, CONSTRAINT `table_detail_barang_masuk_barang_masuk_foreign` FOREIGN KEY (`barang_masuk`) REFERENCES `table_barang_masuk` (`faktur`))
in SYSTEMPATH/Database/MySQLi/Connection.php on line 292.
 1 SYSTEMPATH/Database/MySQLi/Connection.php(292): mysqli->query()
 2 SYSTEMPATH/Database/BaseConnection.php(695): CodeIgniter\Database\MySQLi\Connection->execute()
 3 SYSTEMPATH/Database/BaseConnection.php(609): CodeIgniter\Database\BaseConnection->simpleQuery()
 4 SYSTEMPATH/Database/BaseBuilder.php(1778): CodeIgniter\Database\BaseConnection->query()
 5 SYSTEMPATH/Model.php(311): CodeIgniter\Database\BaseBuilder->insertBatch()
 6 SYSTEMPATH/BaseModel.php(814): CodeIgniter\Model->doInsertBatch()
 7 APPPATH/Controllers/Api/BarangMasuk.php(75): CodeIgniter\BaseModel->insertBatch()
 8 SYSTEMPATH/CodeIgniter.php(896): App\Controllers\Api\BarangMasuk->create()
 9 SYSTEMPATH/CodeIgniter.php(466): CodeIgniter\CodeIgniter->runController()
10 SYSTEMPATH/CodeIgniter.php(349): CodeIgniter\CodeIgniter->handleRequest()
11 FCPATH/index.php(55): CodeIgniter\CodeIgniter->run()
12 SYSTEMPATH/Commands/Server/rewrite.php(43): require_once('FCPATH/index.php')
ERROR - 2022-07-15 11:13:29 --> Cannot add or update a child row: a foreign key constraint fails (`gudang`.`table_detail_barang_masuk`, CONSTRAINT `table_detail_barang_masuk_barang_masuk_foreign` FOREIGN KEY (`barang_masuk`) REFERENCES `table_barang_masuk` (`faktur`))
CRITICAL - 2022-07-15 11:13:29 --> Cannot add or update a child row: a foreign key constraint fails (`gudang`.`table_detail_barang_masuk`, CONSTRAINT `table_detail_barang_masuk_barang_masuk_foreign` FOREIGN KEY (`barang_masuk`) REFERENCES `table_barang_masuk` (`faktur`))
in SYSTEMPATH/Database/MySQLi/Connection.php on line 292.
 1 SYSTEMPATH/Database/MySQLi/Connection.php(292): mysqli->query()
 2 SYSTEMPATH/Database/BaseConnection.php(695): CodeIgniter\Database\MySQLi\Connection->execute()
 3 SYSTEMPATH/Database/BaseConnection.php(609): CodeIgniter\Database\BaseConnection->simpleQuery()
 4 SYSTEMPATH/Database/BaseBuilder.php(1778): CodeIgniter\Database\BaseConnection->query()
 5 SYSTEMPATH/Model.php(311): CodeIgniter\Database\BaseBuilder->insertBatch()
 6 SYSTEMPATH/BaseModel.php(814): CodeIgniter\Model->doInsertBatch()
 7 APPPATH/Controllers/Api/BarangMasuk.php(75): CodeIgniter\BaseModel->insertBatch()
 8 SYSTEMPATH/CodeIgniter.php(896): App\Controllers\Api\BarangMasuk->create()
 9 SYSTEMPATH/CodeIgniter.php(466): CodeIgniter\CodeIgniter->runController()
10 SYSTEMPATH/CodeIgniter.php(349): CodeIgniter\CodeIgniter->handleRequest()
11 FCPATH/index.php(55): CodeIgniter\CodeIgniter->run()
12 SYSTEMPATH/Commands/Server/rewrite.php(43): require_once('FCPATH/index.php')
ERROR - 2022-07-15 11:16:43 --> Unknown column 'barang_barcode' in 'field list'
CRITICAL - 2022-07-15 11:16:43 --> Unknown column 'barang_barcode' in 'field list'
in SYSTEMPATH/Database/MySQLi/Connection.php on line 292.
 1 SYSTEMPATH/Database/MySQLi/Connection.php(292): mysqli->query()
 2 SYSTEMPATH/Database/BaseConnection.php(695): CodeIgniter\Database\MySQLi\Connection->execute()
 3 SYSTEMPATH/Database/BaseConnection.php(609): CodeIgniter\Database\BaseConnection->simpleQuery()
 4 SYSTEMPATH/Database/BaseBuilder.php(1778): CodeIgniter\Database\BaseConnection->query()
 5 SYSTEMPATH/Model.php(311): CodeIgniter\Database\BaseBuilder->insertBatch()
 6 SYSTEMPATH/BaseModel.php(814): CodeIgniter\Model->doInsertBatch()
 7 APPPATH/Controllers/Api/BarangMasuk.php(75): CodeIgniter\BaseModel->insertBatch()
 8 SYSTEMPATH/CodeIgniter.php(896): App\Controllers\Api\BarangMasuk->create()
 9 SYSTEMPATH/CodeIgniter.php(466): CodeIgniter\CodeIgniter->runController()
10 SYSTEMPATH/CodeIgniter.php(349): CodeIgniter\CodeIgniter->handleRequest()
11 FCPATH/index.php(55): CodeIgniter\CodeIgniter->run()
12 SYSTEMPATH/Commands/Server/rewrite.php(43): require_once('FCPATH/index.php')
ERROR - 2022-07-15 11:19:25 --> Duplicate entry 'f01' for key 'PRIMARY'
CRITICAL - 2022-07-15 11:19:25 --> Duplicate entry 'f01' for key 'PRIMARY'
in SYSTEMPATH/Database/MySQLi/Connection.php on line 292.
 1 SYSTEMPATH/Database/MySQLi/Connection.php(292): mysqli->query()
 2 SYSTEMPATH/Database/BaseConnection.php(695): CodeIgniter\Database\MySQLi\Connection->execute()
 3 SYSTEMPATH/Database/BaseConnection.php(609): CodeIgniter\Database\BaseConnection->simpleQuery()
 4 SYSTEMPATH/Database/BaseBuilder.php(1904): CodeIgniter\Database\BaseConnection->query()
 5 SYSTEMPATH/Model.php(278): CodeIgniter\Database\BaseBuilder->insert()
 6 SYSTEMPATH/BaseModel.php(738): CodeIgniter\Model->doInsert()
 7 SYSTEMPATH/Model.php(666): CodeIgniter\BaseModel->insert()
 8 APPPATH/Controllers/Api/BarangMasuk.php(73): CodeIgniter\Model->insert()
 9 SYSTEMPATH/CodeIgniter.php(896): App\Controllers\Api\BarangMasuk->create()
10 SYSTEMPATH/CodeIgniter.php(466): CodeIgniter\CodeIgniter->runController()
11 SYSTEMPATH/CodeIgniter.php(349): CodeIgniter\CodeIgniter->handleRequest()
12 FCPATH/index.php(55): CodeIgniter\CodeIgniter->run()
13 SYSTEMPATH/Commands/Server/rewrite.php(43): require_once('FCPATH/index.php')
ERROR - 2022-07-15 11:22:52 --> Duplicate entry 'f01' for key 'PRIMARY'
CRITICAL - 2022-07-15 11:22:52 --> Duplicate entry 'f01' for key 'PRIMARY'
in SYSTEMPATH/Database/MySQLi/Connection.php on line 292.
 1 SYSTEMPATH/Database/MySQLi/Connection.php(292): mysqli->query()
 2 SYSTEMPATH/Database/BaseConnection.php(695): CodeIgniter\Database\MySQLi\Connection->execute()
 3 SYSTEMPATH/Database/BaseConnection.php(609): CodeIgniter\Database\BaseConnection->simpleQuery()
 4 SYSTEMPATH/Database/BaseBuilder.php(1904): CodeIgniter\Database\BaseConnection->query()
 5 SYSTEMPATH/Model.php(278): CodeIgniter\Database\BaseBuilder->insert()
 6 SYSTEMPATH/BaseModel.php(738): CodeIgniter\Model->doInsert()
 7 SYSTEMPATH/Model.php(666): CodeIgniter\BaseModel->insert()
 8 APPPATH/Controllers/Api/BarangMasuk.php(74): CodeIgniter\Model->insert()
 9 SYSTEMPATH/CodeIgniter.php(896): App\Controllers\Api\BarangMasuk->create()
10 SYSTEMPATH/CodeIgniter.php(466): CodeIgniter\CodeIgniter->runController()
11 SYSTEMPATH/CodeIgniter.php(349): CodeIgniter\CodeIgniter->handleRequest()
12 FCPATH/index.php(55): CodeIgniter\CodeIgniter->run()
13 SYSTEMPATH/Commands/Server/rewrite.php(43): require_once('FCPATH/index.php')
ERROR - 2022-07-15 11:23:10 --> Duplicate entry 'f01' for key 'PRIMARY'
CRITICAL - 2022-07-15 11:23:10 --> Duplicate entry 'f01' for key 'PRIMARY'
in SYSTEMPATH/Database/MySQLi/Connection.php on line 292.
 1 SYSTEMPATH/Database/MySQLi/Connection.php(292): mysqli->query()
 2 SYSTEMPATH/Database/BaseConnection.php(695): CodeIgniter\Database\MySQLi\Connection->execute()
 3 SYSTEMPATH/Database/BaseConnection.php(609): CodeIgniter\Database\BaseConnection->simpleQuery()
 4 SYSTEMPATH/Database/BaseBuilder.php(1904): CodeIgniter\Database\BaseConnection->query()
 5 SYSTEMPATH/Model.php(278): CodeIgniter\Database\BaseBuilder->insert()
 6 SYSTEMPATH/BaseModel.php(738): CodeIgniter\Model->doInsert()
 7 SYSTEMPATH/Model.php(666): CodeIgniter\BaseModel->insert()
 8 APPPATH/Controllers/Api/BarangMasuk.php(74): CodeIgniter\Model->insert()
 9 SYSTEMPATH/CodeIgniter.php(896): App\Controllers\Api\BarangMasuk->create()
10 SYSTEMPATH/CodeIgniter.php(466): CodeIgniter\CodeIgniter->runController()
11 SYSTEMPATH/CodeIgniter.php(349): CodeIgniter\CodeIgniter->handleRequest()
12 FCPATH/index.php(55): CodeIgniter\CodeIgniter->run()
13 SYSTEMPATH/Commands/Server/rewrite.php(43): require_once('FCPATH/index.php')
CRITICAL - 2022-07-15 11:36:39 --> Call to undefined method CodeIgniter\Database\MySQLi\Connection::whereIn()
in APPPATH/Models/BarangMasukDetailModel.php on line 23.
 1 APPPATH/Controllers/Api/BarangMasuk.php(98): App\Models\BarangMasukDetailModel->getBarangLastIdInStok()
 2 APPPATH/Controllers/Api/BarangMasuk.php(70): App\Controllers\Api\BarangMasuk->getTambahStok()
 3 SYSTEMPATH/CodeIgniter.php(896): App\Controllers\Api\BarangMasuk->create()
 4 SYSTEMPATH/CodeIgniter.php(466): CodeIgniter\CodeIgniter->runController()
 5 SYSTEMPATH/CodeIgniter.php(349): CodeIgniter\CodeIgniter->handleRequest()
 6 FCPATH/index.php(55): CodeIgniter\CodeIgniter->run()
 7 SYSTEMPATH/Commands/Server/rewrite.php(43): require_once('FCPATH/index.php')
ERROR - 2022-07-15 11:38:58 --> Duplicate entry 'f02' for key 'PRIMARY'
CRITICAL - 2022-07-15 11:38:58 --> Duplicate entry 'f02' for key 'PRIMARY'
in SYSTEMPATH/Database/MySQLi/Connection.php on line 292.
 1 SYSTEMPATH/Database/MySQLi/Connection.php(292): mysqli->query()
 2 SYSTEMPATH/Database/BaseConnection.php(695): CodeIgniter\Database\MySQLi\Connection->execute()
 3 SYSTEMPATH/Database/BaseConnection.php(609): CodeIgniter\Database\BaseConnection->simpleQuery()
 4 SYSTEMPATH/Database/BaseBuilder.php(1904): CodeIgniter\Database\BaseConnection->query()
 5 SYSTEMPATH/Model.php(278): CodeIgniter\Database\BaseBuilder->insert()
 6 SYSTEMPATH/BaseModel.php(738): CodeIgniter\Model->doInsert()
 7 SYSTEMPATH/Model.php(666): CodeIgniter\BaseModel->insert()
 8 APPPATH/Controllers/Api/BarangMasuk.php(73): CodeIgniter\Model->insert()
 9 SYSTEMPATH/CodeIgniter.php(896): App\Controllers\Api\BarangMasuk->create()
10 SYSTEMPATH/CodeIgniter.php(466): CodeIgniter\CodeIgniter->runController()
11 SYSTEMPATH/CodeIgniter.php(349): CodeIgniter\CodeIgniter->handleRequest()
12 FCPATH/index.php(55): CodeIgniter\CodeIgniter->run()
13 SYSTEMPATH/Commands/Server/rewrite.php(43): require_once('FCPATH/index.php')
ERROR - 2022-07-15 11:45:04 --> Duplicate entry 'f03' for key 'PRIMARY'
CRITICAL - 2022-07-15 11:45:04 --> Duplicate entry 'f03' for key 'PRIMARY'
in SYSTEMPATH/Database/MySQLi/Connection.php on line 292.
 1 SYSTEMPATH/Database/MySQLi/Connection.php(292): mysqli->query()
 2 SYSTEMPATH/Database/BaseConnection.php(695): CodeIgniter\Database\MySQLi\Connection->execute()
 3 SYSTEMPATH/Database/BaseConnection.php(609): CodeIgniter\Database\BaseConnection->simpleQuery()
 4 SYSTEMPATH/Database/BaseBuilder.php(1904): CodeIgniter\Database\BaseConnection->query()
 5 SYSTEMPATH/Model.php(278): CodeIgniter\Database\BaseBuilder->insert()
 6 SYSTEMPATH/BaseModel.php(738): CodeIgniter\Model->doInsert()
 7 SYSTEMPATH/Model.php(666): CodeIgniter\BaseModel->insert()
 8 APPPATH/Controllers/Api/BarangMasuk.php(75): CodeIgniter\Model->insert()
 9 SYSTEMPATH/CodeIgniter.php(896): App\Controllers\Api\BarangMasuk->create()
10 SYSTEMPATH/CodeIgniter.php(466): CodeIgniter\CodeIgniter->runController()
11 SYSTEMPATH/CodeIgniter.php(349): CodeIgniter\CodeIgniter->handleRequest()
12 FCPATH/index.php(55): CodeIgniter\CodeIgniter->run()
13 SYSTEMPATH/Commands/Server/rewrite.php(43): require_once('FCPATH/index.php')
CRITICAL - 2022-07-15 11:48:55 --> Undefined property: App\Controllers\Api\BarangMasuk::$db
in APPPATH/Controllers/Api/BarangMasuk.php on line 71.
 1 APPPATH/Controllers/Api/BarangMasuk.php(71): CodeIgniter\Debug\Exceptions->errorHandler()
 2 SYSTEMPATH/CodeIgniter.php(896): App\Controllers\Api\BarangMasuk->create()
 3 SYSTEMPATH/CodeIgniter.php(466): CodeIgniter\CodeIgniter->runController()
 4 SYSTEMPATH/CodeIgniter.php(349): CodeIgniter\CodeIgniter->handleRequest()
 5 FCPATH/index.php(55): CodeIgniter\CodeIgniter->run()
 6 SYSTEMPATH/Commands/Server/rewrite.php(43): require_once('FCPATH/index.php')
ERROR - 2022-07-15 11:58:15 --> Duplicate entry 'f06' for key 'PRIMARY'
CRITICAL - 2022-07-15 11:58:15 --> Duplicate entry 'f06' for key 'PRIMARY'
in SYSTEMPATH/Database/MySQLi/Connection.php on line 292.
 1 SYSTEMPATH/Database/MySQLi/Connection.php(292): mysqli->query()
 2 SYSTEMPATH/Database/BaseConnection.php(695): CodeIgniter\Database\MySQLi\Connection->execute()
 3 SYSTEMPATH/Database/BaseConnection.php(609): CodeIgniter\Database\BaseConnection->simpleQuery()
 4 SYSTEMPATH/Database/BaseBuilder.php(1904): CodeIgniter\Database\BaseConnection->query()
 5 SYSTEMPATH/Model.php(278): CodeIgniter\Database\BaseBuilder->insert()
 6 SYSTEMPATH/BaseModel.php(738): CodeIgniter\Model->doInsert()
 7 SYSTEMPATH/Model.php(666): CodeIgniter\BaseModel->insert()
 8 APPPATH/Controllers/Api/BarangMasuk.php(74): CodeIgniter\Model->insert()
 9 SYSTEMPATH/CodeIgniter.php(896): App\Controllers\Api\BarangMasuk->create()
10 SYSTEMPATH/CodeIgniter.php(466): CodeIgniter\CodeIgniter->runController()
11 SYSTEMPATH/CodeIgniter.php(349): CodeIgniter\CodeIgniter->handleRequest()
12 FCPATH/index.php(55): CodeIgniter\CodeIgniter->run()
13 SYSTEMPATH/Commands/Server/rewrite.php(43): require_once('FCPATH/index.php')
ERROR - 2022-07-15 12:01:18 --> Duplicate entry 'f07' for key 'PRIMARY'
CRITICAL - 2022-07-15 12:01:18 --> Duplicate entry 'f07' for key 'PRIMARY'
in SYSTEMPATH/Database/MySQLi/Connection.php on line 292.
 1 SYSTEMPATH/Database/MySQLi/Connection.php(292): mysqli->query()
 2 SYSTEMPATH/Database/BaseConnection.php(695): CodeIgniter\Database\MySQLi\Connection->execute()
 3 SYSTEMPATH/Database/BaseConnection.php(609): CodeIgniter\Database\BaseConnection->simpleQuery()
 4 SYSTEMPATH/Database/BaseBuilder.php(1904): CodeIgniter\Database\BaseConnection->query()
 5 SYSTEMPATH/Model.php(278): CodeIgniter\Database\BaseBuilder->insert()
 6 SYSTEMPATH/BaseModel.php(738): CodeIgniter\Model->doInsert()
 7 SYSTEMPATH/Model.php(666): CodeIgniter\BaseModel->insert()
 8 APPPATH/Controllers/Api/BarangMasuk.php(74): CodeIgniter\Model->insert()
 9 SYSTEMPATH/CodeIgniter.php(896): App\Controllers\Api\BarangMasuk->create()
10 SYSTEMPATH/CodeIgniter.php(466): CodeIgniter\CodeIgniter->runController()
11 SYSTEMPATH/CodeIgniter.php(349): CodeIgniter\CodeIgniter->handleRequest()
12 FCPATH/index.php(55): CodeIgniter\CodeIgniter->run()
13 SYSTEMPATH/Commands/Server/rewrite.php(43): require_once('FCPATH/index.php')
ERROR - 2022-07-15 12:05:03 --> Cannot add or update a child row: a foreign key constraint fails (`gudang`.`table_detail_barang_masuk`, CONSTRAINT `table_detail_barang_masuk_barang_masuk_foreign` FOREIGN KEY (`barang_masuk`) REFERENCES `table_barang_masuk` (`faktur`))
CRITICAL - 2022-07-15 12:05:03 --> Cannot add or update a child row: a foreign key constraint fails (`gudang`.`table_detail_barang_masuk`, CONSTRAINT `table_detail_barang_masuk_barang_masuk_foreign` FOREIGN KEY (`barang_masuk`) REFERENCES `table_barang_masuk` (`faktur`))
in SYSTEMPATH/Database/MySQLi/Connection.php on line 292.
 1 SYSTEMPATH/Database/MySQLi/Connection.php(292): mysqli->query()
 2 SYSTEMPATH/Database/BaseConnection.php(695): CodeIgniter\Database\MySQLi\Connection->execute()
 3 SYSTEMPATH/Database/BaseConnection.php(609): CodeIgniter\Database\BaseConnection->simpleQuery()
 4 SYSTEMPATH/Database/BaseBuilder.php(1778): CodeIgniter\Database\BaseConnection->query()
 5 SYSTEMPATH/Model.php(311): CodeIgniter\Database\BaseBuilder->insertBatch()
 6 SYSTEMPATH/BaseModel.php(814): CodeIgniter\Model->doInsertBatch()
 7 APPPATH/Controllers/Api/BarangMasuk.php(71): CodeIgniter\BaseModel->insertBatch()
 8 SYSTEMPATH/CodeIgniter.php(896): App\Controllers\Api\BarangMasuk->create()
 9 SYSTEMPATH/CodeIgniter.php(466): CodeIgniter\CodeIgniter->runController()
10 SYSTEMPATH/CodeIgniter.php(349): CodeIgniter\CodeIgniter->handleRequest()
11 FCPATH/index.php(55): CodeIgniter\CodeIgniter->run()
12 SYSTEMPATH/Commands/Server/rewrite.php(43): require_once('FCPATH/index.php')
ERROR - 2022-07-15 12:08:24 --> Cannot add or update a child row: a foreign key constraint fails (`gudang`.`table_detail_barang_masuk`, CONSTRAINT `table_detail_barang_masuk_barang_masuk_foreign` FOREIGN KEY (`barang_masuk`) REFERENCES `table_barang_masuk` (`faktur`))
CRITICAL - 2022-07-15 12:08:24 --> Cannot add or update a child row: a foreign key constraint fails (`gudang`.`table_detail_barang_masuk`, CONSTRAINT `table_detail_barang_masuk_barang_masuk_foreign` FOREIGN KEY (`barang_masuk`) REFERENCES `table_barang_masuk` (`faktur`))
in SYSTEMPATH/Database/MySQLi/Connection.php on line 292.
 1 SYSTEMPATH/Database/MySQLi/Connection.php(292): mysqli->query()
 2 SYSTEMPATH/Database/BaseConnection.php(695): CodeIgniter\Database\MySQLi\Connection->execute()
 3 SYSTEMPATH/Database/BaseConnection.php(609): CodeIgniter\Database\BaseConnection->simpleQuery()
 4 SYSTEMPATH/Database/BaseBuilder.php(1778): CodeIgniter\Database\BaseConnection->query()
 5 SYSTEMPATH/Model.php(311): CodeIgniter\Database\BaseBuilder->insertBatch()
 6 SYSTEMPATH/BaseModel.php(814): CodeIgniter\Model->doInsertBatch()
 7 APPPATH/Controllers/Api/BarangMasuk.php(76): CodeIgniter\BaseModel->insertBatch()
 8 SYSTEMPATH/CodeIgniter.php(896): App\Controllers\Api\BarangMasuk->create()
 9 SYSTEMPATH/CodeIgniter.php(466): CodeIgniter\CodeIgniter->runController()
10 SYSTEMPATH/CodeIgniter.php(349): CodeIgniter\CodeIgniter->handleRequest()
11 FCPATH/index.php(55): CodeIgniter\CodeIgniter->run()
12 SYSTEMPATH/Commands/Server/rewrite.php(43): require_once('FCPATH/index.php')
CRITICAL - 2022-07-15 12:38:38 --> Undefined variable: id
in APPPATH/Controllers/Api/BarangMasuk.php on line 34.
 1 APPPATH/Controllers/Api/BarangMasuk.php(34): CodeIgniter\Debug\Exceptions->errorHandler()
 2 SYSTEMPATH/CodeIgniter.php(896): App\Controllers\Api\BarangMasuk->show()
 3 SYSTEMPATH/CodeIgniter.php(466): CodeIgniter\CodeIgniter->runController()
 4 SYSTEMPATH/CodeIgniter.php(349): CodeIgniter\CodeIgniter->handleRequest()
 5 FCPATH/index.php(55): CodeIgniter\CodeIgniter->run()
 6 SYSTEMPATH/Commands/Server/rewrite.php(43): require_once('FCPATH/index.php')
CRITICAL - 2022-07-15 12:38:58 --> Undefined variable: id
in APPPATH/Controllers/Api/BarangMasuk.php on line 34.
 1 APPPATH/Controllers/Api/BarangMasuk.php(34): CodeIgniter\Debug\Exceptions->errorHandler()
 2 SYSTEMPATH/CodeIgniter.php(896): App\Controllers\Api\BarangMasuk->show()
 3 SYSTEMPATH/CodeIgniter.php(466): CodeIgniter\CodeIgniter->runController()
 4 SYSTEMPATH/CodeIgniter.php(349): CodeIgniter\CodeIgniter->handleRequest()
 5 FCPATH/index.php(55): CodeIgniter\CodeIgniter->run()
 6 SYSTEMPATH/Commands/Server/rewrite.php(43): require_once('FCPATH/index.php')
CRITICAL - 2022-07-15 12:43:48 --> Undefined variable: db
in APPPATH/Controllers/Api/BarangMasuk.php on line 107.
 1 APPPATH/Controllers/Api/BarangMasuk.php(107): CodeIgniter\Debug\Exceptions->errorHandler()
 2 APPPATH/Controllers/Api/BarangMasuk.php(35): App\Controllers\Api\BarangMasuk->getTambahStok()
 3 SYSTEMPATH/CodeIgniter.php(896): App\Controllers\Api\BarangMasuk->show()
 4 SYSTEMPATH/CodeIgniter.php(466): CodeIgniter\CodeIgniter->runController()
 5 SYSTEMPATH/CodeIgniter.php(349): CodeIgniter\CodeIgniter->handleRequest()
 6 FCPATH/index.php(55): CodeIgniter\CodeIgniter->run()
 7 SYSTEMPATH/Commands/Server/rewrite.php(43): require_once('FCPATH/index.php')
CRITICAL - 2022-07-15 12:52:52 --> Object of class CodeIgniter\Database\MySQLi\Builder could not be converted to string
in APPPATH/Models/BarangMasukDetailModel.php on line 25.
 1 APPPATH/Controllers/Api/BarangMasuk.php(107): App\Models\BarangMasukDetailModel->getBarangLastIdInStok()
 2 APPPATH/Controllers/Api/BarangMasuk.php(35): App\Controllers\Api\BarangMasuk->getTambahStok()
 3 SYSTEMPATH/CodeIgniter.php(896): App\Controllers\Api\BarangMasuk->show()
 4 SYSTEMPATH/CodeIgniter.php(466): CodeIgniter\CodeIgniter->runController()
 5 SYSTEMPATH/CodeIgniter.php(349): CodeIgniter\CodeIgniter->handleRequest()
 6 FCPATH/index.php(55): CodeIgniter\CodeIgniter->run()
 7 SYSTEMPATH/Commands/Server/rewrite.php(43): require_once('FCPATH/index.php')
ERROR - 2022-07-15 12:54:51 --> Unknown column 'barang' in 'field list'
CRITICAL - 2022-07-15 12:54:51 --> Unknown column 'barang' in 'field list'
in SYSTEMPATH/Database/MySQLi/Connection.php on line 292.
 1 SYSTEMPATH/Database/MySQLi/Connection.php(292): mysqli->query()
 2 SYSTEMPATH/Database/BaseConnection.php(695): CodeIgniter\Database\MySQLi\Connection->execute()
 3 SYSTEMPATH/Database/BaseConnection.php(609): CodeIgniter\Database\BaseConnection->simpleQuery()
 4 SYSTEMPATH/Database/BaseBuilder.php(1585): CodeIgniter\Database\BaseConnection->query()
 5 APPPATH/Models/BarangMasukDetailModel.php(26): CodeIgniter\Database\BaseBuilder->get()
 6 APPPATH/Controllers/Api/BarangMasuk.php(107): App\Models\BarangMasukDetailModel->getBarangLastIdInStok()
 7 APPPATH/Controllers/Api/BarangMasuk.php(35): App\Controllers\Api\BarangMasuk->getTambahStok()
 8 SYSTEMPATH/CodeIgniter.php(896): App\Controllers\Api\BarangMasuk->show()
 9 SYSTEMPATH/CodeIgniter.php(466): CodeIgniter\CodeIgniter->runController()
10 SYSTEMPATH/CodeIgniter.php(349): CodeIgniter\CodeIgniter->handleRequest()
11 FCPATH/index.php(55): CodeIgniter\CodeIgniter->run()
12 SYSTEMPATH/Commands/Server/rewrite.php(43): require_once('FCPATH/index.php')
ERROR - 2022-07-15 12:55:41 --> Unknown column 'table_arus_stok.detail_barang_masuk' in 'on clause'
CRITICAL - 2022-07-15 12:55:41 --> Unknown column 'table_arus_stok.detail_barang_masuk' in 'on clause'
in SYSTEMPATH/Database/MySQLi/Connection.php on line 292.
 1 SYSTEMPATH/Database/MySQLi/Connection.php(292): mysqli->query()
 2 SYSTEMPATH/Database/BaseConnection.php(695): CodeIgniter\Database\MySQLi\Connection->execute()
 3 SYSTEMPATH/Database/BaseConnection.php(609): CodeIgniter\Database\BaseConnection->simpleQuery()
 4 SYSTEMPATH/Database/BaseBuilder.php(1585): CodeIgniter\Database\BaseConnection->query()
 5 APPPATH/Models/BarangMasukDetailModel.php(26): CodeIgniter\Database\BaseBuilder->get()
 6 APPPATH/Controllers/Api/BarangMasuk.php(107): App\Models\BarangMasukDetailModel->getBarangLastIdInStok()
 7 APPPATH/Controllers/Api/BarangMasuk.php(35): App\Controllers\Api\BarangMasuk->getTambahStok()
 8 SYSTEMPATH/CodeIgniter.php(896): App\Controllers\Api\BarangMasuk->show()
 9 SYSTEMPATH/CodeIgniter.php(466): CodeIgniter\CodeIgniter->runController()
10 SYSTEMPATH/CodeIgniter.php(349): CodeIgniter\CodeIgniter->handleRequest()
11 FCPATH/index.php(55): CodeIgniter\CodeIgniter->run()
12 SYSTEMPATH/Commands/Server/rewrite.php(43): require_once('FCPATH/index.php')
ERROR - 2022-07-15 12:55:59 --> Unknown column 'barang_barcode' in 'field list'
CRITICAL - 2022-07-15 12:55:59 --> Unknown column 'barang_barcode' in 'field list'
in SYSTEMPATH/Database/MySQLi/Connection.php on line 292.
 1 SYSTEMPATH/Database/MySQLi/Connection.php(292): mysqli->query()
 2 SYSTEMPATH/Database/BaseConnection.php(695): CodeIgniter\Database\MySQLi\Connection->execute()
 3 SYSTEMPATH/Database/BaseConnection.php(609): CodeIgniter\Database\BaseConnection->simpleQuery()
 4 SYSTEMPATH/Database/BaseBuilder.php(1585): CodeIgniter\Database\BaseConnection->query()
 5 APPPATH/Models/BarangMasukDetailModel.php(26): CodeIgniter\Database\BaseBuilder->get()
 6 APPPATH/Controllers/Api/BarangMasuk.php(107): App\Models\BarangMasukDetailModel->getBarangLastIdInStok()
 7 APPPATH/Controllers/Api/BarangMasuk.php(35): App\Controllers\Api\BarangMasuk->getTambahStok()
 8 SYSTEMPATH/CodeIgniter.php(896): App\Controllers\Api\BarangMasuk->show()
 9 SYSTEMPATH/CodeIgniter.php(466): CodeIgniter\CodeIgniter->runController()
10 SYSTEMPATH/CodeIgniter.php(349): CodeIgniter\CodeIgniter->handleRequest()
11 FCPATH/index.php(55): CodeIgniter\CodeIgniter->run()
12 SYSTEMPATH/Commands/Server/rewrite.php(43): require_once('FCPATH/index.php')
ERROR - 2022-07-15 12:57:48 --> You have an error in your SQL syntax; check the manual that corresponds to your MariaDB server version for the right syntax to use near ';) arus_stok ON `arus_stok`.`barang` = `table_detail_barang_masuk`.`barang`
W...' at line 5
CRITICAL - 2022-07-15 12:57:48 --> You have an error in your SQL syntax; check the manual that corresponds to your MariaDB server version for the right syntax to use near ';) arus_stok ON `arus_stok`.`barang` = `table_detail_barang_masuk`.`barang`
W...' at line 5
in SYSTEMPATH/Database/MySQLi/Connection.php on line 292.
 1 SYSTEMPATH/Database/MySQLi/Connection.php(292): mysqli->query()
 2 SYSTEMPATH/Database/BaseConnection.php(695): CodeIgniter\Database\MySQLi\Connection->execute()
 3 SYSTEMPATH/Database/BaseConnection.php(609): CodeIgniter\Database\BaseConnection->simpleQuery()
 4 SYSTEMPATH/Database/BaseBuilder.php(1585): CodeIgniter\Database\BaseConnection->query()
 5 APPPATH/Models/BarangMasukDetailModel.php(29): CodeIgniter\Database\BaseBuilder->get()
 6 APPPATH/Controllers/Api/BarangMasuk.php(107): App\Models\BarangMasukDetailModel->getBarangLastIdInStok()
 7 APPPATH/Controllers/Api/BarangMasuk.php(35): App\Controllers\Api\BarangMasuk->getTambahStok()
 8 SYSTEMPATH/CodeIgniter.php(896): App\Controllers\Api\BarangMasuk->show()
 9 SYSTEMPATH/CodeIgniter.php(466): CodeIgniter\CodeIgniter->runController()
10 SYSTEMPATH/CodeIgniter.php(349): CodeIgniter\CodeIgniter->handleRequest()
11 FCPATH/index.php(55): CodeIgniter\CodeIgniter->run()
12 SYSTEMPATH/Commands/Server/rewrite.php(43): require_once('FCPATH/index.php')
CRITICAL - 2022-07-15 12:59:30 --> Argument 1 passed to CodeIgniter\BaseModel::insertBatch() must be of the type array or null, string given, called in /opt/lampp/htdocs/gudang/app/Controllers/Api/BarangMasuk.php on line 79
in SYSTEMPATH/BaseModel.php on line 774.
 1 APPPATH/Controllers/Api/BarangMasuk.php(79): CodeIgniter\BaseModel->insertBatch()
 2 SYSTEMPATH/CodeIgniter.php(896): App\Controllers\Api\BarangMasuk->create()
 3 SYSTEMPATH/CodeIgniter.php(466): CodeIgniter\CodeIgniter->runController()
 4 SYSTEMPATH/CodeIgniter.php(349): CodeIgniter\CodeIgniter->handleRequest()
 5 FCPATH/index.php(55): CodeIgniter\CodeIgniter->run()
 6 SYSTEMPATH/Commands/Server/rewrite.php(43): require_once('FCPATH/index.php')
CRITICAL - 2022-07-15 12:59:34 --> Argument 1 passed to CodeIgniter\BaseModel::insertBatch() must be of the type array or null, string given, called in /opt/lampp/htdocs/gudang/app/Controllers/Api/BarangMasuk.php on line 79
in SYSTEMPATH/BaseModel.php on line 774.
 1 APPPATH/Controllers/Api/BarangMasuk.php(79): CodeIgniter\BaseModel->insertBatch()
 2 SYSTEMPATH/CodeIgniter.php(896): App\Controllers\Api\BarangMasuk->create()
 3 SYSTEMPATH/CodeIgniter.php(466): CodeIgniter\CodeIgniter->runController()
 4 SYSTEMPATH/CodeIgniter.php(349): CodeIgniter\CodeIgniter->handleRequest()
 5 FCPATH/index.php(55): CodeIgniter\CodeIgniter->run()
 6 SYSTEMPATH/Commands/Server/rewrite.php(43): require_once('FCPATH/index.php')
CRITICAL - 2022-07-15 12:59:52 --> Argument 1 passed to CodeIgniter\BaseModel::insertBatch() must be of the type array or null, string given, called in /opt/lampp/htdocs/gudang/app/Controllers/Api/BarangMasuk.php on line 79
in SYSTEMPATH/BaseModel.php on line 774.
 1 APPPATH/Controllers/Api/BarangMasuk.php(79): CodeIgniter\BaseModel->insertBatch()
 2 SYSTEMPATH/CodeIgniter.php(896): App\Controllers\Api\BarangMasuk->create()
 3 SYSTEMPATH/CodeIgniter.php(466): CodeIgniter\CodeIgniter->runController()
 4 SYSTEMPATH/CodeIgniter.php(349): CodeIgniter\CodeIgniter->handleRequest()
 5 FCPATH/index.php(55): CodeIgniter\CodeIgniter->run()
 6 SYSTEMPATH/Commands/Server/rewrite.php(43): require_once('FCPATH/index.php')
CRITICAL - 2022-07-15 13:00:44 --> Argument 1 passed to CodeIgniter\BaseModel::insertBatch() must be of the type array or null, string given, called in /opt/lampp/htdocs/gudang/app/Controllers/Api/BarangMasuk.php on line 79
in SYSTEMPATH/BaseModel.php on line 774.
 1 APPPATH/Controllers/Api/BarangMasuk.php(79): CodeIgniter\BaseModel->insertBatch()
 2 SYSTEMPATH/CodeIgniter.php(896): App\Controllers\Api\BarangMasuk->create()
 3 SYSTEMPATH/CodeIgniter.php(466): CodeIgniter\CodeIgniter->runController()
 4 SYSTEMPATH/CodeIgniter.php(349): CodeIgniter\CodeIgniter->handleRequest()
 5 FCPATH/index.php(55): CodeIgniter\CodeIgniter->run()
 6 SYSTEMPATH/Commands/Server/rewrite.php(43): require_once('FCPATH/index.php')
