CRITICAL - 2022-07-16 07:42:47 --> Too few arguments to function App\Models\BarangMasukDetailModel::getBarangMasuk(), 0 passed in /opt/lampp/htdocs/gudang/app/Controllers/Api/BarangMasuk.php on line 23 and exactly 1 expected
in APPPATH/Models/BarangMasukDetailModel.php on line 18.
 1 APPPATH/Controllers/Api/BarangMasuk.php(23): App\Models\BarangMasukDetailModel->getBarangMasuk()
 2 SYSTEMPATH/CodeIgniter.php(896): App\Controllers\Api\BarangMasuk->index()
 3 SYSTEMPATH/CodeIgniter.php(466): CodeIgniter\CodeIgniter->runController()
 4 SYSTEMPATH/CodeIgniter.php(349): CodeIgniter\CodeIgniter->handleRequest()
 5 FCPATH/index.php(55): CodeIgniter\CodeIgniter->run()
 6 SYSTEMPATH/Commands/Server/rewrite.php(43): require_once('FCPATH/index.php')
ERROR - 2022-07-16 07:45:13 --> Unknown column 'table_detail_barang_masuk.faktur' in 'field list'
CRITICAL - 2022-07-16 07:45:13 --> Unknown column 'table_detail_barang_masuk.faktur' in 'field list'
in SYSTEMPATH/Database/MySQLi/Connection.php on line 292.
 1 SYSTEMPATH/Database/MySQLi/Connection.php(292): mysqli->query()
 2 SYSTEMPATH/Database/BaseConnection.php(695): CodeIgniter\Database\MySQLi\Connection->execute()
 3 SYSTEMPATH/Database/BaseConnection.php(609): CodeIgniter\Database\BaseConnection->simpleQuery()
 4 SYSTEMPATH/Database/BaseBuilder.php(1585): CodeIgniter\Database\BaseConnection->query()
 5 APPPATH/Models/BarangMasukDetailModel.php(24): CodeIgniter\Database\BaseBuilder->get()
 6 APPPATH/Controllers/Api/BarangMasuk.php(23): App\Models\BarangMasukDetailModel->getBarangMasuk()
 7 SYSTEMPATH/CodeIgniter.php(896): App\Controllers\Api\BarangMasuk->index()
 8 SYSTEMPATH/CodeIgniter.php(466): CodeIgniter\CodeIgniter->runController()
 9 SYSTEMPATH/CodeIgniter.php(349): CodeIgniter\CodeIgniter->handleRequest()
10 FCPATH/index.php(55): CodeIgniter\CodeIgniter->run()
11 SYSTEMPATH/Commands/Server/rewrite.php(43): require_once('FCPATH/index.php')
ERROR - 2022-07-16 08:18:21 --> Unknown table 'gudang.table_barang_masuk'
CRITICAL - 2022-07-16 08:18:21 --> Unknown table 'gudang.table_barang_masuk'
in SYSTEMPATH/Database/MySQLi/Connection.php on line 292.
 1 SYSTEMPATH/Database/MySQLi/Connection.php(292): mysqli->query()
 2 SYSTEMPATH/Database/BaseConnection.php(695): CodeIgniter\Database\MySQLi\Connection->execute()
 3 SYSTEMPATH/Database/BaseConnection.php(609): CodeIgniter\Database\BaseConnection->simpleQuery()
 4 SYSTEMPATH/Database/BaseBuilder.php(1585): CodeIgniter\Database\BaseConnection->query()
 5 APPPATH/Models/BarangMasukDetailModel.php(33): CodeIgniter\Database\BaseBuilder->get()
 6 APPPATH/Controllers/Api/BarangMasuk.php(38): App\Models\BarangMasukDetailModel->getBarangMasukDetail()
 7 SYSTEMPATH/CodeIgniter.php(896): App\Controllers\Api\BarangMasuk->show()
 8 SYSTEMPATH/CodeIgniter.php(466): CodeIgniter\CodeIgniter->runController()
 9 SYSTEMPATH/CodeIgniter.php(349): CodeIgniter\CodeIgniter->handleRequest()
10 FCPATH/index.php(55): CodeIgniter\CodeIgniter->run()
11 SYSTEMPATH/Commands/Server/rewrite.php(43): require_once('FCPATH/index.php')
ERROR - 2022-07-16 08:18:34 --> Unknown table 'gudang.table_barang_masuk'
CRITICAL - 2022-07-16 08:18:34 --> Unknown table 'gudang.table_barang_masuk'
in SYSTEMPATH/Database/MySQLi/Connection.php on line 292.
 1 SYSTEMPATH/Database/MySQLi/Connection.php(292): mysqli->query()
 2 SYSTEMPATH/Database/BaseConnection.php(695): CodeIgniter\Database\MySQLi\Connection->execute()
 3 SYSTEMPATH/Database/BaseConnection.php(609): CodeIgniter\Database\BaseConnection->simpleQuery()
 4 SYSTEMPATH/Database/BaseBuilder.php(1585): CodeIgniter\Database\BaseConnection->query()
 5 APPPATH/Models/BarangMasukDetailModel.php(33): CodeIgniter\Database\BaseBuilder->get()
 6 APPPATH/Controllers/Api/BarangMasuk.php(38): App\Models\BarangMasukDetailModel->getBarangMasukDetail()
 7 SYSTEMPATH/CodeIgniter.php(896): App\Controllers\Api\BarangMasuk->show()
 8 SYSTEMPATH/CodeIgniter.php(466): CodeIgniter\CodeIgniter->runController()
 9 SYSTEMPATH/CodeIgniter.php(349): CodeIgniter\CodeIgniter->handleRequest()
10 FCPATH/index.php(55): CodeIgniter\CodeIgniter->run()
11 SYSTEMPATH/Commands/Server/rewrite.php(43): require_once('FCPATH/index.php')
ERROR - 2022-07-16 09:03:49 --> FUNCTION gudang.COALSESCE does not exist
CRITICAL - 2022-07-16 09:03:49 --> FUNCTION gudang.COALSESCE does not exist
in SYSTEMPATH/Database/MySQLi/Connection.php on line 292.
 1 SYSTEMPATH/Database/MySQLi/Connection.php(292): mysqli->query()
 2 SYSTEMPATH/Database/BaseConnection.php(695): CodeIgniter\Database\MySQLi\Connection->execute()
 3 SYSTEMPATH/Database/BaseConnection.php(609): CodeIgniter\Database\BaseConnection->simpleQuery()
 4 SYSTEMPATH/Database/BaseBuilder.php(1585): CodeIgniter\Database\BaseConnection->query()
 5 APPPATH/Models/ArusStokModel.php(26): CodeIgniter\Database\BaseBuilder->get()
 6 APPPATH/Controllers/Api/Stok.php(24): App\Models\ArusStokModel->getArusStok()
 7 SYSTEMPATH/CodeIgniter.php(896): App\Controllers\Api\Stok->index()
 8 SYSTEMPATH/CodeIgniter.php(466): CodeIgniter\CodeIgniter->runController()
 9 SYSTEMPATH/CodeIgniter.php(349): CodeIgniter\CodeIgniter->handleRequest()
10 FCPATH/index.php(55): CodeIgniter\CodeIgniter->run()
11 SYSTEMPATH/Commands/Server/rewrite.php(43): require_once('FCPATH/index.php')
ERROR - 2022-07-16 09:04:04 --> Unknown column 'table_barang.kode' in 'on clause'
CRITICAL - 2022-07-16 09:04:04 --> Unknown column 'table_barang.kode' in 'on clause'
in SYSTEMPATH/Database/MySQLi/Connection.php on line 292.
 1 SYSTEMPATH/Database/MySQLi/Connection.php(292): mysqli->query()
 2 SYSTEMPATH/Database/BaseConnection.php(695): CodeIgniter\Database\MySQLi\Connection->execute()
 3 SYSTEMPATH/Database/BaseConnection.php(609): CodeIgniter\Database\BaseConnection->simpleQuery()
 4 SYSTEMPATH/Database/BaseBuilder.php(1585): CodeIgniter\Database\BaseConnection->query()
 5 APPPATH/Models/ArusStokModel.php(26): CodeIgniter\Database\BaseBuilder->get()
 6 APPPATH/Controllers/Api/Stok.php(24): App\Models\ArusStokModel->getArusStok()
 7 SYSTEMPATH/CodeIgniter.php(896): App\Controllers\Api\Stok->index()
 8 SYSTEMPATH/CodeIgniter.php(466): CodeIgniter\CodeIgniter->runController()
 9 SYSTEMPATH/CodeIgniter.php(349): CodeIgniter\CodeIgniter->handleRequest()
10 FCPATH/index.php(55): CodeIgniter\CodeIgniter->run()
11 SYSTEMPATH/Commands/Server/rewrite.php(43): require_once('FCPATH/index.php')
ERROR - 2022-07-16 09:13:24 --> You have an error in your SQL syntax; check the manual that corresponds to your MariaDB server version for the right syntax to use near 'IS NULL 
        WHERE table_arus_stok 
        JOIN table_detail_barang_masu...' at line 4
CRITICAL - 2022-07-16 09:13:24 --> You have an error in your SQL syntax; check the manual that corresponds to your MariaDB server version for the right syntax to use near 'IS NULL 
        WHERE table_arus_stok 
        JOIN table_detail_barang_masu...' at line 4
in SYSTEMPATH/Database/MySQLi/Connection.php on line 292.
 1 SYSTEMPATH/Database/MySQLi/Connection.php(292): mysqli->query()
 2 SYSTEMPATH/Database/BaseConnection.php(695): CodeIgniter\Database\MySQLi\Connection->execute()
 3 SYSTEMPATH/Database/BaseConnection.php(609): CodeIgniter\Database\BaseConnection->simpleQuery()
 4 SYSTEMPATH/Database/BaseBuilder.php(1585): CodeIgniter\Database\BaseConnection->query()
 5 APPPATH/Models/ArusStokModel.php(31): CodeIgniter\Database\BaseBuilder->get()
 6 APPPATH/Controllers/Api/Stok.php(24): App\Models\ArusStokModel->getArusStok()
 7 SYSTEMPATH/CodeIgniter.php(896): App\Controllers\Api\Stok->index()
 8 SYSTEMPATH/CodeIgniter.php(466): CodeIgniter\CodeIgniter->runController()
 9 SYSTEMPATH/CodeIgniter.php(349): CodeIgniter\CodeIgniter->handleRequest()
10 FCPATH/index.php(55): CodeIgniter\CodeIgniter->run()
11 SYSTEMPATH/Commands/Server/rewrite.php(43): require_once('FCPATH/index.php')
ERROR - 2022-07-16 09:14:50 --> You have an error in your SQL syntax; check the manual that corresponds to your MariaDB server version for the right syntax to use near 'JOIN table_detail_barang_masuk
        ON table_detail_barang_masuk.id = tabl...' at line 6
CRITICAL - 2022-07-16 09:14:50 --> You have an error in your SQL syntax; check the manual that corresponds to your MariaDB server version for the right syntax to use near 'JOIN table_detail_barang_masuk
        ON table_detail_barang_masuk.id = tabl...' at line 6
in SYSTEMPATH/Database/MySQLi/Connection.php on line 292.
 1 SYSTEMPATH/Database/MySQLi/Connection.php(292): mysqli->query()
 2 SYSTEMPATH/Database/BaseConnection.php(695): CodeIgniter\Database\MySQLi\Connection->execute()
 3 SYSTEMPATH/Database/BaseConnection.php(609): CodeIgniter\Database\BaseConnection->simpleQuery()
 4 SYSTEMPATH/Database/BaseBuilder.php(1585): CodeIgniter\Database\BaseConnection->query()
 5 APPPATH/Models/ArusStokModel.php(31): CodeIgniter\Database\BaseBuilder->get()
 6 APPPATH/Controllers/Api/Stok.php(24): App\Models\ArusStokModel->getArusStok()
 7 SYSTEMPATH/CodeIgniter.php(896): App\Controllers\Api\Stok->index()
 8 SYSTEMPATH/CodeIgniter.php(466): CodeIgniter\CodeIgniter->runController()
 9 SYSTEMPATH/CodeIgniter.php(349): CodeIgniter\CodeIgniter->handleRequest()
10 FCPATH/index.php(55): CodeIgniter\CodeIgniter->run()
11 SYSTEMPATH/Commands/Server/rewrite.php(43): require_once('FCPATH/index.php')
ERROR - 2022-07-16 09:15:10 --> Table 'gudang.barang_keluar_detail' doesn't exist
CRITICAL - 2022-07-16 09:15:10 --> Table 'gudang.barang_keluar_detail' doesn't exist
in SYSTEMPATH/Database/MySQLi/Connection.php on line 292.
 1 SYSTEMPATH/Database/MySQLi/Connection.php(292): mysqli->query()
 2 SYSTEMPATH/Database/BaseConnection.php(695): CodeIgniter\Database\MySQLi\Connection->execute()
 3 SYSTEMPATH/Database/BaseConnection.php(609): CodeIgniter\Database\BaseConnection->simpleQuery()
 4 SYSTEMPATH/Database/BaseBuilder.php(1585): CodeIgniter\Database\BaseConnection->query()
 5 APPPATH/Models/ArusStokModel.php(31): CodeIgniter\Database\BaseBuilder->get()
 6 APPPATH/Controllers/Api/Stok.php(24): App\Models\ArusStokModel->getArusStok()
 7 SYSTEMPATH/CodeIgniter.php(896): App\Controllers\Api\Stok->index()
 8 SYSTEMPATH/CodeIgniter.php(466): CodeIgniter\CodeIgniter->runController()
 9 SYSTEMPATH/CodeIgniter.php(349): CodeIgniter\CodeIgniter->handleRequest()
10 FCPATH/index.php(55): CodeIgniter\CodeIgniter->run()
11 SYSTEMPATH/Commands/Server/rewrite.php(43): require_once('FCPATH/index.php')
ERROR - 2022-07-16 09:15:58 --> Unknown column 'table_arus_stok' in 'where clause'
CRITICAL - 2022-07-16 09:15:58 --> Unknown column 'table_arus_stok' in 'where clause'
in SYSTEMPATH/Database/MySQLi/Connection.php on line 292.
 1 SYSTEMPATH/Database/MySQLi/Connection.php(292): mysqli->query()
 2 SYSTEMPATH/Database/BaseConnection.php(695): CodeIgniter\Database\MySQLi\Connection->execute()
 3 SYSTEMPATH/Database/BaseConnection.php(609): CodeIgniter\Database\BaseConnection->simpleQuery()
 4 SYSTEMPATH/Database/BaseBuilder.php(1585): CodeIgniter\Database\BaseConnection->query()
 5 APPPATH/Models/ArusStokModel.php(31): CodeIgniter\Database\BaseBuilder->get()
 6 APPPATH/Controllers/Api/Stok.php(24): App\Models\ArusStokModel->getArusStok()
 7 SYSTEMPATH/CodeIgniter.php(896): App\Controllers\Api\Stok->index()
 8 SYSTEMPATH/CodeIgniter.php(466): CodeIgniter\CodeIgniter->runController()
 9 SYSTEMPATH/CodeIgniter.php(349): CodeIgniter\CodeIgniter->handleRequest()
10 FCPATH/index.php(55): CodeIgniter\CodeIgniter->run()
11 SYSTEMPATH/Commands/Server/rewrite.php(43): require_once('FCPATH/index.php')
ERROR - 2022-07-16 09:18:26 --> Unknown column 'satuan.id' in 'on clause'
CRITICAL - 2022-07-16 09:18:26 --> Unknown column 'satuan.id' in 'on clause'
in SYSTEMPATH/Database/MySQLi/Connection.php on line 292.
 1 SYSTEMPATH/Database/MySQLi/Connection.php(292): mysqli->query()
 2 SYSTEMPATH/Database/BaseConnection.php(695): CodeIgniter\Database\MySQLi\Connection->execute()
 3 SYSTEMPATH/Database/BaseConnection.php(609): CodeIgniter\Database\BaseConnection->simpleQuery()
 4 SYSTEMPATH/Database/BaseBuilder.php(1585): CodeIgniter\Database\BaseConnection->query()
 5 APPPATH/Models/ArusStokModel.php(32): CodeIgniter\Database\BaseBuilder->get()
 6 APPPATH/Controllers/Api/Stok.php(24): App\Models\ArusStokModel->getArusStok()
 7 SYSTEMPATH/CodeIgniter.php(896): App\Controllers\Api\Stok->index()
 8 SYSTEMPATH/CodeIgniter.php(466): CodeIgniter\CodeIgniter->runController()
 9 SYSTEMPATH/CodeIgniter.php(349): CodeIgniter\CodeIgniter->handleRequest()
10 FCPATH/index.php(55): CodeIgniter\CodeIgniter->run()
11 SYSTEMPATH/Commands/Server/rewrite.php(43): require_once('FCPATH/index.php')
CRITICAL - 2022-07-16 10:23:42 --> Cache key contains reserved characters {}()/\@:
in SYSTEMPATH/Cache/Handlers/BaseHandler.php on line 66.
 1 SYSTEMPATH/Cache/Handlers/FileHandler.php(80): CodeIgniter\Cache\Handlers\BaseHandler::validateKey()
 2 SYSTEMPATH/View/Cell.php(78): CodeIgniter\Cache\Handlers\FileHandler->get()
 3 SYSTEMPATH/Common.php(1151): CodeIgniter\View\Cell->render()
 4 APPPATH/Views/layout/barang-masuk/print-barcode.php(9): view_cell()
 5 SYSTEMPATH/View/View.php(213): include('APPPATH/Views/layout/barang-masuk/print-barcode.php')
 6 SYSTEMPATH/View/View.php(216): CodeIgniter\View\View->CodeIgniter\View\{closure}()
 7 SYSTEMPATH/Common.php(1135): CodeIgniter\View\View->render()
 8 APPPATH/Controllers/BarangMasuk.php(21): view()
 9 SYSTEMPATH/CodeIgniter.php(896): App\Controllers\BarangMasuk->barcode()
10 SYSTEMPATH/CodeIgniter.php(466): CodeIgniter\CodeIgniter->runController()
11 SYSTEMPATH/CodeIgniter.php(349): CodeIgniter\CodeIgniter->handleRequest()
12 FCPATH/index.php(55): CodeIgniter\CodeIgniter->run()
13 SYSTEMPATH/Commands/Server/rewrite.php(43): require_once('FCPATH/index.php')
CRITICAL - 2022-07-16 10:26:33 --> Undefined index: faktur
in APPPATH/Libraries/Widget.php on line 16.
 1 APPPATH/Libraries/Widget.php(16): CodeIgniter\Debug\Exceptions->errorHandler()
 2 SYSTEMPATH/View/Cell.php(111): App\Libraries\Widget->barcode()
 3 SYSTEMPATH/Common.php(1151): CodeIgniter\View\Cell->render()
 4 APPPATH/Views/layout/barang-masuk/print-barcode.php(9): view_cell()
 5 SYSTEMPATH/View/View.php(213): include('APPPATH/Views/layout/barang-masuk/print-barcode.php')
 6 SYSTEMPATH/View/View.php(216): CodeIgniter\View\View->CodeIgniter\View\{closure}()
 7 SYSTEMPATH/Common.php(1135): CodeIgniter\View\View->render()
 8 APPPATH/Controllers/BarangMasuk.php(21): view()
 9 SYSTEMPATH/CodeIgniter.php(896): App\Controllers\BarangMasuk->barcode()
10 SYSTEMPATH/CodeIgniter.php(466): CodeIgniter\CodeIgniter->runController()
11 SYSTEMPATH/CodeIgniter.php(349): CodeIgniter\CodeIgniter->handleRequest()
12 FCPATH/index.php(55): CodeIgniter\CodeIgniter->run()
13 SYSTEMPATH/Commands/Server/rewrite.php(43): require_once('FCPATH/index.php')
ERROR - 2022-07-16 10:28:20 --> Unknown column 'faktur' in 'where clause'
CRITICAL - 2022-07-16 10:28:20 --> Unknown column 'faktur' in 'where clause'
in SYSTEMPATH/Database/MySQLi/Connection.php on line 292.
 1 SYSTEMPATH/Database/MySQLi/Connection.php(292): mysqli->query()
 2 SYSTEMPATH/Database/BaseConnection.php(695): CodeIgniter\Database\MySQLi\Connection->execute()
 3 SYSTEMPATH/Database/BaseConnection.php(609): CodeIgniter\Database\BaseConnection->simpleQuery()
 4 SYSTEMPATH/Database/BaseBuilder.php(1585): CodeIgniter\Database\BaseConnection->query()
 5 SYSTEMPATH/Model.php(771): CodeIgniter\Database\BaseBuilder->get()
 6 APPPATH/Libraries/Widget.php(16): CodeIgniter\Model->__call()
 7 SYSTEMPATH/View/Cell.php(111): App\Libraries\Widget->barcode()
 8 SYSTEMPATH/Common.php(1151): CodeIgniter\View\Cell->render()
 9 APPPATH/Views/layout/barang-masuk/print-barcode.php(9): view_cell()
10 SYSTEMPATH/View/View.php(213): include('APPPATH/Views/layout/barang-masuk/print-barcode.php')
11 SYSTEMPATH/View/View.php(216): CodeIgniter\View\View->CodeIgniter\View\{closure}()
12 SYSTEMPATH/Common.php(1135): CodeIgniter\View\View->render()
13 APPPATH/Controllers/BarangMasuk.php(21): view()
14 SYSTEMPATH/CodeIgniter.php(896): App\Controllers\BarangMasuk->barcode()
15 SYSTEMPATH/CodeIgniter.php(466): CodeIgniter\CodeIgniter->runController()
16 SYSTEMPATH/CodeIgniter.php(349): CodeIgniter\CodeIgniter->handleRequest()
17 FCPATH/index.php(55): CodeIgniter\CodeIgniter->run()
18 SYSTEMPATH/Commands/Server/rewrite.php(43): require_once('FCPATH/index.php')
ERROR - 2022-07-16 10:31:31 --> Unknown column 'table_arus_stok.barang_masuk' in 'on clause'
CRITICAL - 2022-07-16 10:31:31 --> Unknown column 'table_arus_stok.barang_masuk' in 'on clause'
in SYSTEMPATH/Database/MySQLi/Connection.php on line 292.
 1 SYSTEMPATH/Database/MySQLi/Connection.php(292): mysqli->query()
 2 SYSTEMPATH/Database/BaseConnection.php(695): CodeIgniter\Database\MySQLi\Connection->execute()
 3 SYSTEMPATH/Database/BaseConnection.php(609): CodeIgniter\Database\BaseConnection->simpleQuery()
 4 SYSTEMPATH/Database/BaseBuilder.php(1585): CodeIgniter\Database\BaseConnection->query()
 5 SYSTEMPATH/Model.php(771): CodeIgniter\Database\BaseBuilder->get()
 6 APPPATH/Libraries/Widget.php(18): CodeIgniter\Model->__call()
 7 SYSTEMPATH/View/Cell.php(111): App\Libraries\Widget->barcode()
 8 SYSTEMPATH/Common.php(1151): CodeIgniter\View\Cell->render()
 9 APPPATH/Views/layout/barang-masuk/print-barcode.php(9): view_cell()
10 SYSTEMPATH/View/View.php(213): include('APPPATH/Views/layout/barang-masuk/print-barcode.php')
11 SYSTEMPATH/View/View.php(216): CodeIgniter\View\View->CodeIgniter\View\{closure}()
12 SYSTEMPATH/Common.php(1135): CodeIgniter\View\View->render()
13 APPPATH/Controllers/BarangMasuk.php(21): view()
14 SYSTEMPATH/CodeIgniter.php(896): App\Controllers\BarangMasuk->barcode()
15 SYSTEMPATH/CodeIgniter.php(466): CodeIgniter\CodeIgniter->runController()
16 SYSTEMPATH/CodeIgniter.php(349): CodeIgniter\CodeIgniter->handleRequest()
17 FCPATH/index.php(55): CodeIgniter\CodeIgniter->run()
18 SYSTEMPATH/Commands/Server/rewrite.php(43): require_once('FCPATH/index.php')
ERROR - 2022-07-16 10:31:49 --> Unknown column 'table_barang_masuk_detail.id' in 'on clause'
CRITICAL - 2022-07-16 10:31:49 --> Unknown column 'table_barang_masuk_detail.id' in 'on clause'
in SYSTEMPATH/Database/MySQLi/Connection.php on line 292.
 1 SYSTEMPATH/Database/MySQLi/Connection.php(292): mysqli->query()
 2 SYSTEMPATH/Database/BaseConnection.php(695): CodeIgniter\Database\MySQLi\Connection->execute()
 3 SYSTEMPATH/Database/BaseConnection.php(609): CodeIgniter\Database\BaseConnection->simpleQuery()
 4 SYSTEMPATH/Database/BaseBuilder.php(1585): CodeIgniter\Database\BaseConnection->query()
 5 SYSTEMPATH/Model.php(771): CodeIgniter\Database\BaseBuilder->get()
 6 APPPATH/Libraries/Widget.php(18): CodeIgniter\Model->__call()
 7 SYSTEMPATH/View/Cell.php(111): App\Libraries\Widget->barcode()
 8 SYSTEMPATH/Common.php(1151): CodeIgniter\View\Cell->render()
 9 APPPATH/Views/layout/barang-masuk/print-barcode.php(9): view_cell()
10 SYSTEMPATH/View/View.php(213): include('APPPATH/Views/layout/barang-masuk/print-barcode.php')
11 SYSTEMPATH/View/View.php(216): CodeIgniter\View\View->CodeIgniter\View\{closure}()
12 SYSTEMPATH/Common.php(1135): CodeIgniter\View\View->render()
13 APPPATH/Controllers/BarangMasuk.php(21): view()
14 SYSTEMPATH/CodeIgniter.php(896): App\Controllers\BarangMasuk->barcode()
15 SYSTEMPATH/CodeIgniter.php(466): CodeIgniter\CodeIgniter->runController()
16 SYSTEMPATH/CodeIgniter.php(349): CodeIgniter\CodeIgniter->handleRequest()
17 FCPATH/index.php(55): CodeIgniter\CodeIgniter->run()
18 SYSTEMPATH/Commands/Server/rewrite.php(43): require_once('FCPATH/index.php')
ERROR - 2022-07-16 10:32:00 --> Unknown column 'table_barang_detail_masuk.id' in 'on clause'
CRITICAL - 2022-07-16 10:32:00 --> Unknown column 'table_barang_detail_masuk.id' in 'on clause'
in SYSTEMPATH/Database/MySQLi/Connection.php on line 292.
 1 SYSTEMPATH/Database/MySQLi/Connection.php(292): mysqli->query()
 2 SYSTEMPATH/Database/BaseConnection.php(695): CodeIgniter\Database\MySQLi\Connection->execute()
 3 SYSTEMPATH/Database/BaseConnection.php(609): CodeIgniter\Database\BaseConnection->simpleQuery()
 4 SYSTEMPATH/Database/BaseBuilder.php(1585): CodeIgniter\Database\BaseConnection->query()
 5 SYSTEMPATH/Model.php(771): CodeIgniter\Database\BaseBuilder->get()
 6 APPPATH/Libraries/Widget.php(18): CodeIgniter\Model->__call()
 7 SYSTEMPATH/View/Cell.php(111): App\Libraries\Widget->barcode()
 8 SYSTEMPATH/Common.php(1151): CodeIgniter\View\Cell->render()
 9 APPPATH/Views/layout/barang-masuk/print-barcode.php(9): view_cell()
10 SYSTEMPATH/View/View.php(213): include('APPPATH/Views/layout/barang-masuk/print-barcode.php')
11 SYSTEMPATH/View/View.php(216): CodeIgniter\View\View->CodeIgniter\View\{closure}()
12 SYSTEMPATH/Common.php(1135): CodeIgniter\View\View->render()
13 APPPATH/Controllers/BarangMasuk.php(21): view()
14 SYSTEMPATH/CodeIgniter.php(896): App\Controllers\BarangMasuk->barcode()
15 SYSTEMPATH/CodeIgniter.php(466): CodeIgniter\CodeIgniter->runController()
16 SYSTEMPATH/CodeIgniter.php(349): CodeIgniter\CodeIgniter->handleRequest()
17 FCPATH/index.php(55): CodeIgniter\CodeIgniter->run()
18 SYSTEMPATH/Commands/Server/rewrite.php(43): require_once('FCPATH/index.php')
ERROR - 2022-07-16 10:33:42 --> Unknown column 'barcode' in 'field list'
CRITICAL - 2022-07-16 10:33:42 --> Unknown column 'barcode' in 'field list'
in SYSTEMPATH/Database/MySQLi/Connection.php on line 292.
 1 SYSTEMPATH/Database/MySQLi/Connection.php(292): mysqli->query()
 2 SYSTEMPATH/Database/BaseConnection.php(695): CodeIgniter\Database\MySQLi\Connection->execute()
 3 SYSTEMPATH/Database/BaseConnection.php(609): CodeIgniter\Database\BaseConnection->simpleQuery()
 4 SYSTEMPATH/Database/BaseBuilder.php(1585): CodeIgniter\Database\BaseConnection->query()
 5 SYSTEMPATH/Model.php(771): CodeIgniter\Database\BaseBuilder->get()
 6 APPPATH/Libraries/Widget.php(19): CodeIgniter\Model->__call()
 7 SYSTEMPATH/View/Cell.php(111): App\Libraries\Widget->barcode()
 8 SYSTEMPATH/Common.php(1151): CodeIgniter\View\Cell->render()
 9 APPPATH/Views/layout/barang-masuk/print-barcode.php(9): view_cell()
10 SYSTEMPATH/View/View.php(213): include('APPPATH/Views/layout/barang-masuk/print-barcode.php')
11 SYSTEMPATH/View/View.php(216): CodeIgniter\View\View->CodeIgniter\View\{closure}()
12 SYSTEMPATH/Common.php(1135): CodeIgniter\View\View->render()
13 APPPATH/Controllers/BarangMasuk.php(21): view()
14 SYSTEMPATH/CodeIgniter.php(896): App\Controllers\BarangMasuk->barcode()
15 SYSTEMPATH/CodeIgniter.php(466): CodeIgniter\CodeIgniter->runController()
16 SYSTEMPATH/CodeIgniter.php(349): CodeIgniter\CodeIgniter->handleRequest()
17 FCPATH/index.php(55): CodeIgniter\CodeIgniter->run()
18 SYSTEMPATH/Commands/Server/rewrite.php(43): require_once('FCPATH/index.php')
CRITICAL - 2022-07-16 10:38:17 --> require(vendor/autoload.php): failed to open stream: No such file or directory
in APPPATH/Views/widget/barcode.php on line 2.
 1 APPPATH/Views/widget/barcode.php(2): CodeIgniter\Debug\Exceptions->errorHandler()
 2 APPPATH/Views/widget/barcode.php(2): require()
 3 SYSTEMPATH/View/View.php(213): include('APPPATH/Views/widget/barcode.php')
 4 SYSTEMPATH/View/View.php(216): CodeIgniter\View\View->CodeIgniter\View\{closure}()
 5 SYSTEMPATH/Common.php(1135): CodeIgniter\View\View->render()
 6 APPPATH/Libraries/Widget.php(22): view()
 7 SYSTEMPATH/View/Cell.php(111): App\Libraries\Widget->barcode()
 8 SYSTEMPATH/Common.php(1151): CodeIgniter\View\Cell->render()
 9 APPPATH/Views/layout/barang-masuk/print-barcode.php(9): view_cell()
10 SYSTEMPATH/View/View.php(213): include('APPPATH/Views/layout/barang-masuk/print-barcode.php')
11 SYSTEMPATH/View/View.php(216): CodeIgniter\View\View->CodeIgniter\View\{closure}()
12 SYSTEMPATH/Common.php(1135): CodeIgniter\View\View->render()
13 APPPATH/Controllers/BarangMasuk.php(21): view()
14 SYSTEMPATH/CodeIgniter.php(896): App\Controllers\BarangMasuk->barcode()
15 SYSTEMPATH/CodeIgniter.php(466): CodeIgniter\CodeIgniter->runController()
16 SYSTEMPATH/CodeIgniter.php(349): CodeIgniter\CodeIgniter->handleRequest()
17 FCPATH/index.php(55): CodeIgniter\CodeIgniter->run()
18 SYSTEMPATH/Commands/Server/rewrite.php(43): require_once('FCPATH/index.php')
CRITICAL - 2022-07-16 10:38:29 --> require(./vendor/autoload.php): failed to open stream: No such file or directory
in APPPATH/Views/widget/barcode.php on line 2.
 1 APPPATH/Views/widget/barcode.php(2): CodeIgniter\Debug\Exceptions->errorHandler()
 2 APPPATH/Views/widget/barcode.php(2): require()
 3 SYSTEMPATH/View/View.php(213): include('APPPATH/Views/widget/barcode.php')
 4 SYSTEMPATH/View/View.php(216): CodeIgniter\View\View->CodeIgniter\View\{closure}()
 5 SYSTEMPATH/Common.php(1135): CodeIgniter\View\View->render()
 6 APPPATH/Libraries/Widget.php(22): view()
 7 SYSTEMPATH/View/Cell.php(111): App\Libraries\Widget->barcode()
 8 SYSTEMPATH/Common.php(1151): CodeIgniter\View\Cell->render()
 9 APPPATH/Views/layout/barang-masuk/print-barcode.php(9): view_cell()
10 SYSTEMPATH/View/View.php(213): include('APPPATH/Views/layout/barang-masuk/print-barcode.php')
11 SYSTEMPATH/View/View.php(216): CodeIgniter\View\View->CodeIgniter\View\{closure}()
12 SYSTEMPATH/Common.php(1135): CodeIgniter\View\View->render()
13 APPPATH/Controllers/BarangMasuk.php(21): view()
14 SYSTEMPATH/CodeIgniter.php(896): App\Controllers\BarangMasuk->barcode()
15 SYSTEMPATH/CodeIgniter.php(466): CodeIgniter\CodeIgniter->runController()
16 SYSTEMPATH/CodeIgniter.php(349): CodeIgniter\CodeIgniter->handleRequest()
17 FCPATH/index.php(55): CodeIgniter\CodeIgniter->run()
18 SYSTEMPATH/Commands/Server/rewrite.php(43): require_once('FCPATH/index.php')
CRITICAL - 2022-07-16 10:38:36 --> require(/vendor/autoload.php): failed to open stream: No such file or directory
in APPPATH/Views/widget/barcode.php on line 2.
 1 APPPATH/Views/widget/barcode.php(2): CodeIgniter\Debug\Exceptions->errorHandler()
 2 APPPATH/Views/widget/barcode.php(2): require()
 3 SYSTEMPATH/View/View.php(213): include('APPPATH/Views/widget/barcode.php')
 4 SYSTEMPATH/View/View.php(216): CodeIgniter\View\View->CodeIgniter\View\{closure}()
 5 SYSTEMPATH/Common.php(1135): CodeIgniter\View\View->render()
 6 APPPATH/Libraries/Widget.php(22): view()
 7 SYSTEMPATH/View/Cell.php(111): App\Libraries\Widget->barcode()
 8 SYSTEMPATH/Common.php(1151): CodeIgniter\View\Cell->render()
 9 APPPATH/Views/layout/barang-masuk/print-barcode.php(9): view_cell()
10 SYSTEMPATH/View/View.php(213): include('APPPATH/Views/layout/barang-masuk/print-barcode.php')
11 SYSTEMPATH/View/View.php(216): CodeIgniter\View\View->CodeIgniter\View\{closure}()
12 SYSTEMPATH/Common.php(1135): CodeIgniter\View\View->render()
13 APPPATH/Controllers/BarangMasuk.php(21): view()
14 SYSTEMPATH/CodeIgniter.php(896): App\Controllers\BarangMasuk->barcode()
15 SYSTEMPATH/CodeIgniter.php(466): CodeIgniter\CodeIgniter->runController()
16 SYSTEMPATH/CodeIgniter.php(349): CodeIgniter\CodeIgniter->handleRequest()
17 FCPATH/index.php(55): CodeIgniter\CodeIgniter->run()
18 SYSTEMPATH/Commands/Server/rewrite.php(43): require_once('FCPATH/index.php')
CRITICAL - 2022-07-16 10:38:48 --> require(/opt/lampp/htdocs/gudang/app/vendor/autoload.php): failed to open stream: No such file or directory
in APPPATH/Views/widget/barcode.php on line 2.
 1 APPPATH/Views/widget/barcode.php(2): CodeIgniter\Debug\Exceptions->errorHandler()
 2 APPPATH/Views/widget/barcode.php(2): require()
 3 SYSTEMPATH/View/View.php(213): include('APPPATH/Views/widget/barcode.php')
 4 SYSTEMPATH/View/View.php(216): CodeIgniter\View\View->CodeIgniter\View\{closure}()
 5 SYSTEMPATH/Common.php(1135): CodeIgniter\View\View->render()
 6 APPPATH/Libraries/Widget.php(22): view()
 7 SYSTEMPATH/View/Cell.php(111): App\Libraries\Widget->barcode()
 8 SYSTEMPATH/Common.php(1151): CodeIgniter\View\Cell->render()
 9 APPPATH/Views/layout/barang-masuk/print-barcode.php(9): view_cell()
10 SYSTEMPATH/View/View.php(213): include('APPPATH/Views/layout/barang-masuk/print-barcode.php')
11 SYSTEMPATH/View/View.php(216): CodeIgniter\View\View->CodeIgniter\View\{closure}()
12 SYSTEMPATH/Common.php(1135): CodeIgniter\View\View->render()
13 APPPATH/Controllers/BarangMasuk.php(21): view()
14 SYSTEMPATH/CodeIgniter.php(896): App\Controllers\BarangMasuk->barcode()
15 SYSTEMPATH/CodeIgniter.php(466): CodeIgniter\CodeIgniter->runController()
16 SYSTEMPATH/CodeIgniter.php(349): CodeIgniter\CodeIgniter->handleRequest()
17 FCPATH/index.php(55): CodeIgniter\CodeIgniter->run()
18 SYSTEMPATH/Commands/Server/rewrite.php(43): require_once('FCPATH/index.php')
CRITICAL - 2022-07-16 10:39:00 --> require(/opt/lampp/htdocs/gudang/public/vendor/autoload.php): failed to open stream: No such file or directory
in APPPATH/Views/widget/barcode.php on line 2.
 1 APPPATH/Views/widget/barcode.php(2): CodeIgniter\Debug\Exceptions->errorHandler()
 2 APPPATH/Views/widget/barcode.php(2): require()
 3 SYSTEMPATH/View/View.php(213): include('APPPATH/Views/widget/barcode.php')
 4 SYSTEMPATH/View/View.php(216): CodeIgniter\View\View->CodeIgniter\View\{closure}()
 5 SYSTEMPATH/Common.php(1135): CodeIgniter\View\View->render()
 6 APPPATH/Libraries/Widget.php(22): view()
 7 SYSTEMPATH/View/Cell.php(111): App\Libraries\Widget->barcode()
 8 SYSTEMPATH/Common.php(1151): CodeIgniter\View\Cell->render()
 9 APPPATH/Views/layout/barang-masuk/print-barcode.php(9): view_cell()
10 SYSTEMPATH/View/View.php(213): include('APPPATH/Views/layout/barang-masuk/print-barcode.php')
11 SYSTEMPATH/View/View.php(216): CodeIgniter\View\View->CodeIgniter\View\{closure}()
12 SYSTEMPATH/Common.php(1135): CodeIgniter\View\View->render()
13 APPPATH/Controllers/BarangMasuk.php(21): view()
14 SYSTEMPATH/CodeIgniter.php(896): App\Controllers\BarangMasuk->barcode()
15 SYSTEMPATH/CodeIgniter.php(466): CodeIgniter\CodeIgniter->runController()
16 SYSTEMPATH/CodeIgniter.php(349): CodeIgniter\CodeIgniter->handleRequest()
17 FCPATH/index.php(55): CodeIgniter\CodeIgniter->run()
18 SYSTEMPATH/Commands/Server/rewrite.php(43): require_once('FCPATH/index.php')
CRITICAL - 2022-07-16 10:39:23 --> require(/opt/lampp/htdocs/gudang/public/./vendor/autoload.php): failed to open stream: No such file or directory
in APPPATH/Views/widget/barcode.php on line 2.
 1 APPPATH/Views/widget/barcode.php(2): CodeIgniter\Debug\Exceptions->errorHandler()
 2 APPPATH/Views/widget/barcode.php(2): require()
 3 SYSTEMPATH/View/View.php(213): include('APPPATH/Views/widget/barcode.php')
 4 SYSTEMPATH/View/View.php(216): CodeIgniter\View\View->CodeIgniter\View\{closure}()
 5 SYSTEMPATH/Common.php(1135): CodeIgniter\View\View->render()
 6 APPPATH/Libraries/Widget.php(22): view()
 7 SYSTEMPATH/View/Cell.php(111): App\Libraries\Widget->barcode()
 8 SYSTEMPATH/Common.php(1151): CodeIgniter\View\Cell->render()
 9 APPPATH/Views/layout/barang-masuk/print-barcode.php(9): view_cell()
10 SYSTEMPATH/View/View.php(213): include('APPPATH/Views/layout/barang-masuk/print-barcode.php')
11 SYSTEMPATH/View/View.php(216): CodeIgniter\View\View->CodeIgniter\View\{closure}()
12 SYSTEMPATH/Common.php(1135): CodeIgniter\View\View->render()
13 APPPATH/Controllers/BarangMasuk.php(21): view()
14 SYSTEMPATH/CodeIgniter.php(896): App\Controllers\BarangMasuk->barcode()
15 SYSTEMPATH/CodeIgniter.php(466): CodeIgniter\CodeIgniter->runController()
16 SYSTEMPATH/CodeIgniter.php(349): CodeIgniter\CodeIgniter->handleRequest()
17 FCPATH/index.php(55): CodeIgniter\CodeIgniter->run()
18 SYSTEMPATH/Commands/Server/rewrite.php(43): require_once('FCPATH/index.php')
CRITICAL - 2022-07-16 11:52:37 --> Argument 1 passed to Picqer\Barcode\BarcodeGenerator::getBarcodeData() must be of the type string, null given, called in /opt/lampp/htdocs/gudang/vendor/picqer/php-barcode-generator/src/BarcodeGeneratorHTML.php on line 20
in VENDORPATH/picqer/php-barcode-generator/src/BarcodeGenerator.php on line 99.
 1 VENDORPATH/picqer/php-barcode-generator/src/BarcodeGeneratorHTML.php(20): Picqer\Barcode\BarcodeGenerator->getBarcodeData()
 2 APPPATH/Views/widget/barcode.php(5): Picqer\Barcode\BarcodeGeneratorHTML->getBarcode()
 3 SYSTEMPATH/View/View.php(213): include('APPPATH/Views/widget/barcode.php')
 4 SYSTEMPATH/View/View.php(216): CodeIgniter\View\View->CodeIgniter\View\{closure}()
 5 SYSTEMPATH/Common.php(1135): CodeIgniter\View\View->render()
 6 APPPATH/Libraries/Widget.php(22): view()
 7 SYSTEMPATH/View/Cell.php(111): App\Libraries\Widget->barcode()
 8 SYSTEMPATH/Common.php(1151): CodeIgniter\View\Cell->render()
 9 APPPATH/Views/layout/barang-masuk/print-barcode.php(37): view_cell()
10 SYSTEMPATH/View/View.php(213): include('APPPATH/Views/layout/barang-masuk/print-barcode.php')
11 SYSTEMPATH/View/View.php(216): CodeIgniter\View\View->CodeIgniter\View\{closure}()
12 SYSTEMPATH/Common.php(1135): CodeIgniter\View\View->render()
13 APPPATH/Controllers/BarangMasuk.php(21): view()
14 SYSTEMPATH/CodeIgniter.php(896): App\Controllers\BarangMasuk->barcode()
15 SYSTEMPATH/CodeIgniter.php(466): CodeIgniter\CodeIgniter->runController()
16 SYSTEMPATH/CodeIgniter.php(349): CodeIgniter\CodeIgniter->handleRequest()
17 FCPATH/index.php(55): CodeIgniter\CodeIgniter->run()
18 SYSTEMPATH/Commands/Server/rewrite.php(43): require_once('FCPATH/index.php')
CRITICAL - 2022-07-16 11:57:03 --> Argument 1 passed to Picqer\Barcode\BarcodeGenerator::getBarcodeData() must be of the type string, null given, called in /opt/lampp/htdocs/gudang/vendor/picqer/php-barcode-generator/src/BarcodeGeneratorHTML.php on line 20
in VENDORPATH/picqer/php-barcode-generator/src/BarcodeGenerator.php on line 99.
 1 VENDORPATH/picqer/php-barcode-generator/src/BarcodeGeneratorHTML.php(20): Picqer\Barcode\BarcodeGenerator->getBarcodeData()
 2 APPPATH/Views/widget/barcode.php(6): Picqer\Barcode\BarcodeGeneratorHTML->getBarcode()
 3 SYSTEMPATH/View/View.php(213): include('APPPATH/Views/widget/barcode.php')
 4 SYSTEMPATH/View/View.php(216): CodeIgniter\View\View->CodeIgniter\View\{closure}()
 5 SYSTEMPATH/Common.php(1135): CodeIgniter\View\View->render()
 6 APPPATH/Libraries/Widget.php(22): view()
 7 SYSTEMPATH/View/Cell.php(111): App\Libraries\Widget->barcode()
 8 SYSTEMPATH/Common.php(1151): CodeIgniter\View\Cell->render()
 9 APPPATH/Views/layout/barang-masuk/print-barcode.php(37): view_cell()
10 SYSTEMPATH/View/View.php(213): include('APPPATH/Views/layout/barang-masuk/print-barcode.php')
11 SYSTEMPATH/View/View.php(216): CodeIgniter\View\View->CodeIgniter\View\{closure}()
12 SYSTEMPATH/Common.php(1135): CodeIgniter\View\View->render()
13 APPPATH/Controllers/BarangMasuk.php(21): view()
14 SYSTEMPATH/CodeIgniter.php(896): App\Controllers\BarangMasuk->barcode()
15 SYSTEMPATH/CodeIgniter.php(466): CodeIgniter\CodeIgniter->runController()
16 SYSTEMPATH/CodeIgniter.php(349): CodeIgniter\CodeIgniter->handleRequest()
17 FCPATH/index.php(55): CodeIgniter\CodeIgniter->run()
18 SYSTEMPATH/Commands/Server/rewrite.php(43): require_once('FCPATH/index.php')
CRITICAL - 2022-07-16 11:57:56 --> Undefined index: barcode
in APPPATH/Views/widget/barcode.php on line 2.
 1 APPPATH/Views/widget/barcode.php(2): CodeIgniter\Debug\Exceptions->errorHandler()
 2 SYSTEMPATH/View/View.php(213): include('APPPATH/Views/widget/barcode.php')
 3 SYSTEMPATH/View/View.php(216): CodeIgniter\View\View->CodeIgniter\View\{closure}()
 4 SYSTEMPATH/Common.php(1135): CodeIgniter\View\View->render()
 5 APPPATH/Libraries/Widget.php(22): view()
 6 SYSTEMPATH/View/Cell.php(111): App\Libraries\Widget->barcode()
 7 SYSTEMPATH/Common.php(1151): CodeIgniter\View\Cell->render()
 8 APPPATH/Views/layout/barang-masuk/print-barcode.php(37): view_cell()
 9 SYSTEMPATH/View/View.php(213): include('APPPATH/Views/layout/barang-masuk/print-barcode.php')
10 SYSTEMPATH/View/View.php(216): CodeIgniter\View\View->CodeIgniter\View\{closure}()
11 SYSTEMPATH/Common.php(1135): CodeIgniter\View\View->render()
12 APPPATH/Controllers/BarangMasuk.php(21): view()
13 SYSTEMPATH/CodeIgniter.php(896): App\Controllers\BarangMasuk->barcode()
14 SYSTEMPATH/CodeIgniter.php(466): CodeIgniter\CodeIgniter->runController()
15 SYSTEMPATH/CodeIgniter.php(349): CodeIgniter\CodeIgniter->handleRequest()
16 FCPATH/index.php(55): CodeIgniter\CodeIgniter->run()
17 SYSTEMPATH/Commands/Server/rewrite.php(43): require_once('FCPATH/index.php')
CRITICAL - 2022-07-16 11:59:04 --> Undefined variable: data
in APPPATH/Libraries/Widget.php on line 21.
 1 APPPATH/Libraries/Widget.php(21): CodeIgniter\Debug\Exceptions->errorHandler()
 2 SYSTEMPATH/View/Cell.php(111): App\Libraries\Widget->barcode()
 3 SYSTEMPATH/Common.php(1151): CodeIgniter\View\Cell->render()
 4 APPPATH/Views/layout/barang-masuk/print-barcode.php(37): view_cell()
 5 SYSTEMPATH/View/View.php(213): include('APPPATH/Views/layout/barang-masuk/print-barcode.php')
 6 SYSTEMPATH/View/View.php(216): CodeIgniter\View\View->CodeIgniter\View\{closure}()
 7 SYSTEMPATH/Common.php(1135): CodeIgniter\View\View->render()
 8 APPPATH/Controllers/BarangMasuk.php(21): view()
 9 SYSTEMPATH/CodeIgniter.php(896): App\Controllers\BarangMasuk->barcode()
10 SYSTEMPATH/CodeIgniter.php(466): CodeIgniter\CodeIgniter->runController()
11 SYSTEMPATH/CodeIgniter.php(349): CodeIgniter\CodeIgniter->handleRequest()
12 FCPATH/index.php(55): CodeIgniter\CodeIgniter->run()
13 SYSTEMPATH/Commands/Server/rewrite.php(43): require_once('FCPATH/index.php')
