CRITICAL - 2022-08-01 21:39:16 --> Call to undefined method App\Models\TrackingBarangModel::group_by
in SYSTEMPATH/Model.php on line 773.
 1 APPPATH/Models/TrackingBarangModel.php(22): CodeIgniter\Model->__call()
 2 APPPATH/Controllers/Api/Tracking.php(18): App\Models\TrackingBarangModel->getListTracking()
 3 SYSTEMPATH/CodeIgniter.php(896): App\Controllers\Api\Tracking->index()
 4 SYSTEMPATH/CodeIgniter.php(466): CodeIgniter\CodeIgniter->runController()
 5 SYSTEMPATH/CodeIgniter.php(349): CodeIgniter\CodeIgniter->handleRequest()
 6 FCPATH/index.php(55): CodeIgniter\CodeIgniter->run()
 7 SYSTEMPATH/Commands/Server/rewrite.php(43): require_once('FCPATH/index.php')
ERROR - 2022-08-01 21:39:26 --> Unknown column 'table_barang.rfid_tag' in 'on clause'
CRITICAL - 2022-08-01 21:39:26 --> Unknown column 'table_barang.rfid_tag' in 'on clause'
in SYSTEMPATH/Database/MySQLi/Connection.php on line 292.
 1 SYSTEMPATH/Database/MySQLi/Connection.php(292): mysqli->query()
 2 SYSTEMPATH/Database/BaseConnection.php(695): CodeIgniter\Database\MySQLi\Connection->execute()
 3 SYSTEMPATH/Database/BaseConnection.php(609): CodeIgniter\Database\BaseConnection->simpleQuery()
 4 SYSTEMPATH/Database/BaseBuilder.php(1585): CodeIgniter\Database\BaseConnection->query()
 5 SYSTEMPATH/Model.php(771): CodeIgniter\Database\BaseBuilder->get()
 6 APPPATH/Models/TrackingBarangModel.php(23): CodeIgniter\Model->__call()
 7 APPPATH/Controllers/Api/Tracking.php(18): App\Models\TrackingBarangModel->getListTracking()
 8 SYSTEMPATH/CodeIgniter.php(896): App\Controllers\Api\Tracking->index()
 9 SYSTEMPATH/CodeIgniter.php(466): CodeIgniter\CodeIgniter->runController()
10 SYSTEMPATH/CodeIgniter.php(349): CodeIgniter\CodeIgniter->handleRequest()
11 FCPATH/index.php(55): CodeIgniter\CodeIgniter->run()
12 SYSTEMPATH/Commands/Server/rewrite.php(43): require_once('FCPATH/index.php')
CRITICAL - 2022-08-01 21:48:53 --> Undefined variable: lokasi
in APPPATH/Models/TrackingBarangModel.php on line 35.
 1 APPPATH/Models/TrackingBarangModel.php(35): CodeIgniter\Debug\Exceptions->errorHandler()
 2 APPPATH/Controllers/Api/Tracking.php(18): App\Models\TrackingBarangModel->getListTracking()
 3 SYSTEMPATH/CodeIgniter.php(896): App\Controllers\Api\Tracking->index()
 4 SYSTEMPATH/CodeIgniter.php(466): CodeIgniter\CodeIgniter->runController()
 5 SYSTEMPATH/CodeIgniter.php(349): CodeIgniter\CodeIgniter->handleRequest()
 6 FCPATH/index.php(55): CodeIgniter\CodeIgniter->run()
 7 SYSTEMPATH/Commands/Server/rewrite.php(43): require_once('FCPATH/index.php')
CRITICAL - 2022-08-01 21:54:58 --> Cannot use object of type stdClass as array
in APPPATH/Models/TrackingBarangModel.php on line 30.
 1 APPPATH/Controllers/Api/Tracking.php(18): App\Models\TrackingBarangModel->getListTracking()
 2 SYSTEMPATH/CodeIgniter.php(896): App\Controllers\Api\Tracking->index()
 3 SYSTEMPATH/CodeIgniter.php(466): CodeIgniter\CodeIgniter->runController()
 4 SYSTEMPATH/CodeIgniter.php(349): CodeIgniter\CodeIgniter->handleRequest()
 5 FCPATH/index.php(55): CodeIgniter\CodeIgniter->run()
 6 SYSTEMPATH/Commands/Server/rewrite.php(43): require_once('FCPATH/index.php')
CRITICAL - 2022-08-01 21:55:11 --> Attempt to modify property '0' of non-object
in APPPATH/Models/TrackingBarangModel.php on line 30.
 1 APPPATH/Models/TrackingBarangModel.php(30): CodeIgniter\Debug\Exceptions->errorHandler()
 2 APPPATH/Controllers/Api/Tracking.php(18): App\Models\TrackingBarangModel->getListTracking()
 3 SYSTEMPATH/CodeIgniter.php(896): App\Controllers\Api\Tracking->index()
 4 SYSTEMPATH/CodeIgniter.php(466): CodeIgniter\CodeIgniter->runController()
 5 SYSTEMPATH/CodeIgniter.php(349): CodeIgniter\CodeIgniter->handleRequest()
 6 FCPATH/index.php(55): CodeIgniter\CodeIgniter->run()
 7 SYSTEMPATH/Commands/Server/rewrite.php(43): require_once('FCPATH/index.php')
ERROR - 2022-08-01 22:45:45 --> Table 'gudang.table_tracking' doesn't exist
CRITICAL - 2022-08-01 22:45:45 --> Table 'gudang.table_tracking' doesn't exist
in SYSTEMPATH/Database/MySQLi/Connection.php on line 292.
 1 SYSTEMPATH/Database/MySQLi/Connection.php(292): mysqli->query()
 2 SYSTEMPATH/Database/BaseConnection.php(695): CodeIgniter\Database\MySQLi\Connection->execute()
 3 SYSTEMPATH/Database/BaseConnection.php(609): CodeIgniter\Database\BaseConnection->simpleQuery()
 4 SYSTEMPATH/Database/BaseBuilder.php(1585): CodeIgniter\Database\BaseConnection->query()
 5 SYSTEMPATH/Model.php(771): CodeIgniter\Database\BaseBuilder->get()
 6 APPPATH/Models/TrackingBarangModel.php(54): CodeIgniter\Model->__call()
 7 APPPATH/Controllers/Api/Tracking.php(29): App\Models\TrackingBarangModel->detailTracking()
 8 SYSTEMPATH/CodeIgniter.php(896): App\Controllers\Api\Tracking->show()
 9 SYSTEMPATH/CodeIgniter.php(466): CodeIgniter\CodeIgniter->runController()
10 SYSTEMPATH/CodeIgniter.php(349): CodeIgniter\CodeIgniter->handleRequest()
11 FCPATH/index.php(55): CodeIgniter\CodeIgniter->run()
12 SYSTEMPATH/Commands/Server/rewrite.php(43): require_once('FCPATH/index.php')
ERROR - 2022-08-01 22:46:17 --> Unknown column 'table_barang_rfid.id' in 'order clause'
CRITICAL - 2022-08-01 22:46:17 --> Unknown column 'table_barang_rfid.id' in 'order clause'
in SYSTEMPATH/Database/MySQLi/Connection.php on line 292.
 1 SYSTEMPATH/Database/MySQLi/Connection.php(292): mysqli->query()
 2 SYSTEMPATH/Database/BaseConnection.php(695): CodeIgniter\Database\MySQLi\Connection->execute()
 3 SYSTEMPATH/Database/BaseConnection.php(609): CodeIgniter\Database\BaseConnection->simpleQuery()
 4 SYSTEMPATH/Database/BaseBuilder.php(1585): CodeIgniter\Database\BaseConnection->query()
 5 SYSTEMPATH/Model.php(771): CodeIgniter\Database\BaseBuilder->get()
 6 APPPATH/Models/TrackingBarangModel.php(54): CodeIgniter\Model->__call()
 7 APPPATH/Controllers/Api/Tracking.php(29): App\Models\TrackingBarangModel->detailTracking()
 8 SYSTEMPATH/CodeIgniter.php(896): App\Controllers\Api\Tracking->show()
 9 SYSTEMPATH/CodeIgniter.php(466): CodeIgniter\CodeIgniter->runController()
10 SYSTEMPATH/CodeIgniter.php(349): CodeIgniter\CodeIgniter->handleRequest()
11 FCPATH/index.php(55): CodeIgniter\CodeIgniter->run()
12 SYSTEMPATH/Commands/Server/rewrite.php(43): require_once('FCPATH/index.php')
CRITICAL - 2022-08-01 23:46:13 --> Call to undefined function App\Controllers\Api\create_tracking()
in APPPATH/Controllers/Api/Rfid.php on line 59.
 1 SYSTEMPATH/CodeIgniter.php(896): App\Controllers\Api\Rfid->create()
 2 SYSTEMPATH/CodeIgniter.php(466): CodeIgniter\CodeIgniter->runController()
 3 SYSTEMPATH/CodeIgniter.php(349): CodeIgniter\CodeIgniter->handleRequest()
 4 FCPATH/index.php(55): CodeIgniter\CodeIgniter->run()
 5 SYSTEMPATH/Commands/Server/rewrite.php(43): require_once('FCPATH/index.php')
CRITICAL - 2022-08-01 23:46:17 --> Call to undefined function App\Controllers\Api\create_tracking()
in APPPATH/Controllers/Api/Rfid.php on line 59.
 1 SYSTEMPATH/CodeIgniter.php(896): App\Controllers\Api\Rfid->create()
 2 SYSTEMPATH/CodeIgniter.php(466): CodeIgniter\CodeIgniter->runController()
 3 SYSTEMPATH/CodeIgniter.php(349): CodeIgniter\CodeIgniter->handleRequest()
 4 FCPATH/index.php(55): CodeIgniter\CodeIgniter->run()
 5 SYSTEMPATH/Commands/Server/rewrite.php(43): require_once('FCPATH/index.php')
CRITICAL - 2022-08-01 23:46:56 --> Call to undefined function App\Controllers\Api\create_tracking()
in APPPATH/Controllers/Api/Rfid.php on line 59.
 1 SYSTEMPATH/CodeIgniter.php(896): App\Controllers\Api\Rfid->create()
 2 SYSTEMPATH/CodeIgniter.php(466): CodeIgniter\CodeIgniter->runController()
 3 SYSTEMPATH/CodeIgniter.php(349): CodeIgniter\CodeIgniter->handleRequest()
 4 FCPATH/index.php(55): CodeIgniter\CodeIgniter->run()
 5 SYSTEMPATH/Commands/Server/rewrite.php(43): require_once('FCPATH/index.php')
CRITICAL - 2022-08-01 23:47:12 --> Call to undefined function App\Controllers\Api\create_tracking()
in APPPATH/Controllers/Api/Rfid.php on line 59.
 1 SYSTEMPATH/CodeIgniter.php(896): App\Controllers\Api\Rfid->create()
 2 SYSTEMPATH/CodeIgniter.php(466): CodeIgniter\CodeIgniter->runController()
 3 SYSTEMPATH/CodeIgniter.php(349): CodeIgniter\CodeIgniter->handleRequest()
 4 FCPATH/index.php(55): CodeIgniter\CodeIgniter->run()
 5 SYSTEMPATH/Commands/Server/rewrite.php(43): require_once('FCPATH/index.php')
CRITICAL - 2022-08-01 23:49:14 --> Call to undefined function App\Controllers\Api\create_tracking()
in APPPATH/Controllers/Api/Rfid.php on line 60.
 1 SYSTEMPATH/CodeIgniter.php(896): App\Controllers\Api\Rfid->create()
 2 SYSTEMPATH/CodeIgniter.php(466): CodeIgniter\CodeIgniter->runController()
 3 SYSTEMPATH/CodeIgniter.php(349): CodeIgniter\CodeIgniter->handleRequest()
 4 FCPATH/index.php(55): CodeIgniter\CodeIgniter->run()
 5 SYSTEMPATH/Commands/Server/rewrite.php(43): require_once('FCPATH/index.php')
CRITICAL - 2022-08-01 23:49:51 --> Call to undefined function App\Controllers\Api\create_tracking()
in APPPATH/Controllers/Api/Rfid.php on line 60.
 1 SYSTEMPATH/CodeIgniter.php(896): App\Controllers\Api\Rfid->create()
 2 SYSTEMPATH/CodeIgniter.php(466): CodeIgniter\CodeIgniter->runController()
 3 SYSTEMPATH/CodeIgniter.php(349): CodeIgniter\CodeIgniter->handleRequest()
 4 FCPATH/index.php(55): CodeIgniter\CodeIgniter->run()
 5 SYSTEMPATH/Commands/Server/rewrite.php(43): require_once('FCPATH/index.php')
CRITICAL - 2022-08-01 23:50:24 --> Call to undefined function App\Controllers\Api\create_tracking()
in APPPATH/Controllers/Api/Rfid.php on line 60.
 1 SYSTEMPATH/CodeIgniter.php(896): App\Controllers\Api\Rfid->create()
 2 SYSTEMPATH/CodeIgniter.php(466): CodeIgniter\CodeIgniter->runController()
 3 SYSTEMPATH/CodeIgniter.php(349): CodeIgniter\CodeIgniter->handleRequest()
 4 FCPATH/index.php(55): CodeIgniter\CodeIgniter->run()
 5 SYSTEMPATH/Commands/Server/rewrite.php(43): require_once('FCPATH/index.php')
CRITICAL - 2022-08-01 23:51:34 --> Call to undefined function App\Controllers\Api\create_tracking()
in APPPATH/Controllers/Api/Rfid.php on line 60.
 1 SYSTEMPATH/CodeIgniter.php(896): App\Controllers\Api\Rfid->create()
 2 SYSTEMPATH/CodeIgniter.php(466): CodeIgniter\CodeIgniter->runController()
 3 SYSTEMPATH/CodeIgniter.php(349): CodeIgniter\CodeIgniter->handleRequest()
 4 FCPATH/index.php(55): CodeIgniter\CodeIgniter->run()
 5 SYSTEMPATH/Commands/Server/rewrite.php(43): require_once('FCPATH/index.php')
