ERROR - 2022-07-25 19:48:57 --> Table 'table_barang' already exists
ERROR - 2022-07-25 20:18:06 --> Unknown column 'table_arus_stok.barang_masuk_detail' in 'on clause'
CRITICAL - 2022-07-25 20:18:06 --> Unknown column 'table_arus_stok.barang_masuk_detail' in 'on clause'
in SYSTEMPATH/Database/MySQLi/Connection.php on line 292.
 1 SYSTEMPATH/Database/MySQLi/Connection.php(292): mysqli->query()
 2 SYSTEMPATH/Database/BaseConnection.php(695): CodeIgniter\Database\MySQLi\Connection->execute()
 3 SYSTEMPATH/Database/BaseConnection.php(609): CodeIgniter\Database\BaseConnection->simpleQuery()
 4 SYSTEMPATH/Database/BaseBuilder.php(1585): CodeIgniter\Database\BaseConnection->query()
 5 APPPATH/Models/ArusStokModel.php(41): CodeIgniter\Database\BaseBuilder->get()
 6 APPPATH/Controllers/Api/Stok.php(24): App\Models\ArusStokModel->getArusStok()
 7 SYSTEMPATH/CodeIgniter.php(896): App\Controllers\Api\Stok->index()
 8 SYSTEMPATH/CodeIgniter.php(466): CodeIgniter\CodeIgniter->runController()
 9 SYSTEMPATH/CodeIgniter.php(349): CodeIgniter\CodeIgniter->handleRequest()
10 FCPATH/index.php(55): CodeIgniter\CodeIgniter->run()
11 SYSTEMPATH/Commands/Server/rewrite.php(43): require_once('FCPATH/index.php')
ERROR - 2022-07-25 20:23:36 --> Unknown column 'table_barang.harga' in 'field list'
CRITICAL - 2022-07-25 20:23:36 --> Unknown column 'table_barang.harga' in 'field list'
in SYSTEMPATH/Database/MySQLi/Connection.php on line 292.
 1 SYSTEMPATH/Database/MySQLi/Connection.php(292): mysqli->query()
 2 SYSTEMPATH/Database/BaseConnection.php(695): CodeIgniter\Database\MySQLi\Connection->execute()
 3 SYSTEMPATH/Database/BaseConnection.php(609): CodeIgniter\Database\BaseConnection->simpleQuery()
 4 SYSTEMPATH/Database/BaseBuilder.php(1585): CodeIgniter\Database\BaseConnection->query()
 5 APPPATH/Models/ArusStokModel.php(24): CodeIgniter\Database\BaseBuilder->get()
 6 APPPATH/Controllers/Api/BarangMasuk.php(38): App\Models\ArusStokModel->getBarangByCode()
 7 SYSTEMPATH/CodeIgniter.php(896): App\Controllers\Api\BarangMasuk->show()
 8 SYSTEMPATH/CodeIgniter.php(466): CodeIgniter\CodeIgniter->runController()
 9 SYSTEMPATH/CodeIgniter.php(349): CodeIgniter\CodeIgniter->handleRequest()
10 FCPATH/index.php(55): CodeIgniter\CodeIgniter->run()
11 SYSTEMPATH/Commands/Server/rewrite.php(43): require_once('FCPATH/index.php')
ERROR - 2022-07-25 20:24:07 --> Unknown column 'table_barang.harga' in 'field list'
CRITICAL - 2022-07-25 20:24:07 --> Unknown column 'table_barang.harga' in 'field list'
in SYSTEMPATH/Database/MySQLi/Connection.php on line 292.
 1 SYSTEMPATH/Database/MySQLi/Connection.php(292): mysqli->query()
 2 SYSTEMPATH/Database/BaseConnection.php(695): CodeIgniter\Database\MySQLi\Connection->execute()
 3 SYSTEMPATH/Database/BaseConnection.php(609): CodeIgniter\Database\BaseConnection->simpleQuery()
 4 SYSTEMPATH/Database/BaseBuilder.php(1585): CodeIgniter\Database\BaseConnection->query()
 5 APPPATH/Models/ArusStokModel.php(24): CodeIgniter\Database\BaseBuilder->get()
 6 APPPATH/Controllers/Api/BarangMasuk.php(38): App\Models\ArusStokModel->getBarangByCode()
 7 SYSTEMPATH/CodeIgniter.php(896): App\Controllers\Api\BarangMasuk->show()
 8 SYSTEMPATH/CodeIgniter.php(466): CodeIgniter\CodeIgniter->runController()
 9 SYSTEMPATH/CodeIgniter.php(349): CodeIgniter\CodeIgniter->handleRequest()
10 FCPATH/index.php(55): CodeIgniter\CodeIgniter->run()
11 SYSTEMPATH/Commands/Server/rewrite.php(43): require_once('FCPATH/index.php')
ERROR - 2022-07-25 20:33:58 --> Unknown column 'table_barang.harga' in 'field list'
CRITICAL - 2022-07-25 20:33:58 --> Unknown column 'table_barang.harga' in 'field list'
in SYSTEMPATH/Database/MySQLi/Connection.php on line 292.
 1 SYSTEMPATH/Database/MySQLi/Connection.php(292): mysqli->query()
 2 SYSTEMPATH/Database/BaseConnection.php(695): CodeIgniter\Database\MySQLi\Connection->execute()
 3 SYSTEMPATH/Database/BaseConnection.php(609): CodeIgniter\Database\BaseConnection->simpleQuery()
 4 SYSTEMPATH/Database/BaseBuilder.php(1585): CodeIgniter\Database\BaseConnection->query()
 5 APPPATH/Models/ArusStokModel.php(24): CodeIgniter\Database\BaseBuilder->get()
 6 APPPATH/Controllers/Api/BarangMasuk.php(38): App\Models\ArusStokModel->getBarangByCode()
 7 SYSTEMPATH/CodeIgniter.php(896): App\Controllers\Api\BarangMasuk->show()
 8 SYSTEMPATH/CodeIgniter.php(466): CodeIgniter\CodeIgniter->runController()
 9 SYSTEMPATH/CodeIgniter.php(349): CodeIgniter\CodeIgniter->handleRequest()
10 FCPATH/index.php(55): CodeIgniter\CodeIgniter->run()
11 SYSTEMPATH/Commands/Server/rewrite.php(43): require_once('FCPATH/index.php')
