ERROR - 2022-08-02 01:29:10 --> Operand should contain 1 column(s)
CRITICAL - 2022-08-02 01:29:10 --> Operand should contain 1 column(s)
in SYSTEMPATH/Database/MySQLi/Connection.php on line 292.
 1 SYSTEMPATH/Database/MySQLi/Connection.php(292): mysqli->query()
 2 SYSTEMPATH/Database/BaseConnection.php(695): CodeIgniter\Database\MySQLi\Connection->execute()
 3 SYSTEMPATH/Database/BaseConnection.php(609): CodeIgniter\Database\BaseConnection->simpleQuery()
 4 SYSTEMPATH/Database/BaseBuilder.php(2046): CodeIgniter\Database\BaseConnection->query()
 5 APPPATH/Models/ArusStokModel.php(139): CodeIgniter\Database\BaseBuilder->update()
 6 APPPATH/Controllers/Api/BarangKeluar.php(161): App\Models\ArusStokModel->deleteOutbound()
 7 SYSTEMPATH/CodeIgniter.php(896): App\Controllers\Api\BarangKeluar->delete()
 8 SYSTEMPATH/CodeIgniter.php(466): CodeIgniter\CodeIgniter->runController()
 9 SYSTEMPATH/CodeIgniter.php(349): CodeIgniter\CodeIgniter->handleRequest()
10 FCPATH/index.php(55): CodeIgniter\CodeIgniter->run()
11 SYSTEMPATH/Commands/Server/rewrite.php(43): require_once('FCPATH/index.php')
ERROR - 2022-08-02 01:29:10 --> Operand should contain 1 column(s)
CRITICAL - 2022-08-02 01:29:10 --> Operand should contain 1 column(s)
in SYSTEMPATH/Database/MySQLi/Connection.php on line 292.
 1 SYSTEMPATH/Database/MySQLi/Connection.php(292): mysqli->query()
 2 SYSTEMPATH/Database/BaseConnection.php(695): CodeIgniter\Database\MySQLi\Connection->execute()
 3 SYSTEMPATH/Database/BaseConnection.php(609): CodeIgniter\Database\BaseConnection->simpleQuery()
 4 SYSTEMPATH/Database/BaseBuilder.php(2046): CodeIgniter\Database\BaseConnection->query()
 5 APPPATH/Models/ArusStokModel.php(139): CodeIgniter\Database\BaseBuilder->update()
 6 APPPATH/Controllers/Api/BarangKeluar.php(161): App\Models\ArusStokModel->deleteOutbound()
 7 SYSTEMPATH/CodeIgniter.php(896): App\Controllers\Api\BarangKeluar->delete()
 8 SYSTEMPATH/CodeIgniter.php(466): CodeIgniter\CodeIgniter->runController()
 9 SYSTEMPATH/CodeIgniter.php(349): CodeIgniter\CodeIgniter->handleRequest()
10 FCPATH/index.php(55): CodeIgniter\CodeIgniter->run()
11 SYSTEMPATH/Commands/Server/rewrite.php(43): require_once('FCPATH/index.php')
ERROR - 2022-08-02 01:30:12 --> Operand should contain 1 column(s)
CRITICAL - 2022-08-02 01:30:12 --> Operand should contain 1 column(s)
in SYSTEMPATH/Database/MySQLi/Connection.php on line 292.
 1 SYSTEMPATH/Database/MySQLi/Connection.php(292): mysqli->query()
 2 SYSTEMPATH/Database/BaseConnection.php(695): CodeIgniter\Database\MySQLi\Connection->execute()
 3 SYSTEMPATH/Database/BaseConnection.php(609): CodeIgniter\Database\BaseConnection->simpleQuery()
 4 SYSTEMPATH/Database/BaseBuilder.php(2046): CodeIgniter\Database\BaseConnection->query()
 5 APPPATH/Models/ArusStokModel.php(144): CodeIgniter\Database\BaseBuilder->update()
 6 APPPATH/Controllers/Api/BarangKeluar.php(161): App\Models\ArusStokModel->deleteOutbound()
 7 SYSTEMPATH/CodeIgniter.php(896): App\Controllers\Api\BarangKeluar->delete()
 8 SYSTEMPATH/CodeIgniter.php(466): CodeIgniter\CodeIgniter->runController()
 9 SYSTEMPATH/CodeIgniter.php(349): CodeIgniter\CodeIgniter->handleRequest()
10 FCPATH/index.php(55): CodeIgniter\CodeIgniter->run()
11 SYSTEMPATH/Commands/Server/rewrite.php(43): require_once('FCPATH/index.php')
CRITICAL - 2022-08-02 01:30:40 --> Undefined property: mysqli::$rfid_tag
in APPPATH/Models/ArusStokModel.php on line 138.
 1 APPPATH/Models/ArusStokModel.php(138): CodeIgniter\Debug\Exceptions->errorHandler()
 2 APPPATH/Controllers/Api/BarangKeluar.php(161): App\Models\ArusStokModel->deleteOutbound()
 3 SYSTEMPATH/CodeIgniter.php(896): App\Controllers\Api\BarangKeluar->delete()
 4 SYSTEMPATH/CodeIgniter.php(466): CodeIgniter\CodeIgniter->runController()
 5 SYSTEMPATH/CodeIgniter.php(349): CodeIgniter\CodeIgniter->handleRequest()
 6 FCPATH/index.php(55): CodeIgniter\CodeIgniter->run()
 7 SYSTEMPATH/Commands/Server/rewrite.php(43): require_once('FCPATH/index.php')
CRITICAL - 2022-08-02 01:30:59 --> Cannot use object of type stdClass as array
in APPPATH/Models/ArusStokModel.php on line 138.
 1 APPPATH/Controllers/Api/BarangKeluar.php(161): App\Models\ArusStokModel->deleteOutbound()
 2 SYSTEMPATH/CodeIgniter.php(896): App\Controllers\Api\BarangKeluar->delete()
 3 SYSTEMPATH/CodeIgniter.php(466): CodeIgniter\CodeIgniter->runController()
 4 SYSTEMPATH/CodeIgniter.php(349): CodeIgniter\CodeIgniter->handleRequest()
 5 FCPATH/index.php(55): CodeIgniter\CodeIgniter->run()
 6 SYSTEMPATH/Commands/Server/rewrite.php(43): require_once('FCPATH/index.php')
ERROR - 2022-08-02 01:31:16 --> Operand should contain 1 column(s)
CRITICAL - 2022-08-02 01:31:16 --> Operand should contain 1 column(s)
in SYSTEMPATH/Database/MySQLi/Connection.php on line 292.
 1 SYSTEMPATH/Database/MySQLi/Connection.php(292): mysqli->query()
 2 SYSTEMPATH/Database/BaseConnection.php(695): CodeIgniter\Database\MySQLi\Connection->execute()
 3 SYSTEMPATH/Database/BaseConnection.php(609): CodeIgniter\Database\BaseConnection->simpleQuery()
 4 SYSTEMPATH/Database/BaseBuilder.php(2046): CodeIgniter\Database\BaseConnection->query()
 5 APPPATH/Models/ArusStokModel.php(144): CodeIgniter\Database\BaseBuilder->update()
 6 APPPATH/Controllers/Api/BarangKeluar.php(161): App\Models\ArusStokModel->deleteOutbound()
 7 SYSTEMPATH/CodeIgniter.php(896): App\Controllers\Api\BarangKeluar->delete()
 8 SYSTEMPATH/CodeIgniter.php(466): CodeIgniter\CodeIgniter->runController()
 9 SYSTEMPATH/CodeIgniter.php(349): CodeIgniter\CodeIgniter->handleRequest()
10 FCPATH/index.php(55): CodeIgniter\CodeIgniter->run()
11 SYSTEMPATH/Commands/Server/rewrite.php(43): require_once('FCPATH/index.php')
ERROR - 2022-08-02 01:32:37 --> Operand should contain 1 column(s)
CRITICAL - 2022-08-02 01:32:37 --> Operand should contain 1 column(s)
in SYSTEMPATH/Database/MySQLi/Connection.php on line 292.
 1 SYSTEMPATH/Database/MySQLi/Connection.php(292): mysqli->query()
 2 SYSTEMPATH/Database/BaseConnection.php(695): CodeIgniter\Database\MySQLi\Connection->execute()
 3 SYSTEMPATH/Database/BaseConnection.php(609): CodeIgniter\Database\BaseConnection->simpleQuery()
 4 SYSTEMPATH/Database/BaseBuilder.php(2046): CodeIgniter\Database\BaseConnection->query()
 5 APPPATH/Models/ArusStokModel.php(143): CodeIgniter\Database\BaseBuilder->update()
 6 APPPATH/Controllers/Api/BarangKeluar.php(161): App\Models\ArusStokModel->deleteOutbound()
 7 SYSTEMPATH/CodeIgniter.php(896): App\Controllers\Api\BarangKeluar->delete()
 8 SYSTEMPATH/CodeIgniter.php(466): CodeIgniter\CodeIgniter->runController()
 9 SYSTEMPATH/CodeIgniter.php(349): CodeIgniter\CodeIgniter->handleRequest()
10 FCPATH/index.php(55): CodeIgniter\CodeIgniter->run()
11 SYSTEMPATH/Commands/Server/rewrite.php(43): require_once('FCPATH/index.php')
ERROR - 2022-08-02 01:34:27 --> Operand should contain 1 column(s)
CRITICAL - 2022-08-02 01:34:27 --> Operand should contain 1 column(s)
in SYSTEMPATH/Database/MySQLi/Connection.php on line 292.
 1 SYSTEMPATH/Database/MySQLi/Connection.php(292): mysqli->query()
 2 SYSTEMPATH/Database/BaseConnection.php(695): CodeIgniter\Database\MySQLi\Connection->execute()
 3 SYSTEMPATH/Database/BaseConnection.php(609): CodeIgniter\Database\BaseConnection->simpleQuery()
 4 SYSTEMPATH/Database/BaseBuilder.php(2046): CodeIgniter\Database\BaseConnection->query()
 5 APPPATH/Models/ArusStokModel.php(144): CodeIgniter\Database\BaseBuilder->update()
 6 APPPATH/Controllers/Api/BarangKeluar.php(161): App\Models\ArusStokModel->deleteOutbound()
 7 SYSTEMPATH/CodeIgniter.php(896): App\Controllers\Api\BarangKeluar->delete()
 8 SYSTEMPATH/CodeIgniter.php(466): CodeIgniter\CodeIgniter->runController()
 9 SYSTEMPATH/CodeIgniter.php(349): CodeIgniter\CodeIgniter->handleRequest()
10 FCPATH/index.php(55): CodeIgniter\CodeIgniter->run()
11 SYSTEMPATH/Commands/Server/rewrite.php(43): require_once('FCPATH/index.php')
ERROR - 2022-08-02 01:34:45 --> Operand should contain 1 column(s)
CRITICAL - 2022-08-02 01:34:45 --> Operand should contain 1 column(s)
in SYSTEMPATH/Database/MySQLi/Connection.php on line 292.
 1 SYSTEMPATH/Database/MySQLi/Connection.php(292): mysqli->query()
 2 SYSTEMPATH/Database/BaseConnection.php(695): CodeIgniter\Database\MySQLi\Connection->execute()
 3 SYSTEMPATH/Database/BaseConnection.php(609): CodeIgniter\Database\BaseConnection->simpleQuery()
 4 SYSTEMPATH/Database/BaseBuilder.php(2046): CodeIgniter\Database\BaseConnection->query()
 5 APPPATH/Models/ArusStokModel.php(144): CodeIgniter\Database\BaseBuilder->update()
 6 APPPATH/Controllers/Api/BarangKeluar.php(161): App\Models\ArusStokModel->deleteOutbound()
 7 SYSTEMPATH/CodeIgniter.php(896): App\Controllers\Api\BarangKeluar->delete()
 8 SYSTEMPATH/CodeIgniter.php(466): CodeIgniter\CodeIgniter->runController()
 9 SYSTEMPATH/CodeIgniter.php(349): CodeIgniter\CodeIgniter->handleRequest()
10 FCPATH/index.php(55): CodeIgniter\CodeIgniter->run()
11 SYSTEMPATH/Commands/Server/rewrite.php(43): require_once('FCPATH/index.php')
CRITICAL - 2022-08-02 01:35:16 --> whereIn() expects $values to be of type array or closure
in SYSTEMPATH/Database/BaseBuilder.php on line 907.
 1 SYSTEMPATH/Database/BaseBuilder.php(789): CodeIgniter\Database\BaseBuilder->_whereIn()
 2 APPPATH/Models/ArusStokModel.php(142): CodeIgniter\Database\BaseBuilder->whereIn()
 3 APPPATH/Controllers/Api/BarangKeluar.php(161): App\Models\ArusStokModel->deleteOutbound()
 4 SYSTEMPATH/CodeIgniter.php(896): App\Controllers\Api\BarangKeluar->delete()
 5 SYSTEMPATH/CodeIgniter.php(466): CodeIgniter\CodeIgniter->runController()
 6 SYSTEMPATH/CodeIgniter.php(349): CodeIgniter\CodeIgniter->handleRequest()
 7 FCPATH/index.php(55): CodeIgniter\CodeIgniter->run()
 8 SYSTEMPATH/Commands/Server/rewrite.php(43): require_once('FCPATH/index.php')
CRITICAL - 2022-08-02 01:35:33 --> Array to string conversion
in SYSTEMPATH/Database/Query.php on line 329.
 1 [internal function]: CodeIgniter\Debug\Exceptions->errorHandler()
 2 SYSTEMPATH/Database/Query.php(329): implode()
 3 SYSTEMPATH/Database/Query.php(310): CodeIgniter\Database\Query->matchNamedBinds()
 4 SYSTEMPATH/Database/Query.php(159): CodeIgniter\Database\Query->compileBinds()
 5 SYSTEMPATH/Debug/Toolbar/Collectors/Database.php(86): CodeIgniter\Database\Query->getQuery()
 6 SYSTEMPATH/Events/Events.php(149): CodeIgniter\Debug\Toolbar\Collectors\Database::collect()
 7 SYSTEMPATH/Database/BaseConnection.php(639): CodeIgniter\Events\Events::trigger()
 8 SYSTEMPATH/Database/BaseBuilder.php(2046): CodeIgniter\Database\BaseConnection->query()
 9 APPPATH/Models/ArusStokModel.php(144): CodeIgniter\Database\BaseBuilder->update()
10 APPPATH/Controllers/Api/BarangKeluar.php(161): App\Models\ArusStokModel->deleteOutbound()
11 SYSTEMPATH/CodeIgniter.php(896): App\Controllers\Api\BarangKeluar->delete()
12 SYSTEMPATH/CodeIgniter.php(466): CodeIgniter\CodeIgniter->runController()
13 SYSTEMPATH/CodeIgniter.php(349): CodeIgniter\CodeIgniter->handleRequest()
14 FCPATH/index.php(55): CodeIgniter\CodeIgniter->run()
15 SYSTEMPATH/Commands/Server/rewrite.php(43): require_once('FCPATH/index.php')
ERROR - 2022-08-02 01:36:48 --> Operand should contain 1 column(s)
CRITICAL - 2022-08-02 01:36:48 --> Operand should contain 1 column(s)
in SYSTEMPATH/Database/MySQLi/Connection.php on line 292.
 1 SYSTEMPATH/Database/MySQLi/Connection.php(292): mysqli->query()
 2 SYSTEMPATH/Database/BaseConnection.php(695): CodeIgniter\Database\MySQLi\Connection->execute()
 3 SYSTEMPATH/Database/BaseConnection.php(609): CodeIgniter\Database\BaseConnection->simpleQuery()
 4 SYSTEMPATH/Database/BaseBuilder.php(2046): CodeIgniter\Database\BaseConnection->query()
 5 APPPATH/Models/ArusStokModel.php(140): CodeIgniter\Database\BaseBuilder->update()
 6 APPPATH/Controllers/Api/BarangKeluar.php(161): App\Models\ArusStokModel->deleteOutbound()
 7 SYSTEMPATH/CodeIgniter.php(896): App\Controllers\Api\BarangKeluar->delete()
 8 SYSTEMPATH/CodeIgniter.php(466): CodeIgniter\CodeIgniter->runController()
 9 SYSTEMPATH/CodeIgniter.php(349): CodeIgniter\CodeIgniter->handleRequest()
10 FCPATH/index.php(55): CodeIgniter\CodeIgniter->run()
11 SYSTEMPATH/Commands/Server/rewrite.php(43): require_once('FCPATH/index.php')
ERROR - 2022-08-02 01:37:10 --> Operand should contain 1 column(s)
CRITICAL - 2022-08-02 01:37:10 --> Operand should contain 1 column(s)
in SYSTEMPATH/Database/MySQLi/Connection.php on line 292.
 1 SYSTEMPATH/Database/MySQLi/Connection.php(292): mysqli->query()
 2 SYSTEMPATH/Database/BaseConnection.php(695): CodeIgniter\Database\MySQLi\Connection->execute()
 3 SYSTEMPATH/Database/BaseConnection.php(609): CodeIgniter\Database\BaseConnection->simpleQuery()
 4 SYSTEMPATH/Database/BaseBuilder.php(2046): CodeIgniter\Database\BaseConnection->query()
 5 APPPATH/Models/ArusStokModel.php(140): CodeIgniter\Database\BaseBuilder->update()
 6 APPPATH/Controllers/Api/BarangKeluar.php(161): App\Models\ArusStokModel->deleteOutbound()
 7 SYSTEMPATH/CodeIgniter.php(896): App\Controllers\Api\BarangKeluar->delete()
 8 SYSTEMPATH/CodeIgniter.php(466): CodeIgniter\CodeIgniter->runController()
 9 SYSTEMPATH/CodeIgniter.php(349): CodeIgniter\CodeIgniter->handleRequest()
10 FCPATH/index.php(55): CodeIgniter\CodeIgniter->run()
11 SYSTEMPATH/Commands/Server/rewrite.php(43): require_once('FCPATH/index.php')
ERROR - 2022-08-02 01:37:59 --> Operand should contain 1 column(s)
CRITICAL - 2022-08-02 01:37:59 --> Operand should contain 1 column(s)
in SYSTEMPATH/Database/MySQLi/Connection.php on line 292.
 1 SYSTEMPATH/Database/MySQLi/Connection.php(292): mysqli->query()
 2 SYSTEMPATH/Database/BaseConnection.php(695): CodeIgniter\Database\MySQLi\Connection->execute()
 3 SYSTEMPATH/Database/BaseConnection.php(609): CodeIgniter\Database\BaseConnection->simpleQuery()
 4 SYSTEMPATH/Database/BaseBuilder.php(2046): CodeIgniter\Database\BaseConnection->query()
 5 APPPATH/Models/ArusStokModel.php(139): CodeIgniter\Database\BaseBuilder->update()
 6 APPPATH/Controllers/Api/BarangKeluar.php(161): App\Models\ArusStokModel->deleteOutbound()
 7 SYSTEMPATH/CodeIgniter.php(896): App\Controllers\Api\BarangKeluar->delete()
 8 SYSTEMPATH/CodeIgniter.php(466): CodeIgniter\CodeIgniter->runController()
 9 SYSTEMPATH/CodeIgniter.php(349): CodeIgniter\CodeIgniter->handleRequest()
10 FCPATH/index.php(55): CodeIgniter\CodeIgniter->run()
11 SYSTEMPATH/Commands/Server/rewrite.php(43): require_once('FCPATH/index.php')
ERROR - 2022-08-02 01:38:22 --> Operand should contain 1 column(s)
CRITICAL - 2022-08-02 01:38:22 --> Operand should contain 1 column(s)
in SYSTEMPATH/Database/MySQLi/Connection.php on line 292.
 1 SYSTEMPATH/Database/MySQLi/Connection.php(292): mysqli->query()
 2 SYSTEMPATH/Database/BaseConnection.php(695): CodeIgniter\Database\MySQLi\Connection->execute()
 3 SYSTEMPATH/Database/BaseConnection.php(609): CodeIgniter\Database\BaseConnection->simpleQuery()
 4 SYSTEMPATH/Database/BaseBuilder.php(2046): CodeIgniter\Database\BaseConnection->query()
 5 APPPATH/Models/ArusStokModel.php(139): CodeIgniter\Database\BaseBuilder->update()
 6 APPPATH/Controllers/Api/BarangKeluar.php(161): App\Models\ArusStokModel->deleteOutbound()
 7 SYSTEMPATH/CodeIgniter.php(896): App\Controllers\Api\BarangKeluar->delete()
 8 SYSTEMPATH/CodeIgniter.php(466): CodeIgniter\CodeIgniter->runController()
 9 SYSTEMPATH/CodeIgniter.php(349): CodeIgniter\CodeIgniter->handleRequest()
10 FCPATH/index.php(55): CodeIgniter\CodeIgniter->run()
11 SYSTEMPATH/Commands/Server/rewrite.php(43): require_once('FCPATH/index.php')
ERROR - 2022-08-02 01:38:39 --> Operand should contain 1 column(s)
CRITICAL - 2022-08-02 01:38:39 --> Operand should contain 1 column(s)
in SYSTEMPATH/Database/MySQLi/Connection.php on line 292.
 1 SYSTEMPATH/Database/MySQLi/Connection.php(292): mysqli->query()
 2 SYSTEMPATH/Database/BaseConnection.php(695): CodeIgniter\Database\MySQLi\Connection->execute()
 3 SYSTEMPATH/Database/BaseConnection.php(609): CodeIgniter\Database\BaseConnection->simpleQuery()
 4 SYSTEMPATH/Database/BaseBuilder.php(2046): CodeIgniter\Database\BaseConnection->query()
 5 APPPATH/Models/ArusStokModel.php(139): CodeIgniter\Database\BaseBuilder->update()
 6 APPPATH/Controllers/Api/BarangKeluar.php(161): App\Models\ArusStokModel->deleteOutbound()
 7 SYSTEMPATH/CodeIgniter.php(896): App\Controllers\Api\BarangKeluar->delete()
 8 SYSTEMPATH/CodeIgniter.php(466): CodeIgniter\CodeIgniter->runController()
 9 SYSTEMPATH/CodeIgniter.php(349): CodeIgniter\CodeIgniter->handleRequest()
10 FCPATH/index.php(55): CodeIgniter\CodeIgniter->run()
11 SYSTEMPATH/Commands/Server/rewrite.php(43): require_once('FCPATH/index.php')
CRITICAL - 2022-08-02 01:38:52 --> Call to undefined method CodeIgniter\Database\MySQLi\Connection::lastQuery()
in APPPATH/Models/ArusStokModel.php on line 136.
 1 APPPATH/Controllers/Api/BarangKeluar.php(161): App\Models\ArusStokModel->deleteOutbound()
 2 SYSTEMPATH/CodeIgniter.php(896): App\Controllers\Api\BarangKeluar->delete()
 3 SYSTEMPATH/CodeIgniter.php(466): CodeIgniter\CodeIgniter->runController()
 4 SYSTEMPATH/CodeIgniter.php(349): CodeIgniter\CodeIgniter->handleRequest()
 5 FCPATH/index.php(55): CodeIgniter\CodeIgniter->run()
 6 SYSTEMPATH/Commands/Server/rewrite.php(43): require_once('FCPATH/index.php')
ERROR - 2022-08-02 01:39:43 --> Operand should contain 1 column(s)
CRITICAL - 2022-08-02 01:39:43 --> Operand should contain 1 column(s)
in SYSTEMPATH/Database/MySQLi/Connection.php on line 292.
 1 SYSTEMPATH/Database/MySQLi/Connection.php(292): mysqli->query()
 2 SYSTEMPATH/Database/BaseConnection.php(695): CodeIgniter\Database\MySQLi\Connection->execute()
 3 SYSTEMPATH/Database/BaseConnection.php(609): CodeIgniter\Database\BaseConnection->simpleQuery()
 4 SYSTEMPATH/Database/BaseBuilder.php(2046): CodeIgniter\Database\BaseConnection->query()
 5 APPPATH/Models/ArusStokModel.php(139): CodeIgniter\Database\BaseBuilder->update()
 6 APPPATH/Controllers/Api/BarangKeluar.php(161): App\Models\ArusStokModel->deleteOutbound()
 7 SYSTEMPATH/CodeIgniter.php(896): App\Controllers\Api\BarangKeluar->delete()
 8 SYSTEMPATH/CodeIgniter.php(466): CodeIgniter\CodeIgniter->runController()
 9 SYSTEMPATH/CodeIgniter.php(349): CodeIgniter\CodeIgniter->handleRequest()
10 FCPATH/index.php(55): CodeIgniter\CodeIgniter->run()
11 SYSTEMPATH/Commands/Server/rewrite.php(43): require_once('FCPATH/index.php')
ERROR - 2022-08-02 01:41:20 --> Operand should contain 1 column(s)
CRITICAL - 2022-08-02 01:41:20 --> Operand should contain 1 column(s)
in SYSTEMPATH/Database/MySQLi/Connection.php on line 292.
 1 SYSTEMPATH/Database/MySQLi/Connection.php(292): mysqli->query()
 2 SYSTEMPATH/Database/BaseConnection.php(695): CodeIgniter\Database\MySQLi\Connection->execute()
 3 SYSTEMPATH/Database/BaseConnection.php(609): CodeIgniter\Database\BaseConnection->simpleQuery()
 4 SYSTEMPATH/Database/BaseBuilder.php(2046): CodeIgniter\Database\BaseConnection->query()
 5 APPPATH/Models/ArusStokModel.php(139): CodeIgniter\Database\BaseBuilder->update()
 6 APPPATH/Controllers/Api/BarangKeluar.php(161): App\Models\ArusStokModel->deleteOutbound()
 7 SYSTEMPATH/CodeIgniter.php(896): App\Controllers\Api\BarangKeluar->delete()
 8 SYSTEMPATH/CodeIgniter.php(466): CodeIgniter\CodeIgniter->runController()
 9 SYSTEMPATH/CodeIgniter.php(349): CodeIgniter\CodeIgniter->handleRequest()
10 FCPATH/index.php(55): CodeIgniter\CodeIgniter->run()
11 SYSTEMPATH/Commands/Server/rewrite.php(43): require_once('FCPATH/index.php')
ERROR - 2022-08-02 01:42:46 --> Operand should contain 1 column(s)
CRITICAL - 2022-08-02 01:42:46 --> Operand should contain 1 column(s)
in SYSTEMPATH/Database/MySQLi/Connection.php on line 292.
 1 SYSTEMPATH/Database/MySQLi/Connection.php(292): mysqli->query()
 2 SYSTEMPATH/Database/BaseConnection.php(695): CodeIgniter\Database\MySQLi\Connection->execute()
 3 SYSTEMPATH/Database/BaseConnection.php(609): CodeIgniter\Database\BaseConnection->simpleQuery()
 4 SYSTEMPATH/Database/BaseBuilder.php(2046): CodeIgniter\Database\BaseConnection->query()
 5 APPPATH/Models/ArusStokModel.php(139): CodeIgniter\Database\BaseBuilder->update()
 6 APPPATH/Controllers/Api/BarangKeluar.php(161): App\Models\ArusStokModel->deleteOutbound()
 7 SYSTEMPATH/CodeIgniter.php(896): App\Controllers\Api\BarangKeluar->delete()
 8 SYSTEMPATH/CodeIgniter.php(466): CodeIgniter\CodeIgniter->runController()
 9 SYSTEMPATH/CodeIgniter.php(349): CodeIgniter\CodeIgniter->handleRequest()
10 FCPATH/index.php(55): CodeIgniter\CodeIgniter->run()
11 SYSTEMPATH/Commands/Server/rewrite.php(43): require_once('FCPATH/index.php')
CRITICAL - 2022-08-02 01:43:57 --> Undefined property: mysqli::$rfid_tag
in APPPATH/Models/ArusStokModel.php on line 148.
 1 APPPATH/Models/ArusStokModel.php(148): CodeIgniter\Debug\Exceptions->errorHandler()
 2 APPPATH/Controllers/Api/BarangKeluar.php(161): App\Models\ArusStokModel->deleteOutbound()
 3 SYSTEMPATH/CodeIgniter.php(896): App\Controllers\Api\BarangKeluar->delete()
 4 SYSTEMPATH/CodeIgniter.php(466): CodeIgniter\CodeIgniter->runController()
 5 SYSTEMPATH/CodeIgniter.php(349): CodeIgniter\CodeIgniter->handleRequest()
 6 FCPATH/index.php(55): CodeIgniter\CodeIgniter->run()
 7 SYSTEMPATH/Commands/Server/rewrite.php(43): require_once('FCPATH/index.php')
CRITICAL - 2022-08-02 01:58:47 --> Undefined variable: lokasi
in APPPATH/Controllers/Api/Tracking.php on line 21.
 1 APPPATH/Controllers/Api/Tracking.php(21): CodeIgniter\Debug\Exceptions->errorHandler()
 2 SYSTEMPATH/CodeIgniter.php(896): App\Controllers\Api\Tracking->index()
 3 SYSTEMPATH/CodeIgniter.php(466): CodeIgniter\CodeIgniter->runController()
 4 SYSTEMPATH/CodeIgniter.php(349): CodeIgniter\CodeIgniter->handleRequest()
 5 FCPATH/index.php(55): CodeIgniter\CodeIgniter->run()
 6 SYSTEMPATH/Commands/Server/rewrite.php(43): require_once('FCPATH/index.php')
CRITICAL - 2022-08-02 03:48:43 --> Call to undefined function App\Controllers\Api\create_tracking()
in APPPATH/Controllers/Api/Relocation.php on line 50.
 1 SYSTEMPATH/CodeIgniter.php(896): App\Controllers\Api\Relocation->create()
 2 SYSTEMPATH/CodeIgniter.php(466): CodeIgniter\CodeIgniter->runController()
 3 SYSTEMPATH/CodeIgniter.php(349): CodeIgniter\CodeIgniter->handleRequest()
 4 FCPATH/index.php(55): CodeIgniter\CodeIgniter->run()
 5 SYSTEMPATH/Commands/Server/rewrite.php(43): require_once('FCPATH/index.php')
CRITICAL - 2022-08-02 04:01:32 --> Call to a member function getLastQuery() on array
in APPPATH/Models/TrackingBarangModel.php on line 44.
 1 APPPATH/Controllers/Api/Tracking.php(21): App\Models\TrackingBarangModel->getListTracking()
 2 SYSTEMPATH/CodeIgniter.php(896): App\Controllers\Api\Tracking->index()
 3 SYSTEMPATH/CodeIgniter.php(466): CodeIgniter\CodeIgniter->runController()
 4 SYSTEMPATH/CodeIgniter.php(349): CodeIgniter\CodeIgniter->handleRequest()
 5 FCPATH/index.php(55): CodeIgniter\CodeIgniter->run()
 6 SYSTEMPATH/Commands/Server/rewrite.php(43): require_once('FCPATH/index.php')
CRITICAL - 2022-08-02 04:01:48 --> Call to undefined method CodeIgniter\Database\MySQLi\Result::getLastQuery()
in APPPATH/Models/TrackingBarangModel.php on line 43.
 1 APPPATH/Controllers/Api/Tracking.php(21): App\Models\TrackingBarangModel->getListTracking()
 2 SYSTEMPATH/CodeIgniter.php(896): App\Controllers\Api\Tracking->index()
 3 SYSTEMPATH/CodeIgniter.php(466): CodeIgniter\CodeIgniter->runController()
 4 SYSTEMPATH/CodeIgniter.php(349): CodeIgniter\CodeIgniter->handleRequest()
 5 FCPATH/index.php(55): CodeIgniter\CodeIgniter->run()
 6 SYSTEMPATH/Commands/Server/rewrite.php(43): require_once('FCPATH/index.php')
CRITICAL - 2022-08-02 04:02:03 --> Undefined variable: db
in APPPATH/Models/TrackingBarangModel.php on line 44.
 1 APPPATH/Models/TrackingBarangModel.php(44): CodeIgniter\Debug\Exceptions->errorHandler()
 2 APPPATH/Controllers/Api/Tracking.php(21): App\Models\TrackingBarangModel->getListTracking()
 3 SYSTEMPATH/CodeIgniter.php(896): App\Controllers\Api\Tracking->index()
 4 SYSTEMPATH/CodeIgniter.php(466): CodeIgniter\CodeIgniter->runController()
 5 SYSTEMPATH/CodeIgniter.php(349): CodeIgniter\CodeIgniter->handleRequest()
 6 FCPATH/index.php(55): CodeIgniter\CodeIgniter->run()
 7 SYSTEMPATH/Commands/Server/rewrite.php(43): require_once('FCPATH/index.php')
CRITICAL - 2022-08-02 04:02:07 --> Undefined variable: db
in APPPATH/Models/TrackingBarangModel.php on line 43.
 1 APPPATH/Models/TrackingBarangModel.php(43): CodeIgniter\Debug\Exceptions->errorHandler()
 2 APPPATH/Controllers/Api/Tracking.php(21): App\Models\TrackingBarangModel->getListTracking()
 3 SYSTEMPATH/CodeIgniter.php(896): App\Controllers\Api\Tracking->index()
 4 SYSTEMPATH/CodeIgniter.php(466): CodeIgniter\CodeIgniter->runController()
 5 SYSTEMPATH/CodeIgniter.php(349): CodeIgniter\CodeIgniter->handleRequest()
 6 FCPATH/index.php(55): CodeIgniter\CodeIgniter->run()
 7 SYSTEMPATH/Commands/Server/rewrite.php(43): require_once('FCPATH/index.php')
CRITICAL - 2022-08-02 04:02:20 --> Call to undefined method CodeIgniter\Database\MySQLi\Connection::lastQuery()
in APPPATH/Models/TrackingBarangModel.php on line 44.
 1 APPPATH/Controllers/Api/Tracking.php(21): App\Models\TrackingBarangModel->getListTracking()
 2 SYSTEMPATH/CodeIgniter.php(896): App\Controllers\Api\Tracking->index()
 3 SYSTEMPATH/CodeIgniter.php(466): CodeIgniter\CodeIgniter->runController()
 4 SYSTEMPATH/CodeIgniter.php(349): CodeIgniter\CodeIgniter->handleRequest()
 5 FCPATH/index.php(55): CodeIgniter\CodeIgniter->run()
 6 SYSTEMPATH/Commands/Server/rewrite.php(43): require_once('FCPATH/index.php')
CRITICAL - 2022-08-02 04:08:23 --> Undefined variable: db
in APPPATH/Models/TrackingBarangModel.php on line 26.
 1 APPPATH/Models/TrackingBarangModel.php(26): CodeIgniter\Debug\Exceptions->errorHandler()
 2 APPPATH/Controllers/Api/Tracking.php(21): App\Models\TrackingBarangModel->getListTracking()
 3 SYSTEMPATH/CodeIgniter.php(896): App\Controllers\Api\Tracking->index()
 4 SYSTEMPATH/CodeIgniter.php(466): CodeIgniter\CodeIgniter->runController()
 5 SYSTEMPATH/CodeIgniter.php(349): CodeIgniter\CodeIgniter->handleRequest()
 6 FCPATH/index.php(55): CodeIgniter\CodeIgniter->run()
 7 SYSTEMPATH/Commands/Server/rewrite.php(43): require_once('FCPATH/index.php')
ERROR - 2022-08-02 04:10:02 --> Unknown table 'gudang.table_barang_rfid'
CRITICAL - 2022-08-02 04:10:02 --> Unknown table 'gudang.table_barang_rfid'
in SYSTEMPATH/Database/MySQLi/Connection.php on line 292.
 1 SYSTEMPATH/Database/MySQLi/Connection.php(292): mysqli->query()
 2 SYSTEMPATH/Database/BaseConnection.php(695): CodeIgniter\Database\MySQLi\Connection->execute()
 3 SYSTEMPATH/Database/BaseConnection.php(609): CodeIgniter\Database\BaseConnection->simpleQuery()
 4 SYSTEMPATH/Database/BaseBuilder.php(1585): CodeIgniter\Database\BaseConnection->query()
 5 SYSTEMPATH/Model.php(771): CodeIgniter\Database\BaseBuilder->get()
 6 APPPATH/Models/TrackingBarangModel.php(37): CodeIgniter\Model->__call()
 7 APPPATH/Controllers/Api/Tracking.php(21): App\Models\TrackingBarangModel->getListTracking()
 8 SYSTEMPATH/CodeIgniter.php(896): App\Controllers\Api\Tracking->index()
 9 SYSTEMPATH/CodeIgniter.php(466): CodeIgniter\CodeIgniter->runController()
10 SYSTEMPATH/CodeIgniter.php(349): CodeIgniter\CodeIgniter->handleRequest()
11 FCPATH/index.php(55): CodeIgniter\CodeIgniter->run()
12 SYSTEMPATH/Commands/Server/rewrite.php(43): require_once('FCPATH/index.php')
CRITICAL - 2022-08-02 04:13:37 --> Call to undefined method CodeIgniter\Database\MySQLi\Result::groupBy()
in APPPATH/Models/TrackingBarangModel.php on line 40.
 1 APPPATH/Controllers/Api/Tracking.php(21): App\Models\TrackingBarangModel->getListTracking()
 2 SYSTEMPATH/CodeIgniter.php(896): App\Controllers\Api\Tracking->index()
 3 SYSTEMPATH/CodeIgniter.php(466): CodeIgniter\CodeIgniter->runController()
 4 SYSTEMPATH/CodeIgniter.php(349): CodeIgniter\CodeIgniter->handleRequest()
 5 FCPATH/index.php(55): CodeIgniter\CodeIgniter->run()
 6 SYSTEMPATH/Commands/Server/rewrite.php(43): require_once('FCPATH/index.php')
CRITICAL - 2022-08-02 04:13:52 --> Call to undefined method CodeIgniter\Database\MySQLi\Result::groupBy()
in APPPATH/Models/TrackingBarangModel.php on line 40.
 1 APPPATH/Controllers/Api/Tracking.php(21): App\Models\TrackingBarangModel->getListTracking()
 2 SYSTEMPATH/CodeIgniter.php(896): App\Controllers\Api\Tracking->index()
 3 SYSTEMPATH/CodeIgniter.php(466): CodeIgniter\CodeIgniter->runController()
 4 SYSTEMPATH/CodeIgniter.php(349): CodeIgniter\CodeIgniter->handleRequest()
 5 FCPATH/index.php(55): CodeIgniter\CodeIgniter->run()
 6 SYSTEMPATH/Commands/Server/rewrite.php(43): require_once('FCPATH/index.php')
CRITICAL - 2022-08-02 04:13:54 --> Call to undefined method CodeIgniter\Database\MySQLi\Result::groupBy()
in APPPATH/Models/TrackingBarangModel.php on line 40.
 1 APPPATH/Controllers/Api/Tracking.php(21): App\Models\TrackingBarangModel->getListTracking()
 2 SYSTEMPATH/CodeIgniter.php(896): App\Controllers\Api\Tracking->index()
 3 SYSTEMPATH/CodeIgniter.php(466): CodeIgniter\CodeIgniter->runController()
 4 SYSTEMPATH/CodeIgniter.php(349): CodeIgniter\CodeIgniter->handleRequest()
 5 FCPATH/index.php(55): CodeIgniter\CodeIgniter->run()
 6 SYSTEMPATH/Commands/Server/rewrite.php(43): require_once('FCPATH/index.php')
CRITICAL - 2022-08-02 04:14:03 --> Call to undefined method CodeIgniter\Database\MySQLi\Result::group_by()
in APPPATH/Models/TrackingBarangModel.php on line 40.
 1 APPPATH/Controllers/Api/Tracking.php(21): App\Models\TrackingBarangModel->getListTracking()
 2 SYSTEMPATH/CodeIgniter.php(896): App\Controllers\Api\Tracking->index()
 3 SYSTEMPATH/CodeIgniter.php(466): CodeIgniter\CodeIgniter->runController()
 4 SYSTEMPATH/CodeIgniter.php(349): CodeIgniter\CodeIgniter->handleRequest()
 5 FCPATH/index.php(55): CodeIgniter\CodeIgniter->run()
 6 SYSTEMPATH/Commands/Server/rewrite.php(43): require_once('FCPATH/index.php')
CRITICAL - 2022-08-02 04:21:40 --> Argument 1 passed to CodeIgniter\Database\BaseBuilder::join() must be of the type string, object given, called in /opt/lampp/htdocs/gudang/app/Models/TrackingBarangModel.php on line 24
in SYSTEMPATH/Database/BaseBuilder.php on line 593.
 1 APPPATH/Models/TrackingBarangModel.php(24): CodeIgniter\Database\BaseBuilder->join()
 2 APPPATH/Controllers/Api/Tracking.php(21): App\Models\TrackingBarangModel->getListTracking()
 3 SYSTEMPATH/CodeIgniter.php(896): App\Controllers\Api\Tracking->index()
 4 SYSTEMPATH/CodeIgniter.php(466): CodeIgniter\CodeIgniter->runController()
 5 SYSTEMPATH/CodeIgniter.php(349): CodeIgniter\CodeIgniter->handleRequest()
 6 FCPATH/index.php(55): CodeIgniter\CodeIgniter->run()
 7 SYSTEMPATH/Commands/Server/rewrite.php(43): require_once('FCPATH/index.php')
CRITICAL - 2022-08-02 04:23:19 --> Call to undefined method CodeIgniter\Database\MySQLi\Connection::_compile_select()
in APPPATH/Models/TrackingBarangModel.php on line 23.
 1 APPPATH/Controllers/Api/Tracking.php(21): App\Models\TrackingBarangModel->getListTracking()
 2 SYSTEMPATH/CodeIgniter.php(896): App\Controllers\Api\Tracking->index()
 3 SYSTEMPATH/CodeIgniter.php(466): CodeIgniter\CodeIgniter->runController()
 4 SYSTEMPATH/CodeIgniter.php(349): CodeIgniter\CodeIgniter->handleRequest()
 5 FCPATH/index.php(55): CodeIgniter\CodeIgniter->run()
 6 SYSTEMPATH/Commands/Server/rewrite.php(43): require_once('FCPATH/index.php')
CRITICAL - 2022-08-02 04:23:38 --> Call to undefined method CodeIgniter\Database\MySQLi\Connection::_compile_select()
in APPPATH/Models/TrackingBarangModel.php on line 22.
 1 APPPATH/Controllers/Api/Tracking.php(21): App\Models\TrackingBarangModel->getListTracking()
 2 SYSTEMPATH/CodeIgniter.php(896): App\Controllers\Api\Tracking->index()
 3 SYSTEMPATH/CodeIgniter.php(466): CodeIgniter\CodeIgniter->runController()
 4 SYSTEMPATH/CodeIgniter.php(349): CodeIgniter\CodeIgniter->handleRequest()
 5 FCPATH/index.php(55): CodeIgniter\CodeIgniter->run()
 6 SYSTEMPATH/Commands/Server/rewrite.php(43): require_once('FCPATH/index.php')
CRITICAL - 2022-08-02 04:23:42 --> Call to undefined method CodeIgniter\Database\MySQLi\Connection::compile_select()
in APPPATH/Models/TrackingBarangModel.php on line 22.
 1 APPPATH/Controllers/Api/Tracking.php(21): App\Models\TrackingBarangModel->getListTracking()
 2 SYSTEMPATH/CodeIgniter.php(896): App\Controllers\Api\Tracking->index()
 3 SYSTEMPATH/CodeIgniter.php(466): CodeIgniter\CodeIgniter->runController()
 4 SYSTEMPATH/CodeIgniter.php(349): CodeIgniter\CodeIgniter->handleRequest()
 5 FCPATH/index.php(55): CodeIgniter\CodeIgniter->run()
 6 SYSTEMPATH/Commands/Server/rewrite.php(43): require_once('FCPATH/index.php')
CRITICAL - 2022-08-02 04:26:12 --> Call to undefined method CodeIgniter\Database\MySQLi\Connection::_reset_select()
in APPPATH/Models/TrackingBarangModel.php on line 23.
 1 APPPATH/Controllers/Api/Tracking.php(21): App\Models\TrackingBarangModel->getListTracking()
 2 SYSTEMPATH/CodeIgniter.php(896): App\Controllers\Api\Tracking->index()
 3 SYSTEMPATH/CodeIgniter.php(466): CodeIgniter\CodeIgniter->runController()
 4 SYSTEMPATH/CodeIgniter.php(349): CodeIgniter\CodeIgniter->handleRequest()
 5 FCPATH/index.php(55): CodeIgniter\CodeIgniter->run()
 6 SYSTEMPATH/Commands/Server/rewrite.php(43): require_once('FCPATH/index.php')
CRITICAL - 2022-08-02 04:26:15 --> Undefined variable: subQuery
in APPPATH/Models/TrackingBarangModel.php on line 25.
 1 APPPATH/Models/TrackingBarangModel.php(25): CodeIgniter\Debug\Exceptions->errorHandler()
 2 APPPATH/Controllers/Api/Tracking.php(21): App\Models\TrackingBarangModel->getListTracking()
 3 SYSTEMPATH/CodeIgniter.php(896): App\Controllers\Api\Tracking->index()
 4 SYSTEMPATH/CodeIgniter.php(466): CodeIgniter\CodeIgniter->runController()
 5 SYSTEMPATH/CodeIgniter.php(349): CodeIgniter\CodeIgniter->handleRequest()
 6 FCPATH/index.php(55): CodeIgniter\CodeIgniter->run()
 7 SYSTEMPATH/Commands/Server/rewrite.php(43): require_once('FCPATH/index.php')
CRITICAL - 2022-08-02 04:26:24 --> Object of class CodeIgniter\Database\MySQLi\Builder could not be converted to string
in APPPATH/Models/TrackingBarangModel.php on line 25.
 1 APPPATH/Controllers/Api/Tracking.php(21): App\Models\TrackingBarangModel->getListTracking()
 2 SYSTEMPATH/CodeIgniter.php(896): App\Controllers\Api\Tracking->index()
 3 SYSTEMPATH/CodeIgniter.php(466): CodeIgniter\CodeIgniter->runController()
 4 SYSTEMPATH/CodeIgniter.php(349): CodeIgniter\CodeIgniter->handleRequest()
 5 FCPATH/index.php(55): CodeIgniter\CodeIgniter->run()
 6 SYSTEMPATH/Commands/Server/rewrite.php(43): require_once('FCPATH/index.php')
ERROR - 2022-08-02 04:27:19 --> You have an error in your SQL syntax; check the manual that corresponds to your MariaDB server version for the right syntax to use near '* FROM table_tracking GROUP BY rfid_tag) tracking ON `table_barang_rfid`.`rfi...' at line 3
CRITICAL - 2022-08-02 04:27:19 --> You have an error in your SQL syntax; check the manual that corresponds to your MariaDB server version for the right syntax to use near '* FROM table_tracking GROUP BY rfid_tag) tracking ON `table_barang_rfid`.`rfi...' at line 3
in SYSTEMPATH/Database/MySQLi/Connection.php on line 292.
 1 SYSTEMPATH/Database/MySQLi/Connection.php(292): mysqli->query()
 2 SYSTEMPATH/Database/BaseConnection.php(695): CodeIgniter\Database\MySQLi\Connection->execute()
 3 SYSTEMPATH/Database/BaseConnection.php(609): CodeIgniter\Database\BaseConnection->simpleQuery()
 4 SYSTEMPATH/Database/BaseBuilder.php(1585): CodeIgniter\Database\BaseConnection->query()
 5 APPPATH/Models/TrackingBarangModel.php(36): CodeIgniter\Database\BaseBuilder->get()
 6 APPPATH/Controllers/Api/Tracking.php(21): App\Models\TrackingBarangModel->getListTracking()
 7 SYSTEMPATH/CodeIgniter.php(896): App\Controllers\Api\Tracking->index()
 8 SYSTEMPATH/CodeIgniter.php(466): CodeIgniter\CodeIgniter->runController()
 9 SYSTEMPATH/CodeIgniter.php(349): CodeIgniter\CodeIgniter->handleRequest()
10 FCPATH/index.php(55): CodeIgniter\CodeIgniter->run()
11 SYSTEMPATH/Commands/Server/rewrite.php(43): require_once('FCPATH/index.php')
ERROR - 2022-08-02 04:27:40 --> Duplicate column name 'id'
CRITICAL - 2022-08-02 04:27:40 --> Duplicate column name 'id'
in SYSTEMPATH/Database/MySQLi/Connection.php on line 292.
 1 SYSTEMPATH/Database/MySQLi/Connection.php(292): mysqli->query()
 2 SYSTEMPATH/Database/BaseConnection.php(695): CodeIgniter\Database\MySQLi\Connection->execute()
 3 SYSTEMPATH/Database/BaseConnection.php(609): CodeIgniter\Database\BaseConnection->simpleQuery()
 4 SYSTEMPATH/Database/BaseBuilder.php(1585): CodeIgniter\Database\BaseConnection->query()
 5 APPPATH/Models/TrackingBarangModel.php(36): CodeIgniter\Database\BaseBuilder->get()
 6 APPPATH/Controllers/Api/Tracking.php(21): App\Models\TrackingBarangModel->getListTracking()
 7 SYSTEMPATH/CodeIgniter.php(896): App\Controllers\Api\Tracking->index()
 8 SYSTEMPATH/CodeIgniter.php(466): CodeIgniter\CodeIgniter->runController()
 9 SYSTEMPATH/CodeIgniter.php(349): CodeIgniter\CodeIgniter->handleRequest()
10 FCPATH/index.php(55): CodeIgniter\CodeIgniter->run()
11 SYSTEMPATH/Commands/Server/rewrite.php(43): require_once('FCPATH/index.php')
ERROR - 2022-08-02 04:27:55 --> Unknown table 'gudang.table_tracking'
CRITICAL - 2022-08-02 04:27:55 --> Unknown table 'gudang.table_tracking'
in SYSTEMPATH/Database/MySQLi/Connection.php on line 292.
 1 SYSTEMPATH/Database/MySQLi/Connection.php(292): mysqli->query()
 2 SYSTEMPATH/Database/BaseConnection.php(695): CodeIgniter\Database\MySQLi\Connection->execute()
 3 SYSTEMPATH/Database/BaseConnection.php(609): CodeIgniter\Database\BaseConnection->simpleQuery()
 4 SYSTEMPATH/Database/BaseBuilder.php(1585): CodeIgniter\Database\BaseConnection->query()
 5 APPPATH/Models/TrackingBarangModel.php(36): CodeIgniter\Database\BaseBuilder->get()
 6 APPPATH/Controllers/Api/Tracking.php(21): App\Models\TrackingBarangModel->getListTracking()
 7 SYSTEMPATH/CodeIgniter.php(896): App\Controllers\Api\Tracking->index()
 8 SYSTEMPATH/CodeIgniter.php(466): CodeIgniter\CodeIgniter->runController()
 9 SYSTEMPATH/CodeIgniter.php(349): CodeIgniter\CodeIgniter->handleRequest()
10 FCPATH/index.php(55): CodeIgniter\CodeIgniter->run()
11 SYSTEMPATH/Commands/Server/rewrite.php(43): require_once('FCPATH/index.php')
ERROR - 2022-08-02 04:29:03 --> Unknown table 'gudang.table_tracking'
CRITICAL - 2022-08-02 04:29:03 --> Unknown table 'gudang.table_tracking'
in SYSTEMPATH/Database/MySQLi/Connection.php on line 292.
 1 SYSTEMPATH/Database/MySQLi/Connection.php(292): mysqli->query()
 2 SYSTEMPATH/Database/BaseConnection.php(695): CodeIgniter\Database\MySQLi\Connection->execute()
 3 SYSTEMPATH/Database/BaseConnection.php(609): CodeIgniter\Database\BaseConnection->simpleQuery()
 4 SYSTEMPATH/Database/BaseBuilder.php(1585): CodeIgniter\Database\BaseConnection->query()
 5 APPPATH/Models/TrackingBarangModel.php(36): CodeIgniter\Database\BaseBuilder->get()
 6 APPPATH/Controllers/Api/Tracking.php(21): App\Models\TrackingBarangModel->getListTracking()
 7 SYSTEMPATH/CodeIgniter.php(896): App\Controllers\Api\Tracking->index()
 8 SYSTEMPATH/CodeIgniter.php(466): CodeIgniter\CodeIgniter->runController()
 9 SYSTEMPATH/CodeIgniter.php(349): CodeIgniter\CodeIgniter->handleRequest()
10 FCPATH/index.php(55): CodeIgniter\CodeIgniter->run()
11 SYSTEMPATH/Commands/Server/rewrite.php(43): require_once('FCPATH/index.php')
ERROR - 2022-08-02 04:29:23 --> Unknown table 'gudang.table_tracking'
CRITICAL - 2022-08-02 04:29:23 --> Unknown table 'gudang.table_tracking'
in SYSTEMPATH/Database/MySQLi/Connection.php on line 292.
 1 SYSTEMPATH/Database/MySQLi/Connection.php(292): mysqli->query()
 2 SYSTEMPATH/Database/BaseConnection.php(695): CodeIgniter\Database\MySQLi\Connection->execute()
 3 SYSTEMPATH/Database/BaseConnection.php(609): CodeIgniter\Database\BaseConnection->simpleQuery()
 4 SYSTEMPATH/Database/BaseBuilder.php(1585): CodeIgniter\Database\BaseConnection->query()
 5 APPPATH/Models/TrackingBarangModel.php(35): CodeIgniter\Database\BaseBuilder->get()
 6 APPPATH/Controllers/Api/Tracking.php(21): App\Models\TrackingBarangModel->getListTracking()
 7 SYSTEMPATH/CodeIgniter.php(896): App\Controllers\Api\Tracking->index()
 8 SYSTEMPATH/CodeIgniter.php(466): CodeIgniter\CodeIgniter->runController()
 9 SYSTEMPATH/CodeIgniter.php(349): CodeIgniter\CodeIgniter->handleRequest()
10 FCPATH/index.php(55): CodeIgniter\CodeIgniter->run()
11 SYSTEMPATH/Commands/Server/rewrite.php(43): require_once('FCPATH/index.php')
ERROR - 2022-08-02 04:29:40 --> Unknown table 'gudang.table_tracking'
CRITICAL - 2022-08-02 04:29:40 --> Unknown table 'gudang.table_tracking'
in SYSTEMPATH/Database/MySQLi/Connection.php on line 292.
 1 SYSTEMPATH/Database/MySQLi/Connection.php(292): mysqli->query()
 2 SYSTEMPATH/Database/BaseConnection.php(695): CodeIgniter\Database\MySQLi\Connection->execute()
 3 SYSTEMPATH/Database/BaseConnection.php(609): CodeIgniter\Database\BaseConnection->simpleQuery()
 4 SYSTEMPATH/Database/BaseBuilder.php(1585): CodeIgniter\Database\BaseConnection->query()
 5 APPPATH/Models/TrackingBarangModel.php(25): CodeIgniter\Database\BaseBuilder->get()
 6 APPPATH/Controllers/Api/Tracking.php(21): App\Models\TrackingBarangModel->getListTracking()
 7 SYSTEMPATH/CodeIgniter.php(896): App\Controllers\Api\Tracking->index()
 8 SYSTEMPATH/CodeIgniter.php(466): CodeIgniter\CodeIgniter->runController()
 9 SYSTEMPATH/CodeIgniter.php(349): CodeIgniter\CodeIgniter->handleRequest()
10 FCPATH/index.php(55): CodeIgniter\CodeIgniter->run()
11 SYSTEMPATH/Commands/Server/rewrite.php(43): require_once('FCPATH/index.php')
ERROR - 2022-08-02 04:32:39 --> You have an error in your SQL syntax; check the manual that corresponds to your MariaDB server version for the right syntax to use near 'GROUP BY rfid_tag) tracking ON `table_barang_rfid`.`rfid_tag` = `tracking`.`r...' at line 3
CRITICAL - 2022-08-02 04:32:39 --> You have an error in your SQL syntax; check the manual that corresponds to your MariaDB server version for the right syntax to use near 'GROUP BY rfid_tag) tracking ON `table_barang_rfid`.`rfid_tag` = `tracking`.`r...' at line 3
in SYSTEMPATH/Database/MySQLi/Connection.php on line 292.
 1 SYSTEMPATH/Database/MySQLi/Connection.php(292): mysqli->query()
 2 SYSTEMPATH/Database/BaseConnection.php(695): CodeIgniter\Database\MySQLi\Connection->execute()
 3 SYSTEMPATH/Database/BaseConnection.php(609): CodeIgniter\Database\BaseConnection->simpleQuery()
 4 SYSTEMPATH/Database/BaseBuilder.php(1585): CodeIgniter\Database\BaseConnection->query()
 5 APPPATH/Models/TrackingBarangModel.php(35): CodeIgniter\Database\BaseBuilder->get()
 6 APPPATH/Controllers/Api/Tracking.php(21): App\Models\TrackingBarangModel->getListTracking()
 7 SYSTEMPATH/CodeIgniter.php(896): App\Controllers\Api\Tracking->index()
 8 SYSTEMPATH/CodeIgniter.php(466): CodeIgniter\CodeIgniter->runController()
 9 SYSTEMPATH/CodeIgniter.php(349): CodeIgniter\CodeIgniter->handleRequest()
10 FCPATH/index.php(55): CodeIgniter\CodeIgniter->run()
11 SYSTEMPATH/Commands/Server/rewrite.php(43): require_once('FCPATH/index.php')
ERROR - 2022-08-02 20:19:41 --> Operand should contain 1 column(s)
CRITICAL - 2022-08-02 20:19:41 --> Operand should contain 1 column(s)
in SYSTEMPATH/Database/MySQLi/Connection.php on line 292.
 1 SYSTEMPATH/Database/MySQLi/Connection.php(292): mysqli->query()
 2 SYSTEMPATH/Database/BaseConnection.php(695): CodeIgniter\Database\MySQLi\Connection->execute()
 3 SYSTEMPATH/Database/BaseConnection.php(609): CodeIgniter\Database\BaseConnection->simpleQuery()
 4 SYSTEMPATH/Database/BaseBuilder.php(1904): CodeIgniter\Database\BaseConnection->query()
 5 SYSTEMPATH/Model.php(278): CodeIgniter\Database\BaseBuilder->insert()
 6 SYSTEMPATH/BaseModel.php(738): CodeIgniter\Model->doInsert()
 7 SYSTEMPATH/Model.php(666): CodeIgniter\BaseModel->insert()
 8 APPPATH/Models/TrackingBarangModel.php(103): CodeIgniter\Model->insert()
 9 APPPATH/Helpers/tracking_helper.php(7): App\Models\TrackingBarangModel->create_tracking()
10 APPPATH/Controllers/Api/BarangMasuk.php(97): create_tracking()
11 SYSTEMPATH/CodeIgniter.php(896): App\Controllers\Api\BarangMasuk->create()
12 SYSTEMPATH/CodeIgniter.php(466): CodeIgniter\CodeIgniter->runController()
13 SYSTEMPATH/CodeIgniter.php(349): CodeIgniter\CodeIgniter->handleRequest()
14 FCPATH/index.php(55): CodeIgniter\CodeIgniter->run()
15 SYSTEMPATH/Commands/Server/rewrite.php(43): require_once('FCPATH/index.php')
ERROR - 2022-08-02 20:20:13 --> Operand should contain 1 column(s)
CRITICAL - 2022-08-02 20:20:13 --> Operand should contain 1 column(s)
in SYSTEMPATH/Database/MySQLi/Connection.php on line 292.
 1 SYSTEMPATH/Database/MySQLi/Connection.php(292): mysqli->query()
 2 SYSTEMPATH/Database/BaseConnection.php(695): CodeIgniter\Database\MySQLi\Connection->execute()
 3 SYSTEMPATH/Database/BaseConnection.php(609): CodeIgniter\Database\BaseConnection->simpleQuery()
 4 SYSTEMPATH/Database/BaseBuilder.php(1904): CodeIgniter\Database\BaseConnection->query()
 5 SYSTEMPATH/Model.php(278): CodeIgniter\Database\BaseBuilder->insert()
 6 SYSTEMPATH/BaseModel.php(738): CodeIgniter\Model->doInsert()
 7 SYSTEMPATH/Model.php(666): CodeIgniter\BaseModel->insert()
 8 APPPATH/Models/TrackingBarangModel.php(103): CodeIgniter\Model->insert()
 9 APPPATH/Helpers/tracking_helper.php(7): App\Models\TrackingBarangModel->create_tracking()
10 APPPATH/Controllers/Api/BarangMasuk.php(97): create_tracking()
11 SYSTEMPATH/CodeIgniter.php(896): App\Controllers\Api\BarangMasuk->create()
12 SYSTEMPATH/CodeIgniter.php(466): CodeIgniter\CodeIgniter->runController()
13 SYSTEMPATH/CodeIgniter.php(349): CodeIgniter\CodeIgniter->handleRequest()
14 FCPATH/index.php(55): CodeIgniter\CodeIgniter->run()
15 SYSTEMPATH/Commands/Server/rewrite.php(43): require_once('FCPATH/index.php')
CRITICAL - 2022-08-02 22:39:19 --> There is no data to insert.
in SYSTEMPATH/BaseModel.php on line 718.
 1 SYSTEMPATH/BaseModel.php(718): CodeIgniter\Database\Exceptions\DataException::forEmptyDataset()
 2 SYSTEMPATH/Model.php(666): CodeIgniter\BaseModel->insert()
 3 APPPATH/Controllers/Api/Kategori.php(58): CodeIgniter\Model->insert()
 4 SYSTEMPATH/CodeIgniter.php(896): App\Controllers\Api\Kategori->create()
 5 SYSTEMPATH/CodeIgniter.php(466): CodeIgniter\CodeIgniter->runController()
 6 SYSTEMPATH/CodeIgniter.php(349): CodeIgniter\CodeIgniter->handleRequest()
 7 FCPATH/index.php(55): CodeIgniter\CodeIgniter->run()
 8 SYSTEMPATH/Commands/Server/rewrite.php(43): require_once('FCPATH/index.php')
CRITICAL - 2022-08-02 22:39:35 --> There is no data to insert.
in SYSTEMPATH/BaseModel.php on line 718.
 1 SYSTEMPATH/BaseModel.php(718): CodeIgniter\Database\Exceptions\DataException::forEmptyDataset()
 2 SYSTEMPATH/Model.php(666): CodeIgniter\BaseModel->insert()
 3 APPPATH/Controllers/Api/Kategori.php(58): CodeIgniter\Model->insert()
 4 SYSTEMPATH/CodeIgniter.php(896): App\Controllers\Api\Kategori->create()
 5 SYSTEMPATH/CodeIgniter.php(466): CodeIgniter\CodeIgniter->runController()
 6 SYSTEMPATH/CodeIgniter.php(349): CodeIgniter\CodeIgniter->handleRequest()
 7 FCPATH/index.php(55): CodeIgniter\CodeIgniter->run()
 8 SYSTEMPATH/Commands/Server/rewrite.php(43): require_once('FCPATH/index.php')
CRITICAL - 2022-08-02 22:39:59 --> There is no data to insert.
in SYSTEMPATH/BaseModel.php on line 718.
 1 SYSTEMPATH/BaseModel.php(718): CodeIgniter\Database\Exceptions\DataException::forEmptyDataset()
 2 SYSTEMPATH/Model.php(666): CodeIgniter\BaseModel->insert()
 3 APPPATH/Controllers/Api/Kategori.php(58): CodeIgniter\Model->insert()
 4 SYSTEMPATH/CodeIgniter.php(896): App\Controllers\Api\Kategori->create()
 5 SYSTEMPATH/CodeIgniter.php(466): CodeIgniter\CodeIgniter->runController()
 6 SYSTEMPATH/CodeIgniter.php(349): CodeIgniter\CodeIgniter->handleRequest()
 7 FCPATH/index.php(55): CodeIgniter\CodeIgniter->run()
 8 SYSTEMPATH/Commands/Server/rewrite.php(43): require_once('FCPATH/index.php')
CRITICAL - 2022-08-02 22:40:31 --> There is no data to insert.
in SYSTEMPATH/BaseModel.php on line 718.
 1 SYSTEMPATH/BaseModel.php(718): CodeIgniter\Database\Exceptions\DataException::forEmptyDataset()
 2 SYSTEMPATH/Model.php(666): CodeIgniter\BaseModel->insert()
 3 APPPATH/Controllers/Api/Kategori.php(58): CodeIgniter\Model->insert()
 4 SYSTEMPATH/CodeIgniter.php(896): App\Controllers\Api\Kategori->create()
 5 SYSTEMPATH/CodeIgniter.php(466): CodeIgniter\CodeIgniter->runController()
 6 SYSTEMPATH/CodeIgniter.php(349): CodeIgniter\CodeIgniter->handleRequest()
 7 FCPATH/index.php(55): CodeIgniter\CodeIgniter->run()
 8 SYSTEMPATH/Commands/Server/rewrite.php(43): require_once('FCPATH/index.php')
CRITICAL - 2022-08-02 22:40:58 --> There is no data to insert.
in SYSTEMPATH/BaseModel.php on line 718.
 1 SYSTEMPATH/BaseModel.php(718): CodeIgniter\Database\Exceptions\DataException::forEmptyDataset()
 2 SYSTEMPATH/Model.php(666): CodeIgniter\BaseModel->insert()
 3 APPPATH/Controllers/Api/Kategori.php(58): CodeIgniter\Model->insert()
 4 SYSTEMPATH/CodeIgniter.php(896): App\Controllers\Api\Kategori->create()
 5 SYSTEMPATH/CodeIgniter.php(466): CodeIgniter\CodeIgniter->runController()
 6 SYSTEMPATH/CodeIgniter.php(349): CodeIgniter\CodeIgniter->handleRequest()
 7 FCPATH/index.php(55): CodeIgniter\CodeIgniter->run()
 8 SYSTEMPATH/Commands/Server/rewrite.php(43): require_once('FCPATH/index.php')
CRITICAL - 2022-08-02 22:41:24 --> Trying to get property 'username' of non-object
in APPPATH/Controllers/Api/Auth.php on line 16.
 1 APPPATH/Controllers/Api/Auth.php(16): CodeIgniter\Debug\Exceptions->errorHandler()
 2 SYSTEMPATH/CodeIgniter.php(896): App\Controllers\Api\Auth->create()
 3 SYSTEMPATH/CodeIgniter.php(466): CodeIgniter\CodeIgniter->runController()
 4 SYSTEMPATH/CodeIgniter.php(349): CodeIgniter\CodeIgniter->handleRequest()
 5 FCPATH/index.php(55): CodeIgniter\CodeIgniter->run()
 6 SYSTEMPATH/Commands/Server/rewrite.php(43): require_once('FCPATH/index.php')
CRITICAL - 2022-08-02 22:43:46 --> Trying to get property 'password' of non-object
in APPPATH/Controllers/Api/Auth.php on line 18.
 1 APPPATH/Controllers/Api/Auth.php(18): CodeIgniter\Debug\Exceptions->errorHandler()
 2 SYSTEMPATH/CodeIgniter.php(896): App\Controllers\Api\Auth->create()
 3 SYSTEMPATH/CodeIgniter.php(466): CodeIgniter\CodeIgniter->runController()
 4 SYSTEMPATH/CodeIgniter.php(349): CodeIgniter\CodeIgniter->handleRequest()
 5 FCPATH/index.php(55): CodeIgniter\CodeIgniter->run()
 6 SYSTEMPATH/Commands/Server/rewrite.php(43): require_once('FCPATH/index.php')
CRITICAL - 2022-08-02 22:44:18 --> Undefined index: password
in APPPATH/Controllers/Api/Auth.php on line 18.
 1 APPPATH/Controllers/Api/Auth.php(18): CodeIgniter\Debug\Exceptions->errorHandler()
 2 SYSTEMPATH/CodeIgniter.php(896): App\Controllers\Api\Auth->create()
 3 SYSTEMPATH/CodeIgniter.php(466): CodeIgniter\CodeIgniter->runController()
 4 SYSTEMPATH/CodeIgniter.php(349): CodeIgniter\CodeIgniter->handleRequest()
 5 FCPATH/index.php(55): CodeIgniter\CodeIgniter->run()
 6 SYSTEMPATH/Commands/Server/rewrite.php(43): require_once('FCPATH/index.php')
CRITICAL - 2022-08-02 22:46:54 --> Cannot use object of type stdClass as array
in APPPATH/Controllers/Api/Auth.php on line 19.
 1 SYSTEMPATH/CodeIgniter.php(896): App\Controllers\Api\Auth->create()
 2 SYSTEMPATH/CodeIgniter.php(466): CodeIgniter\CodeIgniter->runController()
 3 SYSTEMPATH/CodeIgniter.php(349): CodeIgniter\CodeIgniter->handleRequest()
 4 FCPATH/index.php(55): CodeIgniter\CodeIgniter->run()
 5 SYSTEMPATH/Commands/Server/rewrite.php(43): require_once('FCPATH/index.php')
CRITICAL - 2022-08-02 22:50:28 --> Call to undefined method App\Controllers\Login::initController()
in SYSTEMPATH/CodeIgniter.php on line 859.
 1 SYSTEMPATH/CodeIgniter.php(457): CodeIgniter\CodeIgniter->createController()
 2 SYSTEMPATH/CodeIgniter.php(349): CodeIgniter\CodeIgniter->handleRequest()
 3 FCPATH/index.php(55): CodeIgniter\CodeIgniter->run()
 4 SYSTEMPATH/Commands/Server/rewrite.php(43): require_once('FCPATH/index.php')
CRITICAL - 2022-08-02 22:53:59 --> Declaration of App\Filters\AuthFilter::before(CodeIgniter\HTTP\RequestInterface $request) must be compatible with CodeIgniter\Filters\FilterInterface::before(CodeIgniter\HTTP\RequestInterface $request, $arguments = NULL)
in APPPATH/Filters/AuthFilter.php on line 9.
 1 [internal function]: CodeIgniter\Debug\Exceptions->shutdownHandler()
CRITICAL - 2022-08-02 22:54:05 --> Declaration of App\Filters\AuthFilter::before(CodeIgniter\HTTP\RequestInterface $request) must be compatible with CodeIgniter\Filters\FilterInterface::before(CodeIgniter\HTTP\RequestInterface $request, $arguments = NULL)
in APPPATH/Filters/AuthFilter.php on line 9.
 1 [internal function]: CodeIgniter\Debug\Exceptions->shutdownHandler()
CRITICAL - 2022-08-02 22:54:54 --> Declaration of App\Filters\AuthFilter::before(CodeIgniter\HTTP\RequestInterface $request) must be compatible with CodeIgniter\Filters\FilterInterface::before(CodeIgniter\HTTP\RequestInterface $request, $arguments = NULL)
in APPPATH/Filters/AuthFilter.php on line 9.
 1 [internal function]: CodeIgniter\Debug\Exceptions->shutdownHandler()
CRITICAL - 2022-08-02 22:55:13 --> Declaration of App\Filters\AuthFilter::before(CodeIgniter\HTTP\RequestInterface $request) must be compatible with CodeIgniter\Filters\FilterInterface::before(CodeIgniter\HTTP\RequestInterface $request, $arguments = NULL)
in APPPATH/Filters/AuthFilter.php on line 9.
 1 [internal function]: CodeIgniter\Debug\Exceptions->shutdownHandler()
CRITICAL - 2022-08-02 22:55:19 --> Declaration of App\Filters\AuthFilter::before(CodeIgniter\HTTP\RequestInterface $request) must be compatible with CodeIgniter\Filters\FilterInterface::before(CodeIgniter\HTTP\RequestInterface $request, $arguments = NULL)
in APPPATH/Filters/AuthFilter.php on line 9.
 1 [internal function]: CodeIgniter\Debug\Exceptions->shutdownHandler()
CRITICAL - 2022-08-02 23:03:27 --> Undefined variable: _SESSION
in APPPATH/Filters/AuthFilter.php on line 11.
 1 APPPATH/Filters/AuthFilter.php(11): CodeIgniter\Debug\Exceptions->errorHandler()
 2 SYSTEMPATH/Filters/Filters.php(173): App\Filters\AuthFilter->before()
 3 SYSTEMPATH/CodeIgniter.php(440): CodeIgniter\Filters\Filters->run()
 4 SYSTEMPATH/CodeIgniter.php(349): CodeIgniter\CodeIgniter->handleRequest()
 5 FCPATH/index.php(55): CodeIgniter\CodeIgniter->run()
 6 SYSTEMPATH/Commands/Server/rewrite.php(43): require_once('FCPATH/index.php')
CRITICAL - 2022-08-02 23:05:20 --> Undefined property: App\Controllers\Login::$model
in APPPATH/Controllers/Login.php on line 14.
 1 APPPATH/Controllers/Login.php(14): CodeIgniter\Debug\Exceptions->errorHandler()
 2 SYSTEMPATH/CodeIgniter.php(896): App\Controllers\Login->cek()
 3 SYSTEMPATH/CodeIgniter.php(466): CodeIgniter\CodeIgniter->runController()
 4 SYSTEMPATH/CodeIgniter.php(349): CodeIgniter\CodeIgniter->handleRequest()
 5 FCPATH/index.php(55): CodeIgniter\CodeIgniter->run()
 6 SYSTEMPATH/Commands/Server/rewrite.php(43): require_once('FCPATH/index.php')
