CRITICAL - 2022-08-03 20:44:24 --> Call to a member function all() on null
in APPPATH/Controllers/Api/User.php on line 17.
 1 SYSTEMPATH/CodeIgniter.php(896): App\Controllers\Api\User->index()
 2 SYSTEMPATH/CodeIgniter.php(466): CodeIgniter\CodeIgniter->runController()
 3 SYSTEMPATH/CodeIgniter.php(349): CodeIgniter\CodeIgniter->handleRequest()
 4 FCPATH/index.php(55): CodeIgniter\CodeIgniter->run()
 5 SYSTEMPATH/Commands/Server/rewrite.php(43): require_once('FCPATH/index.php')
CRITICAL - 2022-08-03 20:44:28 --> Call to a member function get() on null
in APPPATH/Controllers/Api/User.php on line 17.
 1 SYSTEMPATH/CodeIgniter.php(896): App\Controllers\Api\User->index()
 2 SYSTEMPATH/CodeIgniter.php(466): CodeIgniter\CodeIgniter->runController()
 3 SYSTEMPATH/CodeIgniter.php(349): CodeIgniter\CodeIgniter->handleRequest()
 4 FCPATH/index.php(55): CodeIgniter\CodeIgniter->run()
 5 SYSTEMPATH/Commands/Server/rewrite.php(43): require_once('FCPATH/index.php')
CRITICAL - 2022-08-03 20:44:32 --> Call to a member function getAll() on null
in APPPATH/Controllers/Api/User.php on line 17.
 1 SYSTEMPATH/CodeIgniter.php(896): App\Controllers\Api\User->index()
 2 SYSTEMPATH/CodeIgniter.php(466): CodeIgniter\CodeIgniter->runController()
 3 SYSTEMPATH/CodeIgniter.php(349): CodeIgniter\CodeIgniter->handleRequest()
 4 FCPATH/index.php(55): CodeIgniter\CodeIgniter->run()
 5 SYSTEMPATH/Commands/Server/rewrite.php(43): require_once('FCPATH/index.php')
CRITICAL - 2022-08-03 20:46:40 --> Call to a member function findAll() on null
in APPPATH/Controllers/Api/User.php on line 17.
 1 SYSTEMPATH/CodeIgniter.php(896): App\Controllers\Api\User->index()
 2 SYSTEMPATH/CodeIgniter.php(466): CodeIgniter\CodeIgniter->runController()
 3 SYSTEMPATH/CodeIgniter.php(349): CodeIgniter\CodeIgniter->handleRequest()
 4 FCPATH/index.php(55): CodeIgniter\CodeIgniter->run()
 5 SYSTEMPATH/Commands/Server/rewrite.php(43): require_once('FCPATH/index.php')
CRITICAL - 2022-08-03 20:47:05 --> Call to a member function first() on null
in APPPATH/Controllers/Api/User.php on line 17.
 1 SYSTEMPATH/CodeIgniter.php(896): App\Controllers\Api\User->index()
 2 SYSTEMPATH/CodeIgniter.php(466): CodeIgniter\CodeIgniter->runController()
 3 SYSTEMPATH/CodeIgniter.php(349): CodeIgniter\CodeIgniter->handleRequest()
 4 FCPATH/index.php(55): CodeIgniter\CodeIgniter->run()
 5 SYSTEMPATH/Commands/Server/rewrite.php(43): require_once('FCPATH/index.php')
CRITICAL - 2022-08-03 20:47:17 --> Undefined variable: model
in APPPATH/Controllers/Api/User.php on line 17.
 1 APPPATH/Controllers/Api/User.php(17): CodeIgniter\Debug\Exceptions->errorHandler()
 2 SYSTEMPATH/CodeIgniter.php(896): App\Controllers\Api\User->index()
 3 SYSTEMPATH/CodeIgniter.php(466): CodeIgniter\CodeIgniter->runController()
 4 SYSTEMPATH/CodeIgniter.php(349): CodeIgniter\CodeIgniter->handleRequest()
 5 FCPATH/index.php(55): CodeIgniter\CodeIgniter->run()
 6 SYSTEMPATH/Commands/Server/rewrite.php(43): require_once('FCPATH/index.php')
CRITICAL - 2022-08-03 20:48:02 --> Call to a member function findAll() on null
in APPPATH/Controllers/Api/User.php on line 17.
 1 SYSTEMPATH/CodeIgniter.php(896): App\Controllers\Api\User->index()
 2 SYSTEMPATH/CodeIgniter.php(466): CodeIgniter\CodeIgniter->runController()
 3 SYSTEMPATH/CodeIgniter.php(349): CodeIgniter\CodeIgniter->handleRequest()
 4 FCPATH/index.php(55): CodeIgniter\CodeIgniter->run()
 5 SYSTEMPATH/Commands/Server/rewrite.php(43): require_once('FCPATH/index.php')
CRITICAL - 2022-08-03 20:48:22 --> Call to a member function where() on null
in APPPATH/Controllers/Api/User.php on line 17.
 1 SYSTEMPATH/CodeIgniter.php(896): App\Controllers\Api\User->index()
 2 SYSTEMPATH/CodeIgniter.php(466): CodeIgniter\CodeIgniter->runController()
 3 SYSTEMPATH/CodeIgniter.php(349): CodeIgniter\CodeIgniter->handleRequest()
 4 FCPATH/index.php(55): CodeIgniter\CodeIgniter->run()
 5 SYSTEMPATH/Commands/Server/rewrite.php(43): require_once('FCPATH/index.php')
CRITICAL - 2022-08-03 20:48:41 --> Call to a member function where() on null
in APPPATH/Controllers/Api/User.php on line 18.
 1 SYSTEMPATH/CodeIgniter.php(896): App\Controllers\Api\User->index()
 2 SYSTEMPATH/CodeIgniter.php(466): CodeIgniter\CodeIgniter->runController()
 3 SYSTEMPATH/CodeIgniter.php(349): CodeIgniter\CodeIgniter->handleRequest()
 4 FCPATH/index.php(55): CodeIgniter\CodeIgniter->run()
 5 SYSTEMPATH/Commands/Server/rewrite.php(43): require_once('FCPATH/index.php')
CRITICAL - 2022-08-03 20:50:11 --> syntax error, unexpected '}', expecting ';'
in APPPATH/Controllers/Api/User.php on line 29.
 1 SYSTEMPATH/Autoloader/Autoloader.php(261): CodeIgniter\Autoloader\Autoloader->includeFile()
 2 SYSTEMPATH/Autoloader/Autoloader.php(239): CodeIgniter\Autoloader\Autoloader->loadInNamespace()
 3 [internal function]: CodeIgniter\Autoloader\Autoloader->loadClass()
 4 [internal function]: spl_autoload_call()
 5 SYSTEMPATH/CodeIgniter.php(846): class_exists()
 6 SYSTEMPATH/CodeIgniter.php(453): CodeIgniter\CodeIgniter->startController()
 7 SYSTEMPATH/CodeIgniter.php(349): CodeIgniter\CodeIgniter->handleRequest()
 8 FCPATH/index.php(55): CodeIgniter\CodeIgniter->run()
 9 SYSTEMPATH/Commands/Server/rewrite.php(43): require_once('FCPATH/index.php')
CRITICAL - 2022-08-03 22:02:34 --> Undefined variable: module
in APPPATH/Views/widget/content_sidebar.php on line 22.
 1 APPPATH/Views/widget/content_sidebar.php(22): CodeIgniter\Debug\Exceptions->errorHandler()
 2 SYSTEMPATH/View/View.php(213): include('APPPATH/Views/widget/content_sidebar.php')
 3 SYSTEMPATH/View/View.php(216): CodeIgniter\View\View->CodeIgniter\View\{closure}()
 4 SYSTEMPATH/Common.php(1135): CodeIgniter\View\View->render()
 5 APPPATH/Libraries/Widget.php(10): view()
 6 SYSTEMPATH/View/Cell.php(105): App\Libraries\Widget->contentSidebar()
 7 SYSTEMPATH/Common.php(1151): CodeIgniter\View\Cell->render()
 8 APPPATH/Views/layout/template/sidebar.php(37): view_cell()
 9 SYSTEMPATH/View/View.php(213): include('APPPATH/Views/layout/template/sidebar.php')
10 SYSTEMPATH/View/View.php(216): CodeIgniter\View\View->CodeIgniter\View\{closure}()
11 SYSTEMPATH/View/View.php(429): CodeIgniter\View\View->render()
12 APPPATH/Views/layout/page_layout.php(45): CodeIgniter\View\View->include()
13 SYSTEMPATH/View/View.php(213): include('APPPATH/Views/layout/page_layout.php')
14 SYSTEMPATH/View/View.php(216): CodeIgniter\View\View->CodeIgniter\View\{closure}()
15 SYSTEMPATH/View/View.php(229): CodeIgniter\View\View->render()
16 SYSTEMPATH/Common.php(1135): CodeIgniter\View\View->render()
17 APPPATH/Controllers/Dashboard.php(9): view()
18 SYSTEMPATH/CodeIgniter.php(896): App\Controllers\Dashboard->index()
19 SYSTEMPATH/CodeIgniter.php(466): CodeIgniter\CodeIgniter->runController()
20 SYSTEMPATH/CodeIgniter.php(349): CodeIgniter\CodeIgniter->handleRequest()
21 FCPATH/index.php(55): CodeIgniter\CodeIgniter->run()
22 SYSTEMPATH/Commands/Server/rewrite.php(43): require_once('FCPATH/index.php')
CRITICAL - 2022-08-03 22:02:47 --> Undefined variable: module
in APPPATH/Views/widget/content_sidebar.php on line 22.
 1 APPPATH/Views/widget/content_sidebar.php(22): CodeIgniter\Debug\Exceptions->errorHandler()
 2 SYSTEMPATH/View/View.php(213): include('APPPATH/Views/widget/content_sidebar.php')
 3 SYSTEMPATH/View/View.php(216): CodeIgniter\View\View->CodeIgniter\View\{closure}()
 4 SYSTEMPATH/Common.php(1135): CodeIgniter\View\View->render()
 5 APPPATH/Libraries/Widget.php(10): view()
 6 SYSTEMPATH/View/Cell.php(105): App\Libraries\Widget->contentSidebar()
 7 SYSTEMPATH/Common.php(1151): CodeIgniter\View\Cell->render()
 8 APPPATH/Views/layout/template/sidebar.php(37): view_cell()
 9 SYSTEMPATH/View/View.php(213): include('APPPATH/Views/layout/template/sidebar.php')
10 SYSTEMPATH/View/View.php(216): CodeIgniter\View\View->CodeIgniter\View\{closure}()
11 SYSTEMPATH/View/View.php(429): CodeIgniter\View\View->render()
12 APPPATH/Views/layout/page_layout.php(45): CodeIgniter\View\View->include()
13 SYSTEMPATH/View/View.php(213): include('APPPATH/Views/layout/page_layout.php')
14 SYSTEMPATH/View/View.php(216): CodeIgniter\View\View->CodeIgniter\View\{closure}()
15 SYSTEMPATH/View/View.php(229): CodeIgniter\View\View->render()
16 SYSTEMPATH/Common.php(1135): CodeIgniter\View\View->render()
17 APPPATH/Controllers/Dashboard.php(9): view()
18 SYSTEMPATH/CodeIgniter.php(896): App\Controllers\Dashboard->index()
19 SYSTEMPATH/CodeIgniter.php(466): CodeIgniter\CodeIgniter->runController()
20 SYSTEMPATH/CodeIgniter.php(349): CodeIgniter\CodeIgniter->handleRequest()
21 FCPATH/index.php(55): CodeIgniter\CodeIgniter->run()
22 SYSTEMPATH/Commands/Server/rewrite.php(43): require_once('FCPATH/index.php')
CRITICAL - 2022-08-03 22:21:34 --> Call to undefined method App\Controllers\Api\Dashboard::respond()
in APPPATH/Controllers/Api/Dashboard.php on line 11.
 1 SYSTEMPATH/CodeIgniter.php(896): App\Controllers\Api\Dashboard->index()
 2 SYSTEMPATH/CodeIgniter.php(466): CodeIgniter\CodeIgniter->runController()
 3 SYSTEMPATH/CodeIgniter.php(349): CodeIgniter\CodeIgniter->handleRequest()
 4 FCPATH/index.php(55): CodeIgniter\CodeIgniter->run()
 5 SYSTEMPATH/Commands/Server/rewrite.php(43): require_once('FCPATH/index.php')
CRITICAL - 2022-08-03 22:21:46 --> Class 'App\Controllers\ResourceController' not found
in APPPATH/Controllers/Api/Dashboard.php on line 7.
 1 SYSTEMPATH/Autoloader/Autoloader.php(284): include_once()
 2 SYSTEMPATH/Autoloader/Autoloader.php(261): CodeIgniter\Autoloader\Autoloader->includeFile()
 3 SYSTEMPATH/Autoloader/Autoloader.php(239): CodeIgniter\Autoloader\Autoloader->loadInNamespace()
 4 [internal function]: CodeIgniter\Autoloader\Autoloader->loadClass()
 5 [internal function]: spl_autoload_call()
 6 SYSTEMPATH/CodeIgniter.php(846): class_exists()
 7 SYSTEMPATH/CodeIgniter.php(453): CodeIgniter\CodeIgniter->startController()
 8 SYSTEMPATH/CodeIgniter.php(349): CodeIgniter\CodeIgniter->handleRequest()
 9 FCPATH/index.php(55): CodeIgniter\CodeIgniter->run()
10 SYSTEMPATH/Commands/Server/rewrite.php(43): require_once('FCPATH/index.php')
CRITICAL - 2022-08-03 22:22:25 --> Class 'App\Controllers\ResourceController' not found
in APPPATH/Controllers/Api/Dashboard.php on line 7.
 1 SYSTEMPATH/Autoloader/Autoloader.php(284): include_once()
 2 SYSTEMPATH/Autoloader/Autoloader.php(261): CodeIgniter\Autoloader\Autoloader->includeFile()
 3 SYSTEMPATH/Autoloader/Autoloader.php(239): CodeIgniter\Autoloader\Autoloader->loadInNamespace()
 4 [internal function]: CodeIgniter\Autoloader\Autoloader->loadClass()
 5 [internal function]: spl_autoload_call()
 6 SYSTEMPATH/CodeIgniter.php(846): class_exists()
 7 SYSTEMPATH/CodeIgniter.php(453): CodeIgniter\CodeIgniter->startController()
 8 SYSTEMPATH/CodeIgniter.php(349): CodeIgniter\CodeIgniter->handleRequest()
 9 FCPATH/index.php(55): CodeIgniter\CodeIgniter->run()
10 SYSTEMPATH/Commands/Server/rewrite.php(43): require_once('FCPATH/index.php')
CRITICAL - 2022-08-03 22:43:55 --> Call to undefined method CodeIgniter\Database\MySQLi\Connection::where()
in APPPATH/Controllers/Api/Dashboard.php on line 30.
 1 APPPATH/Controllers/Api/Dashboard.php(22): App\Controllers\Api\Dashboard->box()
 2 SYSTEMPATH/CodeIgniter.php(896): App\Controllers\Api\Dashboard->index()
 3 SYSTEMPATH/CodeIgniter.php(466): CodeIgniter\CodeIgniter->runController()
 4 SYSTEMPATH/CodeIgniter.php(349): CodeIgniter\CodeIgniter->handleRequest()
 5 FCPATH/index.php(55): CodeIgniter\CodeIgniter->run()
 6 SYSTEMPATH/Commands/Server/rewrite.php(43): require_once('FCPATH/index.php')
ERROR - 2022-08-03 22:44:05 --> Unknown column 'barang_keluar_detai' in 'where clause'
CRITICAL - 2022-08-03 22:44:05 --> Unknown column 'barang_keluar_detai' in 'where clause'
in SYSTEMPATH/Database/MySQLi/Connection.php on line 292.
 1 SYSTEMPATH/Database/MySQLi/Connection.php(292): mysqli->query()
 2 SYSTEMPATH/Database/BaseConnection.php(695): CodeIgniter\Database\MySQLi\Connection->execute()
 3 SYSTEMPATH/Database/BaseConnection.php(609): CodeIgniter\Database\BaseConnection->simpleQuery()
 4 SYSTEMPATH/Database/BaseBuilder.php(1669): CodeIgniter\Database\BaseConnection->query()
 5 APPPATH/Controllers/Api/Dashboard.php(31): CodeIgniter\Database\BaseBuilder->countAllResults()
 6 APPPATH/Controllers/Api/Dashboard.php(22): App\Controllers\Api\Dashboard->box()
 7 SYSTEMPATH/CodeIgniter.php(896): App\Controllers\Api\Dashboard->index()
 8 SYSTEMPATH/CodeIgniter.php(466): CodeIgniter\CodeIgniter->runController()
 9 SYSTEMPATH/CodeIgniter.php(349): CodeIgniter\CodeIgniter->handleRequest()
10 FCPATH/index.php(55): CodeIgniter\CodeIgniter->run()
11 SYSTEMPATH/Commands/Server/rewrite.php(43): require_once('FCPATH/index.php')
CRITICAL - 2022-08-03 22:44:12 --> Call to undefined method CodeIgniter\Database\MySQLi\Builder::close()
in APPPATH/Controllers/Api/Dashboard.php on line 34.
 1 APPPATH/Controllers/Api/Dashboard.php(22): App\Controllers\Api\Dashboard->box()
 2 SYSTEMPATH/CodeIgniter.php(896): App\Controllers\Api\Dashboard->index()
 3 SYSTEMPATH/CodeIgniter.php(466): CodeIgniter\CodeIgniter->runController()
 4 SYSTEMPATH/CodeIgniter.php(349): CodeIgniter\CodeIgniter->handleRequest()
 5 FCPATH/index.php(55): CodeIgniter\CodeIgniter->run()
 6 SYSTEMPATH/Commands/Server/rewrite.php(43): require_once('FCPATH/index.php')
CRITICAL - 2022-08-03 22:45:56 --> Call to undefined method CodeIgniter\Database\MySQLi\Result::countAllResults()
in APPPATH/Controllers/Api/Dashboard.php on line 30.
 1 APPPATH/Controllers/Api/Dashboard.php(22): App\Controllers\Api\Dashboard->box()
 2 SYSTEMPATH/CodeIgniter.php(896): App\Controllers\Api\Dashboard->index()
 3 SYSTEMPATH/CodeIgniter.php(466): CodeIgniter\CodeIgniter->runController()
 4 SYSTEMPATH/CodeIgniter.php(349): CodeIgniter\CodeIgniter->handleRequest()
 5 FCPATH/index.php(55): CodeIgniter\CodeIgniter->run()
 6 SYSTEMPATH/Commands/Server/rewrite.php(43): require_once('FCPATH/index.php')
CRITICAL - 2022-08-03 22:47:19 --> Call to undefined method CodeIgniter\Database\MySQLi\Builder::countAllResult()
in APPPATH/Controllers/Api/Dashboard.php on line 30.
 1 APPPATH/Controllers/Api/Dashboard.php(22): App\Controllers\Api\Dashboard->box()
 2 SYSTEMPATH/CodeIgniter.php(896): App\Controllers\Api\Dashboard->index()
 3 SYSTEMPATH/CodeIgniter.php(466): CodeIgniter\CodeIgniter->runController()
 4 SYSTEMPATH/CodeIgniter.php(349): CodeIgniter\CodeIgniter->handleRequest()
 5 FCPATH/index.php(55): CodeIgniter\CodeIgniter->run()
 6 SYSTEMPATH/Commands/Server/rewrite.php(43): require_once('FCPATH/index.php')
ERROR - 2022-08-03 22:56:30 --> Unknown column 'stok' in 'where clause'
CRITICAL - 2022-08-03 22:56:30 --> Unknown column 'stok' in 'where clause'
in SYSTEMPATH/Database/MySQLi/Connection.php on line 292.
 1 SYSTEMPATH/Database/MySQLi/Connection.php(292): mysqli->query()
 2 SYSTEMPATH/Database/BaseConnection.php(695): CodeIgniter\Database\MySQLi\Connection->execute()
 3 SYSTEMPATH/Database/BaseConnection.php(609): CodeIgniter\Database\BaseConnection->simpleQuery()
 4 SYSTEMPATH/Database/BaseBuilder.php(1669): CodeIgniter\Database\BaseConnection->query()
 5 APPPATH/Models/ArusStokModel.php(68): CodeIgniter\Database\BaseBuilder->countAllResults()
 6 APPPATH/Controllers/Api/Dashboard.php(34): App\Models\ArusStokModel->getOutOfStok()
 7 APPPATH/Controllers/Api/Dashboard.php(22): App\Controllers\Api\Dashboard->box()
 8 SYSTEMPATH/CodeIgniter.php(896): App\Controllers\Api\Dashboard->index()
 9 SYSTEMPATH/CodeIgniter.php(466): CodeIgniter\CodeIgniter->runController()
10 SYSTEMPATH/CodeIgniter.php(349): CodeIgniter\CodeIgniter->handleRequest()
11 FCPATH/index.php(55): CodeIgniter\CodeIgniter->run()
12 SYSTEMPATH/Commands/Server/rewrite.php(43): require_once('FCPATH/index.php')
ERROR - 2022-08-03 22:57:00 --> Unknown column 'stok.stok' in 'where clause'
CRITICAL - 2022-08-03 22:57:00 --> Unknown column 'stok.stok' in 'where clause'
in SYSTEMPATH/Database/MySQLi/Connection.php on line 292.
 1 SYSTEMPATH/Database/MySQLi/Connection.php(292): mysqli->query()
 2 SYSTEMPATH/Database/BaseConnection.php(695): CodeIgniter\Database\MySQLi\Connection->execute()
 3 SYSTEMPATH/Database/BaseConnection.php(609): CodeIgniter\Database\BaseConnection->simpleQuery()
 4 SYSTEMPATH/Database/BaseBuilder.php(1585): CodeIgniter\Database\BaseConnection->query()
 5 APPPATH/Models/ArusStokModel.php(68): CodeIgniter\Database\BaseBuilder->get()
 6 APPPATH/Controllers/Api/Dashboard.php(34): App\Models\ArusStokModel->getOutOfStok()
 7 APPPATH/Controllers/Api/Dashboard.php(22): App\Controllers\Api\Dashboard->box()
 8 SYSTEMPATH/CodeIgniter.php(896): App\Controllers\Api\Dashboard->index()
 9 SYSTEMPATH/CodeIgniter.php(466): CodeIgniter\CodeIgniter->runController()
10 SYSTEMPATH/CodeIgniter.php(349): CodeIgniter\CodeIgniter->handleRequest()
11 FCPATH/index.php(55): CodeIgniter\CodeIgniter->run()
12 SYSTEMPATH/Commands/Server/rewrite.php(43): require_once('FCPATH/index.php')
CRITICAL - 2022-08-03 23:35:32 --> Class 'App\Controllers\Api\RawSql' not found
in APPPATH/Controllers/Api/Dashboard.php on line 68.
 1 APPPATH/Controllers/Api/Dashboard.php(23): App\Controllers\Api\Dashboard->transaction()
 2 SYSTEMPATH/CodeIgniter.php(896): App\Controllers\Api\Dashboard->index()
 3 SYSTEMPATH/CodeIgniter.php(466): CodeIgniter\CodeIgniter->runController()
 4 SYSTEMPATH/CodeIgniter.php(349): CodeIgniter\CodeIgniter->handleRequest()
 5 FCPATH/index.php(55): CodeIgniter\CodeIgniter->run()
 6 SYSTEMPATH/Commands/Server/rewrite.php(43): require_once('FCPATH/index.php')
CRITICAL - 2022-08-03 23:35:48 --> Call to undefined method CodeIgniter\Database\RawSql::get()
in APPPATH/Controllers/Api/Dashboard.php on line 88.
 1 APPPATH/Controllers/Api/Dashboard.php(23): App\Controllers\Api\Dashboard->transaction()
 2 SYSTEMPATH/CodeIgniter.php(896): App\Controllers\Api\Dashboard->index()
 3 SYSTEMPATH/CodeIgniter.php(466): CodeIgniter\CodeIgniter->runController()
 4 SYSTEMPATH/CodeIgniter.php(349): CodeIgniter\CodeIgniter->handleRequest()
 5 FCPATH/index.php(55): CodeIgniter\CodeIgniter->run()
 6 SYSTEMPATH/Commands/Server/rewrite.php(43): require_once('FCPATH/index.php')
CRITICAL - 2022-08-03 23:36:49 --> Call to undefined method CodeIgniter\Database\MySQLi\Result::get()
in APPPATH/Controllers/Api/Dashboard.php on line 91.
 1 APPPATH/Controllers/Api/Dashboard.php(23): App\Controllers\Api\Dashboard->transaction()
 2 SYSTEMPATH/CodeIgniter.php(896): App\Controllers\Api\Dashboard->index()
 3 SYSTEMPATH/CodeIgniter.php(466): CodeIgniter\CodeIgniter->runController()
 4 SYSTEMPATH/CodeIgniter.php(349): CodeIgniter\CodeIgniter->handleRequest()
 5 FCPATH/index.php(55): CodeIgniter\CodeIgniter->run()
 6 SYSTEMPATH/Commands/Server/rewrite.php(43): require_once('FCPATH/index.php')
CRITICAL - 2022-08-03 23:37:07 --> Call to undefined method CodeIgniter\Database\MySQLi\Result::get()
in APPPATH/Controllers/Api/Dashboard.php on line 91.
 1 APPPATH/Controllers/Api/Dashboard.php(23): App\Controllers\Api\Dashboard->transaction()
 2 SYSTEMPATH/CodeIgniter.php(896): App\Controllers\Api\Dashboard->index()
 3 SYSTEMPATH/CodeIgniter.php(466): CodeIgniter\CodeIgniter->runController()
 4 SYSTEMPATH/CodeIgniter.php(349): CodeIgniter\CodeIgniter->handleRequest()
 5 FCPATH/index.php(55): CodeIgniter\CodeIgniter->run()
 6 SYSTEMPATH/Commands/Server/rewrite.php(43): require_once('FCPATH/index.php')
