CRITICAL - 2022-07-10 09:26:39 --> Undefined variable: id
in APPPATH/Views/layout/barang/form.php on line 27.
 1 APPPATH/Views/layout/barang/form.php(27): CodeIgniter\Debug\Exceptions->errorHandler()
 2 SYSTEMPATH/View/View.php(213): include('APPPATH/Views/layout/barang/form.php')
 3 SYSTEMPATH/View/View.php(216): CodeIgniter\View\View->CodeIgniter\View\{closure}()
 4 SYSTEMPATH/Common.php(1135): CodeIgniter\View\View->render()
 5 APPPATH/Controllers/Barang.php(16): view()
 6 SYSTEMPATH/CodeIgniter.php(896): App\Controllers\Barang->add()
 7 SYSTEMPATH/CodeIgniter.php(466): CodeIgniter\CodeIgniter->runController()
 8 SYSTEMPATH/CodeIgniter.php(349): CodeIgniter\CodeIgniter->handleRequest()
 9 FCPATH/index.php(55): CodeIgniter\CodeIgniter->run()
10 SYSTEMPATH/Commands/Server/rewrite.php(43): require_once('FCPATH/index.php')
CRITICAL - 2022-07-10 09:27:21 --> Undefined variable: id
in APPPATH/Views/layout/barang/form.php on line 27.
 1 APPPATH/Views/layout/barang/form.php(27): CodeIgniter\Debug\Exceptions->errorHandler()
 2 SYSTEMPATH/View/View.php(213): include('APPPATH/Views/layout/barang/form.php')
 3 SYSTEMPATH/View/View.php(216): CodeIgniter\View\View->CodeIgniter\View\{closure}()
 4 SYSTEMPATH/Common.php(1135): CodeIgniter\View\View->render()
 5 APPPATH/Controllers/Barang.php(16): view()
 6 SYSTEMPATH/CodeIgniter.php(896): App\Controllers\Barang->add()
 7 SYSTEMPATH/CodeIgniter.php(466): CodeIgniter\CodeIgniter->runController()
 8 SYSTEMPATH/CodeIgniter.php(349): CodeIgniter\CodeIgniter->handleRequest()
 9 FCPATH/index.php(55): CodeIgniter\CodeIgniter->run()
10 SYSTEMPATH/Commands/Server/rewrite.php(43): require_once('FCPATH/index.php')
CRITICAL - 2022-07-10 09:49:09 --> Undefined variable: id
in APPPATH/Views/layout/barang/form.php on line 27.
 1 APPPATH/Views/layout/barang/form.php(27): CodeIgniter\Debug\Exceptions->errorHandler()
 2 SYSTEMPATH/View/View.php(213): include('APPPATH/Views/layout/barang/form.php')
 3 SYSTEMPATH/View/View.php(216): CodeIgniter\View\View->CodeIgniter\View\{closure}()
 4 SYSTEMPATH/Common.php(1135): CodeIgniter\View\View->render()
 5 APPPATH/Controllers/Barang.php(16): view()
 6 SYSTEMPATH/CodeIgniter.php(896): App\Controllers\Barang->add()
 7 SYSTEMPATH/CodeIgniter.php(466): CodeIgniter\CodeIgniter->runController()
 8 SYSTEMPATH/CodeIgniter.php(349): CodeIgniter\CodeIgniter->handleRequest()
 9 FCPATH/index.php(55): CodeIgniter\CodeIgniter->run()
10 SYSTEMPATH/Commands/Server/rewrite.php(43): require_once('FCPATH/index.php')
CRITICAL - 2022-07-10 09:57:17 --> Allowed fields must be specified for model: App\Models\BarangModel
in SYSTEMPATH/BaseModel.php on line 1138.
 1 SYSTEMPATH/BaseModel.php(1138): CodeIgniter\Database\Exceptions\DataException::forInvalidAllowedFields()
 2 SYSTEMPATH/BaseModel.php(713): CodeIgniter\BaseModel->doProtectFields()
 3 SYSTEMPATH/Model.php(666): CodeIgniter\BaseModel->insert()
 4 APPPATH/Controllers/Api/Barang.php(52): CodeIgniter\Model->insert()
 5 SYSTEMPATH/CodeIgniter.php(896): App\Controllers\Api\Barang->create()
 6 SYSTEMPATH/CodeIgniter.php(466): CodeIgniter\CodeIgniter->runController()
 7 SYSTEMPATH/CodeIgniter.php(349): CodeIgniter\CodeIgniter->handleRequest()
 8 FCPATH/index.php(55): CodeIgniter\CodeIgniter->run()
 9 SYSTEMPATH/Commands/Server/rewrite.php(43): require_once('FCPATH/index.php')
CRITICAL - 2022-07-10 09:57:23 --> Allowed fields must be specified for model: App\Models\BarangModel
in SYSTEMPATH/BaseModel.php on line 1138.
 1 SYSTEMPATH/BaseModel.php(1138): CodeIgniter\Database\Exceptions\DataException::forInvalidAllowedFields()
 2 SYSTEMPATH/BaseModel.php(713): CodeIgniter\BaseModel->doProtectFields()
 3 SYSTEMPATH/Model.php(666): CodeIgniter\BaseModel->insert()
 4 APPPATH/Controllers/Api/Barang.php(52): CodeIgniter\Model->insert()
 5 SYSTEMPATH/CodeIgniter.php(896): App\Controllers\Api\Barang->create()
 6 SYSTEMPATH/CodeIgniter.php(466): CodeIgniter\CodeIgniter->runController()
 7 SYSTEMPATH/CodeIgniter.php(349): CodeIgniter\CodeIgniter->handleRequest()
 8 FCPATH/index.php(55): CodeIgniter\CodeIgniter->run()
 9 SYSTEMPATH/Commands/Server/rewrite.php(43): require_once('FCPATH/index.php')
ERROR - 2022-07-10 09:59:28 --> Duplicate entry 'T01' for key 'PRIMARY'
CRITICAL - 2022-07-10 09:59:28 --> Duplicate entry 'T01' for key 'PRIMARY'
in SYSTEMPATH/Database/MySQLi/Connection.php on line 292.
 1 SYSTEMPATH/Database/MySQLi/Connection.php(292): mysqli->query()
 2 SYSTEMPATH/Database/BaseConnection.php(695): CodeIgniter\Database\MySQLi\Connection->execute()
 3 SYSTEMPATH/Database/BaseConnection.php(609): CodeIgniter\Database\BaseConnection->simpleQuery()
 4 SYSTEMPATH/Database/BaseBuilder.php(1904): CodeIgniter\Database\BaseConnection->query()
 5 SYSTEMPATH/Model.php(278): CodeIgniter\Database\BaseBuilder->insert()
 6 SYSTEMPATH/BaseModel.php(738): CodeIgniter\Model->doInsert()
 7 SYSTEMPATH/Model.php(666): CodeIgniter\BaseModel->insert()
 8 APPPATH/Controllers/Api/Barang.php(52): CodeIgniter\Model->insert()
 9 SYSTEMPATH/CodeIgniter.php(896): App\Controllers\Api\Barang->create()
10 SYSTEMPATH/CodeIgniter.php(466): CodeIgniter\CodeIgniter->runController()
11 SYSTEMPATH/CodeIgniter.php(349): CodeIgniter\CodeIgniter->handleRequest()
12 FCPATH/index.php(55): CodeIgniter\CodeIgniter->run()
13 SYSTEMPATH/Commands/Server/rewrite.php(43): require_once('FCPATH/index.php')
ERROR - 2022-07-10 10:00:49 --> Duplicate entry 'T01' for key 'PRIMARY'
CRITICAL - 2022-07-10 10:00:49 --> Duplicate entry 'T01' for key 'PRIMARY'
in SYSTEMPATH/Database/MySQLi/Connection.php on line 292.
 1 SYSTEMPATH/Database/MySQLi/Connection.php(292): mysqli->query()
 2 SYSTEMPATH/Database/BaseConnection.php(695): CodeIgniter\Database\MySQLi\Connection->execute()
 3 SYSTEMPATH/Database/BaseConnection.php(609): CodeIgniter\Database\BaseConnection->simpleQuery()
 4 SYSTEMPATH/Database/BaseBuilder.php(1904): CodeIgniter\Database\BaseConnection->query()
 5 SYSTEMPATH/Model.php(278): CodeIgniter\Database\BaseBuilder->insert()
 6 SYSTEMPATH/BaseModel.php(738): CodeIgniter\Model->doInsert()
 7 SYSTEMPATH/Model.php(666): CodeIgniter\BaseModel->insert()
 8 APPPATH/Controllers/Api/Barang.php(52): CodeIgniter\Model->insert()
 9 SYSTEMPATH/CodeIgniter.php(896): App\Controllers\Api\Barang->create()
10 SYSTEMPATH/CodeIgniter.php(466): CodeIgniter\CodeIgniter->runController()
11 SYSTEMPATH/CodeIgniter.php(349): CodeIgniter\CodeIgniter->handleRequest()
12 FCPATH/index.php(55): CodeIgniter\CodeIgniter->run()
13 SYSTEMPATH/Commands/Server/rewrite.php(43): require_once('FCPATH/index.php')
ERROR - 2022-07-10 10:01:21 --> Duplicate entry 'T01' for key 'PRIMARY'
CRITICAL - 2022-07-10 10:01:21 --> Duplicate entry 'T01' for key 'PRIMARY'
in SYSTEMPATH/Database/MySQLi/Connection.php on line 292.
 1 SYSTEMPATH/Database/MySQLi/Connection.php(292): mysqli->query()
 2 SYSTEMPATH/Database/BaseConnection.php(695): CodeIgniter\Database\MySQLi\Connection->execute()
 3 SYSTEMPATH/Database/BaseConnection.php(609): CodeIgniter\Database\BaseConnection->simpleQuery()
 4 SYSTEMPATH/Database/BaseBuilder.php(1904): CodeIgniter\Database\BaseConnection->query()
 5 SYSTEMPATH/Model.php(278): CodeIgniter\Database\BaseBuilder->insert()
 6 SYSTEMPATH/BaseModel.php(738): CodeIgniter\Model->doInsert()
 7 SYSTEMPATH/Model.php(666): CodeIgniter\BaseModel->insert()
 8 APPPATH/Controllers/Api/Barang.php(52): CodeIgniter\Model->insert()
 9 SYSTEMPATH/CodeIgniter.php(896): App\Controllers\Api\Barang->create()
10 SYSTEMPATH/CodeIgniter.php(466): CodeIgniter\CodeIgniter->runController()
11 SYSTEMPATH/CodeIgniter.php(349): CodeIgniter\CodeIgniter->handleRequest()
12 FCPATH/index.php(55): CodeIgniter\CodeIgniter->run()
13 SYSTEMPATH/Commands/Server/rewrite.php(43): require_once('FCPATH/index.php')
ERROR - 2022-07-10 10:01:28 --> Duplicate entry 'T01' for key 'PRIMARY'
CRITICAL - 2022-07-10 10:01:28 --> Duplicate entry 'T01' for key 'PRIMARY'
in SYSTEMPATH/Database/MySQLi/Connection.php on line 292.
 1 SYSTEMPATH/Database/MySQLi/Connection.php(292): mysqli->query()
 2 SYSTEMPATH/Database/BaseConnection.php(695): CodeIgniter\Database\MySQLi\Connection->execute()
 3 SYSTEMPATH/Database/BaseConnection.php(609): CodeIgniter\Database\BaseConnection->simpleQuery()
 4 SYSTEMPATH/Database/BaseBuilder.php(1904): CodeIgniter\Database\BaseConnection->query()
 5 SYSTEMPATH/Model.php(278): CodeIgniter\Database\BaseBuilder->insert()
 6 SYSTEMPATH/BaseModel.php(738): CodeIgniter\Model->doInsert()
 7 SYSTEMPATH/Model.php(666): CodeIgniter\BaseModel->insert()
 8 APPPATH/Controllers/Api/Barang.php(52): CodeIgniter\Model->insert()
 9 SYSTEMPATH/CodeIgniter.php(896): App\Controllers\Api\Barang->create()
10 SYSTEMPATH/CodeIgniter.php(466): CodeIgniter\CodeIgniter->runController()
11 SYSTEMPATH/CodeIgniter.php(349): CodeIgniter\CodeIgniter->handleRequest()
12 FCPATH/index.php(55): CodeIgniter\CodeIgniter->run()
13 SYSTEMPATH/Commands/Server/rewrite.php(43): require_once('FCPATH/index.php')
ERROR - 2022-07-10 10:03:11 --> Cannot add or update a child row: a foreign key constraint fails (`gudang`.`table_barang`, CONSTRAINT `table_barang_kategori_foreign` FOREIGN KEY (`kategori`) REFERENCES `table_kategori` (`id`))
CRITICAL - 2022-07-10 10:03:11 --> Cannot add or update a child row: a foreign key constraint fails (`gudang`.`table_barang`, CONSTRAINT `table_barang_kategori_foreign` FOREIGN KEY (`kategori`) REFERENCES `table_kategori` (`id`))
in SYSTEMPATH/Database/MySQLi/Connection.php on line 292.
 1 SYSTEMPATH/Database/MySQLi/Connection.php(292): mysqli->query()
 2 SYSTEMPATH/Database/BaseConnection.php(695): CodeIgniter\Database\MySQLi\Connection->execute()
 3 SYSTEMPATH/Database/BaseConnection.php(609): CodeIgniter\Database\BaseConnection->simpleQuery()
 4 SYSTEMPATH/Database/BaseBuilder.php(1904): CodeIgniter\Database\BaseConnection->query()
 5 SYSTEMPATH/Model.php(278): CodeIgniter\Database\BaseBuilder->insert()
 6 SYSTEMPATH/BaseModel.php(738): CodeIgniter\Model->doInsert()
 7 SYSTEMPATH/Model.php(666): CodeIgniter\BaseModel->insert()
 8 SYSTEMPATH/BaseModel.php(658): CodeIgniter\Model->insert()
 9 APPPATH/Controllers/Api/Barang.php(104): CodeIgniter\BaseModel->save()
10 SYSTEMPATH/CodeIgniter.php(896): App\Controllers\Api\Barang->delete()
11 SYSTEMPATH/CodeIgniter.php(466): CodeIgniter\CodeIgniter->runController()
12 SYSTEMPATH/CodeIgniter.php(349): CodeIgniter\CodeIgniter->handleRequest()
13 FCPATH/index.php(55): CodeIgniter\CodeIgniter->run()
14 SYSTEMPATH/Commands/Server/rewrite.php(43): require_once('FCPATH/index.php')
ERROR - 2022-07-10 10:07:54 --> Duplicate entry 'T03' for key 'PRIMARY'
CRITICAL - 2022-07-10 10:07:54 --> Duplicate entry 'T03' for key 'PRIMARY'
in SYSTEMPATH/Database/MySQLi/Connection.php on line 292.
 1 SYSTEMPATH/Database/MySQLi/Connection.php(292): mysqli->query()
 2 SYSTEMPATH/Database/BaseConnection.php(695): CodeIgniter\Database\MySQLi\Connection->execute()
 3 SYSTEMPATH/Database/BaseConnection.php(609): CodeIgniter\Database\BaseConnection->simpleQuery()
 4 SYSTEMPATH/Database/BaseBuilder.php(1904): CodeIgniter\Database\BaseConnection->query()
 5 SYSTEMPATH/Model.php(278): CodeIgniter\Database\BaseBuilder->insert()
 6 SYSTEMPATH/BaseModel.php(738): CodeIgniter\Model->doInsert()
 7 SYSTEMPATH/Model.php(666): CodeIgniter\BaseModel->insert()
 8 SYSTEMPATH/BaseModel.php(658): CodeIgniter\Model->insert()
 9 APPPATH/Controllers/Api/Barang.php(80): CodeIgniter\BaseModel->save()
10 SYSTEMPATH/CodeIgniter.php(896): App\Controllers\Api\Barang->update()
11 SYSTEMPATH/CodeIgniter.php(466): CodeIgniter\CodeIgniter->runController()
12 SYSTEMPATH/CodeIgniter.php(349): CodeIgniter\CodeIgniter->handleRequest()
13 FCPATH/index.php(55): CodeIgniter\CodeIgniter->run()
14 SYSTEMPATH/Commands/Server/rewrite.php(43): require_once('FCPATH/index.php')
CRITICAL - 2022-07-10 10:11:08 --> There is no data to update.
in SYSTEMPATH/BaseModel.php on line 1576.
 1 SYSTEMPATH/BaseModel.php(1576): CodeIgniter\Database\Exceptions\DataException::forEmptyDataset()
 2 SYSTEMPATH/BaseModel.php(832): CodeIgniter\BaseModel->transformDataToArray()
 3 SYSTEMPATH/Model.php(692): CodeIgniter\BaseModel->update()
 4 APPPATH/Controllers/Api/Barang.php(80): CodeIgniter\Model->update()
 5 SYSTEMPATH/CodeIgniter.php(896): App\Controllers\Api\Barang->update()
 6 SYSTEMPATH/CodeIgniter.php(466): CodeIgniter\CodeIgniter->runController()
 7 SYSTEMPATH/CodeIgniter.php(349): CodeIgniter\CodeIgniter->handleRequest()
 8 FCPATH/index.php(55): CodeIgniter\CodeIgniter->run()
 9 SYSTEMPATH/Commands/Server/rewrite.php(43): require_once('FCPATH/index.php')
CRITICAL - 2022-07-10 10:12:56 --> There is no data to update.
in SYSTEMPATH/BaseModel.php on line 1576.
 1 SYSTEMPATH/BaseModel.php(1576): CodeIgniter\Database\Exceptions\DataException::forEmptyDataset()
 2 SYSTEMPATH/BaseModel.php(832): CodeIgniter\BaseModel->transformDataToArray()
 3 SYSTEMPATH/Model.php(692): CodeIgniter\BaseModel->update()
 4 APPPATH/Controllers/Api/Barang.php(80): CodeIgniter\Model->update()
 5 SYSTEMPATH/CodeIgniter.php(896): App\Controllers\Api\Barang->update()
 6 SYSTEMPATH/CodeIgniter.php(466): CodeIgniter\CodeIgniter->runController()
 7 SYSTEMPATH/CodeIgniter.php(349): CodeIgniter\CodeIgniter->handleRequest()
 8 FCPATH/index.php(55): CodeIgniter\CodeIgniter->run()
 9 SYSTEMPATH/Commands/Server/rewrite.php(43): require_once('FCPATH/index.php')
CRITICAL - 2022-07-10 10:14:37 --> There is no data to update.
in SYSTEMPATH/BaseModel.php on line 1576.
 1 SYSTEMPATH/BaseModel.php(1576): CodeIgniter\Database\Exceptions\DataException::forEmptyDataset()
 2 SYSTEMPATH/BaseModel.php(832): CodeIgniter\BaseModel->transformDataToArray()
 3 SYSTEMPATH/Model.php(692): CodeIgniter\BaseModel->update()
 4 APPPATH/Controllers/Api/Barang.php(80): CodeIgniter\Model->update()
 5 SYSTEMPATH/CodeIgniter.php(896): App\Controllers\Api\Barang->update()
 6 SYSTEMPATH/CodeIgniter.php(466): CodeIgniter\CodeIgniter->runController()
 7 SYSTEMPATH/CodeIgniter.php(349): CodeIgniter\CodeIgniter->handleRequest()
 8 FCPATH/index.php(55): CodeIgniter\CodeIgniter->run()
 9 SYSTEMPATH/Commands/Server/rewrite.php(43): require_once('FCPATH/index.php')
ERROR - 2022-07-10 10:41:13 --> Column 'is_deleted' in where clause is ambiguous
CRITICAL - 2022-07-10 10:41:13 --> Column 'is_deleted' in where clause is ambiguous
in SYSTEMPATH/Database/MySQLi/Connection.php on line 292.
 1 SYSTEMPATH/Database/MySQLi/Connection.php(292): mysqli->query()
 2 SYSTEMPATH/Database/BaseConnection.php(695): CodeIgniter\Database\MySQLi\Connection->execute()
 3 SYSTEMPATH/Database/BaseConnection.php(609): CodeIgniter\Database\BaseConnection->simpleQuery()
 4 SYSTEMPATH/Database/BaseBuilder.php(1585): CodeIgniter\Database\BaseConnection->query()
 5 APPPATH/Models/BarangModel.php(25): CodeIgniter\Database\BaseBuilder->get()
 6 APPPATH/Controllers/Api/Barang.php(18): App\Models\BarangModel->getBarang()
 7 SYSTEMPATH/CodeIgniter.php(896): App\Controllers\Api\Barang->index()
 8 SYSTEMPATH/CodeIgniter.php(466): CodeIgniter\CodeIgniter->runController()
 9 SYSTEMPATH/CodeIgniter.php(349): CodeIgniter\CodeIgniter->handleRequest()
10 FCPATH/index.php(55): CodeIgniter\CodeIgniter->run()
11 SYSTEMPATH/Commands/Server/rewrite.php(43): require_once('FCPATH/index.php')
ERROR - 2022-07-10 10:43:21 --> Duplicate entry 'P01' for key 'PRIMARY'
CRITICAL - 2022-07-10 10:43:21 --> Duplicate entry 'P01' for key 'PRIMARY'
in SYSTEMPATH/Database/MySQLi/Connection.php on line 292.
 1 SYSTEMPATH/Database/MySQLi/Connection.php(292): mysqli->query()
 2 SYSTEMPATH/Database/BaseConnection.php(695): CodeIgniter\Database\MySQLi\Connection->execute()
 3 SYSTEMPATH/Database/BaseConnection.php(609): CodeIgniter\Database\BaseConnection->simpleQuery()
 4 SYSTEMPATH/Database/BaseBuilder.php(1904): CodeIgniter\Database\BaseConnection->query()
 5 SYSTEMPATH/Model.php(278): CodeIgniter\Database\BaseBuilder->insert()
 6 SYSTEMPATH/BaseModel.php(738): CodeIgniter\Model->doInsert()
 7 SYSTEMPATH/Model.php(666): CodeIgniter\BaseModel->insert()
 8 APPPATH/Controllers/Api/Barang.php(52): CodeIgniter\Model->insert()
 9 SYSTEMPATH/CodeIgniter.php(896): App\Controllers\Api\Barang->create()
10 SYSTEMPATH/CodeIgniter.php(466): CodeIgniter\CodeIgniter->runController()
11 SYSTEMPATH/CodeIgniter.php(349): CodeIgniter\CodeIgniter->handleRequest()
12 FCPATH/index.php(55): CodeIgniter\CodeIgniter->run()
13 SYSTEMPATH/Commands/Server/rewrite.php(43): require_once('FCPATH/index.php')
